Nothing to build in platform 'Signal_Souce_Control_BD_wrapper'

14:29:41 **** Incremental Build of configuration Debug for project Signal_Source_Control_App ****
make all 
'Building file: ../src/main.c'
'Invoking: MicroBlaze gcc compiler'
mb-gcc -Wall -O0 -g3 -c -fmessage-length=0 -MT"src/main.o" -ID:/DMTS/MOLIT_Shoe_Schaner/Development/FPGA/Signal_Source_Control/Vitis/Signal_Souce_Control_BD_wrapper/export/Signal_Souce_Control_BD_wrapper/sw/Signal_Souce_Control_BD_wrapper/standalone_microblaze_0/bspinclude/include -mlittle-endian -mcpu=v11.0 -mxl-soft-mul -Wl,--no-relax -ffunction-sections -fdata-sections -MMD -MP -MF"src/main.d" -MT"src/main.o" -o "src/main.o" "../src/main.c"
../src/main.c: In function 'main':
../src/main.c:46:5: warning: implicit declaration of function 'init_axi_gpio' [-Wimplicit-function-declaration]
   46 |     init_axi_gpio(&GpioTxEn, &GpioLed);
      |     ^~~~~~~~~~~~~
../src/main.c:60:9: warning: unused variable 'ptr' [-Wunused-variable]
   60 |     u8 *ptr = RecvBuffer;
      |         ^~~
../src/main.c:59:10: warning: unused variable 'before_menu' [-Wunused-variable]
   59 |     char before_menu = 0;
      |          ^~~~~~~~~~~
../src/main.c:58:10: warning: unused variable 'menu_print_out_flag' [-Wunused-variable]
   58 |     char menu_print_out_flag = 0;
      |          ^~~~~~~~~~~~~~~~~~~
../src/main.c:57:9: warning: unused variable 'Index' [-Wunused-variable]
   57 |     int Index;
      |         ^~~~~
../src/main.c:56:9: warning: unused variable 'cnt' [-Wunused-variable]
   56 |     int cnt = 0;
      |         ^~~
../src/main.c:54:18: warning: unused variable 'ReceivedCount' [-Wunused-variable]
   54 |     unsigned int ReceivedCount = 0;
      |                  ^~~~~~~~~~~~~
../src/main.c:53:18: warning: unused variable 'SentCount' [-Wunused-variable]
   53 |     unsigned int SentCount;
      |                  ^~~~~~~~~
../src/main.c:51:9: warning: unused variable 'status' [-Wunused-variable]
   51 |     int status;
      |         ^~~~~~
../src/main.c:50:8: warning: unused variable 'send_data' [-Wunused-variable]
   50 |     u8 send_data = 'A';
      |        ^~~~~~~~~
../src/main.c:49:8: warning: unused variable 'recv_data' [-Wunused-variable]
   49 |     u8 recv_data;
      |        ^~~~~~~~~
../src/main.c:43:9: warning: unused variable 'txen_flag' [-Wunused-variable]
   43 |     int txen_flag = 0;
      |         ^~~~~~~~~
At top level:
../src/main.c:33:14: warning: 'Intc2' defined but not used [-Wunused-variable]
   33 | static XIntc Intc2;
      |              ^~~~~
'Finished building: ../src/main.c'
' '
'Building target: Signal_Source_Control_App.elf'
'Invoking: MicroBlaze gcc linker'
mb-gcc -Wl,-T -Wl,../src/lscript.ld -LD:/DMTS/MOLIT_Shoe_Schaner/Development/FPGA/Signal_Source_Control/Vitis/Signal_Souce_Control_BD_wrapper/export/Signal_Souce_Control_BD_wrapper/sw/Signal_Souce_Control_BD_wrapper/standalone_microblaze_0/bsplib/lib -mlittle-endian -mcpu=v11.0 -mxl-soft-mul -Wl,--no-relax -Wl,--gc-sections -o "Signal_Source_Control_App.elf"  ./src/AD9164_FMC.o ./src/init_arr.o ./src/main.o ./src/platform.o   -Wl,--start-group,-lxil,-lgcc,-lc,--end-group
'Finished building target: Signal_Source_Control_App.elf'
' '
'Invoking: MicroBlaze Print Size'
mb-size Signal_Source_Control_App.elf  |tee "Signal_Source_Control_App.elf.size"
   text	   data	    bss	    dec	    hex	filename
  23664	   1664	   3616	  28944	   7110	Signal_Source_Control_App.elf
'Finished building: Signal_Source_Control_App.elf.size'
' '
