TRACE::2023-04-14.15:25:14::SCWPlatform::Trying to open the hw design at D:/DMTS/MOLIT_Shoe_Schaner/Development/FPGA/Signal_Source_Control/Vitis/Signal_Souce_Control_BD_wrapper/hw/Signal_Souce_Control_BD_wrapper.xsa
TRACE::2023-04-14.15:25:14::SCWPlatform::DSA given D:/DMTS/MOLIT_Shoe_Schaner/Development/FPGA/Signal_Source_Control/Vitis/Signal_Souce_Control_BD_wrapper/hw/Signal_Souce_Control_BD_wrapper.xsa
TRACE::2023-04-14.15:25:14::SCWPlatform::DSA absoulate path D:/DMTS/MOLIT_Shoe_Schaner/Development/FPGA/Signal_Source_Control/Vitis/Signal_Souce_Control_BD_wrapper/hw/Signal_Souce_Control_BD_wrapper.xsa
TRACE::2023-04-14.15:25:14::SCWPlatform::DSA directory D:/DMTS/MOLIT_Shoe_Schaner/Development/FPGA/Signal_Source_Control/Vitis/Signal_Souce_Control_BD_wrapper/hw
TRACE::2023-04-14.15:25:14::SCWPlatform:: Platform Path D:/DMTS/MOLIT_Shoe_Schaner/Development/FPGA/Signal_Source_Control/Vitis/Signal_Souce_Control_BD_wrapper/hw/Signal_Souce_Control_BD_wrapper.xsa
TRACE::2023-04-14.15:25:14::SCWPlatform:: Unique name xilinx:kcu116::0.0
TRACE::2023-04-14.15:25:14::SCWPlatform::Do not have an existing db opened. 
TRACE::2023-04-14.15:25:14::SCWPlatform::Opened new HwDB with name Signal_Souce_Control_BD_wrapper_0
TRACE::2023-04-14.15:25:14::SCWWriter::formatted JSON is {
	"platformName":	"Signal_Souce_Control_BD_wrapper",
	"sprVersion":	"2.0",
	"mode":	"gui",
	"dsaType":	"Fixed",
	"platformDesc":	"Signal_Souce_Control_BD_wrapper",
	"platHandOff":	"D:/DMTS/MOLIT_Shoe_Schaner/Development/FPGA/Signal_Source_Control/Vivado/Signal_Souce_Control_BD_wrapper.xsa",
	"platIntHandOff":	"<platformDir>/hw/Signal_Souce_Control_BD_wrapper.xsa",
	"deviceType":	"FPGA",
	"platIsPrebuiltAutogen":	"false",
	"platIsNoBootBsp":	"false",
	"hasFsblMakeHasChanges":	"false",
	"hasPmufwMakeHasChanges":	"false",
	"platPreBuiltFlag":	false,
	"platformSamplesDir":	""
}
TRACE::2023-04-14.15:25:14::SCWWriter::formatted JSON is {
	"platformName":	"Signal_Souce_Control_BD_wrapper",
	"sprVersion":	"2.0",
	"mode":	"gui",
	"dsaType":	"Fixed",
	"platformDesc":	"Signal_Souce_Control_BD_wrapper",
	"platHandOff":	"D:/DMTS/MOLIT_Shoe_Schaner/Development/FPGA/Signal_Source_Control/Vivado/Signal_Souce_Control_BD_wrapper.xsa",
	"platIntHandOff":	"<platformDir>/hw/Signal_Souce_Control_BD_wrapper.xsa",
	"deviceType":	"FPGA",
	"platIsPrebuiltAutogen":	"false",
	"platIsNoBootBsp":	"false",
	"hasFsblMakeHasChanges":	"false",
	"hasPmufwMakeHasChanges":	"false",
	"platPreBuiltFlag":	false,
	"platformSamplesDir":	"",
	"platActiveSys":	"Signal_Souce_Control_BD_wrapper",
	"systems":	[{
			"systemName":	"Signal_Souce_Control_BD_wrapper",
			"systemDesc":	"Signal_Souce_Control_BD_wrapper",
			"sysIsBootAutoGen":	"true",
			"systemDispName":	"Signal_Souce_Control_BD_wrapper"
		}]
}
TRACE::2023-04-14.15:25:14::SCWPlatform::Boot application domains not present, creating them
TRACE::2023-04-14.15:25:14::SCWPlatform::Pure FPGA device, no boot application will be created.
TRACE::2023-04-14.15:25:14::SCWWriter::formatted JSON is {
	"platformName":	"Signal_Souce_Control_BD_wrapper",
	"sprVersion":	"2.0",
	"mode":	"gui",
	"dsaType":	"Fixed",
	"platformDesc":	"Signal_Souce_Control_BD_wrapper",
	"platHandOff":	"D:/DMTS/MOLIT_Shoe_Schaner/Development/FPGA/Signal_Source_Control/Vivado/Signal_Souce_Control_BD_wrapper.xsa",
	"platIntHandOff":	"<platformDir>/hw/Signal_Souce_Control_BD_wrapper.xsa",
	"deviceType":	"FPGA",
	"platIsPrebuiltAutogen":	"false",
	"platIsNoBootBsp":	"false",
	"hasFsblMakeHasChanges":	"false",
	"hasPmufwMakeHasChanges":	"false",
	"platPreBuiltFlag":	false,
	"platformSamplesDir":	"",
	"platActiveSys":	"Signal_Souce_Control_BD_wrapper",
	"systems":	[{
			"systemName":	"Signal_Souce_Control_BD_wrapper",
			"systemDesc":	"Signal_Souce_Control_BD_wrapper",
			"sysIsBootAutoGen":	"true",
			"systemDispName":	"Signal_Souce_Control_BD_wrapper"
		}]
}
TRACE::2023-04-14.15:25:14::SCWWriter::formatted JSON is {
	"platformName":	"Signal_Souce_Control_BD_wrapper",
	"sprVersion":	"2.0",
	"mode":	"gui",
	"dsaType":	"Fixed",
	"platformDesc":	"Signal_Souce_Control_BD_wrapper",
	"platHandOff":	"D:/DMTS/MOLIT_Shoe_Schaner/Development/FPGA/Signal_Source_Control/Vivado/Signal_Souce_Control_BD_wrapper.xsa",
	"platIntHandOff":	"<platformDir>/hw/Signal_Souce_Control_BD_wrapper.xsa",
	"deviceType":	"FPGA",
	"platIsPrebuiltAutogen":	"false",
	"platIsNoBootBsp":	"false",
	"hasFsblMakeHasChanges":	"false",
	"hasPmufwMakeHasChanges":	"false",
	"platPreBuiltFlag":	false,
	"platformSamplesDir":	"",
	"platActiveSys":	"Signal_Souce_Control_BD_wrapper",
	"systems":	[{
			"systemName":	"Signal_Souce_Control_BD_wrapper",
			"systemDesc":	"Signal_Souce_Control_BD_wrapper",
			"sysIsBootAutoGen":	"true",
			"systemDispName":	"Signal_Souce_Control_BD_wrapper"
		}]
}
TRACE::2023-04-14.15:25:14::SCWPlatform::Trying to open the hw design at D:/DMTS/MOLIT_Shoe_Schaner/Development/FPGA/Signal_Source_Control/Vitis/Signal_Souce_Control_BD_wrapper/hw/Signal_Souce_Control_BD_wrapper.xsa
TRACE::2023-04-14.15:25:14::SCWPlatform::DSA given D:/DMTS/MOLIT_Shoe_Schaner/Development/FPGA/Signal_Source_Control/Vitis/Signal_Souce_Control_BD_wrapper/hw/Signal_Souce_Control_BD_wrapper.xsa
TRACE::2023-04-14.15:25:14::SCWPlatform::DSA absoulate path D:/DMTS/MOLIT_Shoe_Schaner/Development/FPGA/Signal_Source_Control/Vitis/Signal_Souce_Control_BD_wrapper/hw/Signal_Souce_Control_BD_wrapper.xsa
TRACE::2023-04-14.15:25:14::SCWPlatform::DSA directory D:/DMTS/MOLIT_Shoe_Schaner/Development/FPGA/Signal_Source_Control/Vitis/Signal_Souce_Control_BD_wrapper/hw
TRACE::2023-04-14.15:25:14::SCWPlatform:: Platform Path D:/DMTS/MOLIT_Shoe_Schaner/Development/FPGA/Signal_Source_Control/Vitis/Signal_Souce_Control_BD_wrapper/hw/Signal_Souce_Control_BD_wrapper.xsa
TRACE::2023-04-14.15:25:14::SCWPlatform:: Unique name xilinx:kcu116::0.0
TRACE::2023-04-14.15:25:14::SCWPlatform::Trying to set the existing hwdb with name Signal_Souce_Control_BD_wrapper_0
TRACE::2023-04-14.15:25:14::SCWPlatform::Opened existing hwdb Signal_Souce_Control_BD_wrapper_0
TRACE::2023-04-14.15:25:14::SCWPlatform::Found the Hw Db part of the input DSA
TRACE::2023-04-14.15:25:14::SCWPlatform::Trying to open the hw design at D:/DMTS/MOLIT_Shoe_Schaner/Development/FPGA/Signal_Source_Control/Vitis/Signal_Souce_Control_BD_wrapper/hw/Signal_Souce_Control_BD_wrapper.xsa
TRACE::2023-04-14.15:25:14::SCWPlatform::DSA given D:/DMTS/MOLIT_Shoe_Schaner/Development/FPGA/Signal_Source_Control/Vitis/Signal_Souce_Control_BD_wrapper/hw/Signal_Souce_Control_BD_wrapper.xsa
TRACE::2023-04-14.15:25:14::SCWPlatform::DSA absoulate path D:/DMTS/MOLIT_Shoe_Schaner/Development/FPGA/Signal_Source_Control/Vitis/Signal_Souce_Control_BD_wrapper/hw/Signal_Souce_Control_BD_wrapper.xsa
TRACE::2023-04-14.15:25:14::SCWPlatform::DSA directory D:/DMTS/MOLIT_Shoe_Schaner/Development/FPGA/Signal_Source_Control/Vitis/Signal_Souce_Control_BD_wrapper/hw
TRACE::2023-04-14.15:25:14::SCWPlatform:: Platform Path D:/DMTS/MOLIT_Shoe_Schaner/Development/FPGA/Signal_Source_Control/Vitis/Signal_Souce_Control_BD_wrapper/hw/Signal_Souce_Control_BD_wrapper.xsa
TRACE::2023-04-14.15:25:14::SCWPlatform:: Unique name xilinx:kcu116::0.0
TRACE::2023-04-14.15:25:14::SCWPlatform::Trying to set the existing hwdb with name Signal_Souce_Control_BD_wrapper_0
TRACE::2023-04-14.15:25:14::SCWPlatform::Opened existing hwdb Signal_Souce_Control_BD_wrapper_0
TRACE::2023-04-14.15:25:14::SCWPlatform::Found the Hw Db part of the input DSA
TRACE::2023-04-14.15:25:14::SCWDomain::checking for install qemu data   : 
TRACE::2023-04-14.15:25:14::SCWPlatform::Trying to open the hw design at D:/DMTS/MOLIT_Shoe_Schaner/Development/FPGA/Signal_Source_Control/Vitis/Signal_Souce_Control_BD_wrapper/hw/Signal_Souce_Control_BD_wrapper.xsa
TRACE::2023-04-14.15:25:14::SCWPlatform::DSA given D:/DMTS/MOLIT_Shoe_Schaner/Development/FPGA/Signal_Source_Control/Vitis/Signal_Souce_Control_BD_wrapper/hw/Signal_Souce_Control_BD_wrapper.xsa
TRACE::2023-04-14.15:25:14::SCWPlatform::DSA absoulate path D:/DMTS/MOLIT_Shoe_Schaner/Development/FPGA/Signal_Source_Control/Vitis/Signal_Souce_Control_BD_wrapper/hw/Signal_Souce_Control_BD_wrapper.xsa
TRACE::2023-04-14.15:25:14::SCWPlatform::DSA directory D:/DMTS/MOLIT_Shoe_Schaner/Development/FPGA/Signal_Source_Control/Vitis/Signal_Souce_Control_BD_wrapper/hw
TRACE::2023-04-14.15:25:14::SCWPlatform:: Platform Path D:/DMTS/MOLIT_Shoe_Schaner/Development/FPGA/Signal_Source_Control/Vitis/Signal_Souce_Control_BD_wrapper/hw/Signal_Souce_Control_BD_wrapper.xsa
TRACE::2023-04-14.15:25:14::SCWPlatform:: Unique name xilinx:kcu116::0.0
TRACE::2023-04-14.15:25:14::SCWPlatform::Trying to set the existing hwdb with name Signal_Souce_Control_BD_wrapper_0
TRACE::2023-04-14.15:25:14::SCWPlatform::Opened existing hwdb Signal_Souce_Control_BD_wrapper_0
TRACE::2023-04-14.15:25:14::SCWPlatform::Found the Hw Db part of the input DSA
TRACE::2023-04-14.15:25:14::SCWPlatform::Trying to open the hw design at D:/DMTS/MOLIT_Shoe_Schaner/Development/FPGA/Signal_Source_Control/Vitis/Signal_Souce_Control_BD_wrapper/hw/Signal_Souce_Control_BD_wrapper.xsa
TRACE::2023-04-14.15:25:14::SCWPlatform::DSA given D:/DMTS/MOLIT_Shoe_Schaner/Development/FPGA/Signal_Source_Control/Vitis/Signal_Souce_Control_BD_wrapper/hw/Signal_Souce_Control_BD_wrapper.xsa
TRACE::2023-04-14.15:25:14::SCWPlatform::DSA absoulate path D:/DMTS/MOLIT_Shoe_Schaner/Development/FPGA/Signal_Source_Control/Vitis/Signal_Souce_Control_BD_wrapper/hw/Signal_Souce_Control_BD_wrapper.xsa
TRACE::2023-04-14.15:25:14::SCWPlatform::DSA directory D:/DMTS/MOLIT_Shoe_Schaner/Development/FPGA/Signal_Source_Control/Vitis/Signal_Souce_Control_BD_wrapper/hw
TRACE::2023-04-14.15:25:14::SCWPlatform:: Platform Path D:/DMTS/MOLIT_Shoe_Schaner/Development/FPGA/Signal_Source_Control/Vitis/Signal_Souce_Control_BD_wrapper/hw/Signal_Souce_Control_BD_wrapper.xsa
TRACE::2023-04-14.15:25:14::SCWPlatform:: Unique name xilinx:kcu116::0.0
TRACE::2023-04-14.15:25:14::SCWPlatform::Trying to set the existing hwdb with name Signal_Souce_Control_BD_wrapper_0
TRACE::2023-04-14.15:25:14::SCWPlatform::Opened existing hwdb Signal_Souce_Control_BD_wrapper_0
TRACE::2023-04-14.15:25:14::SCWPlatform::Found the Hw Db part of the input DSA
TRACE::2023-04-14.15:25:14::SCWPlatform::Trying to open the hw design at D:/DMTS/MOLIT_Shoe_Schaner/Development/FPGA/Signal_Source_Control/Vitis/Signal_Souce_Control_BD_wrapper/hw/Signal_Souce_Control_BD_wrapper.xsa
TRACE::2023-04-14.15:25:14::SCWPlatform::DSA given D:/DMTS/MOLIT_Shoe_Schaner/Development/FPGA/Signal_Source_Control/Vitis/Signal_Souce_Control_BD_wrapper/hw/Signal_Souce_Control_BD_wrapper.xsa
TRACE::2023-04-14.15:25:14::SCWPlatform::DSA absoulate path D:/DMTS/MOLIT_Shoe_Schaner/Development/FPGA/Signal_Source_Control/Vitis/Signal_Souce_Control_BD_wrapper/hw/Signal_Souce_Control_BD_wrapper.xsa
TRACE::2023-04-14.15:25:14::SCWPlatform::DSA directory D:/DMTS/MOLIT_Shoe_Schaner/Development/FPGA/Signal_Source_Control/Vitis/Signal_Souce_Control_BD_wrapper/hw
TRACE::2023-04-14.15:25:14::SCWPlatform:: Platform Path D:/DMTS/MOLIT_Shoe_Schaner/Development/FPGA/Signal_Source_Control/Vitis/Signal_Souce_Control_BD_wrapper/hw/Signal_Souce_Control_BD_wrapper.xsa
TRACE::2023-04-14.15:25:14::SCWPlatform:: Unique name xilinx:kcu116::0.0
TRACE::2023-04-14.15:25:14::SCWPlatform::Trying to set the existing hwdb with name Signal_Souce_Control_BD_wrapper_0
TRACE::2023-04-14.15:25:14::SCWPlatform::Opened existing hwdb Signal_Souce_Control_BD_wrapper_0
TRACE::2023-04-14.15:25:14::SCWPlatform::Found the Hw Db part of the input DSA
TRACE::2023-04-14.15:25:14::SCWMssOS::Checking the sw design at  D:/DMTS/MOLIT_Shoe_Schaner/Development/FPGA/Signal_Source_Control/Vitis/Signal_Souce_Control_BD_wrapper/microblaze_0/standalone_microblaze_0/bsp/system.mss
TRACE::2023-04-14.15:25:14::SCWMssOS::DEBUG:  swdes dump  
TRACE::2023-04-14.15:25:14::SCWMssOS::No sw design opened at  D:/DMTS/MOLIT_Shoe_Schaner/Development/FPGA/Signal_Source_Control/Vitis/Signal_Souce_Control_BD_wrapper/microblaze_0/standalone_microblaze_0/bsp/system.mss
TRACE::2023-04-14.15:25:14::SCWMssOS::mss does not exists at D:/DMTS/MOLIT_Shoe_Schaner/Development/FPGA/Signal_Source_Control/Vitis/Signal_Souce_Control_BD_wrapper/microblaze_0/standalone_microblaze_0/bsp/system.mss
TRACE::2023-04-14.15:25:14::SCWMssOS::Creating sw design at  D:/DMTS/MOLIT_Shoe_Schaner/Development/FPGA/Signal_Source_Control/Vitis/Signal_Souce_Control_BD_wrapper/microblaze_0/standalone_microblaze_0/bsp/system.mss
TRACE::2023-04-14.15:25:14::SCWMssOS::Adding the swdes entry, created swdb D:/DMTS/MOLIT_Shoe_Schaner/Development/FPGA/Signal_Source_Control/Vitis/Signal_Souce_Control_BD_wrapper/microblaze_0/standalone_microblaze_0/bsp/system.mss with des name D:/DMTS/MOLIT_Shoe_Schaner/Development/FPGA/Signal_Source_Control/Vitis/Signal_Souce_Control_BD_wrapper/microblaze_0/standalone_microblaze_0/bsp/system.mss
TRACE::2023-04-14.15:25:14::SCWMssOS::updating the scw layer changes to swdes at   D:/DMTS/MOLIT_Shoe_Schaner/Development/FPGA/Signal_Source_Control/Vitis/Signal_Souce_Control_BD_wrapper/microblaze_0/standalone_microblaze_0/bsp/system.mss
TRACE::2023-04-14.15:25:14::SCWMssOS::Writing mss at D:/DMTS/MOLIT_Shoe_Schaner/Development/FPGA/Signal_Source_Control/Vitis/Signal_Souce_Control_BD_wrapper/microblaze_0/standalone_microblaze_0/bsp/system.mss
TRACE::2023-04-14.15:25:14::SCWMssOS::Completed writing the mss file at D:/DMTS/MOLIT_Shoe_Schaner/Development/FPGA/Signal_Source_Control/Vitis/Signal_Souce_Control_BD_wrapper/microblaze_0/standalone_microblaze_0/bsp
TRACE::2023-04-14.15:25:14::SCWMssOS::Picking up changes from newly written mss file into SCW Layer. 
TRACE::2023-04-14.15:25:14::SCWMssOS::Updated the changes from newly written mss file into SCW Layer. 
TRACE::2023-04-14.15:25:14::SCWMssOS::Completed writing the mss file at D:/DMTS/MOLIT_Shoe_Schaner/Development/FPGA/Signal_Source_Control/Vitis/Signal_Souce_Control_BD_wrapper/microblaze_0/standalone_microblaze_0/bsp
TRACE::2023-04-14.15:25:14::SCWMssOS::Forcing BSP Sources regeneration.
TRACE::2023-04-14.15:25:16::SCWMssOS::Saving the mss changes D:/DMTS/MOLIT_Shoe_Schaner/Development/FPGA/Signal_Source_Control/Vitis/Signal_Souce_Control_BD_wrapper/microblaze_0/standalone_microblaze_0/bsp/system.mss
TRACE::2023-04-14.15:25:16::SCWMssOS::Adding the swdes entry, mss present, able to open swdb D:/DMTS/MOLIT_Shoe_Schaner/Development/FPGA/Signal_Source_Control/Vitis/Signal_Souce_Control_BD_wrapper/microblaze_0/standalone_microblaze_0/bsp/system.mss with des name system
TRACE::2023-04-14.15:25:16::SCWMssOS::Writing the mss file completed D:/DMTS/MOLIT_Shoe_Schaner/Development/FPGA/Signal_Source_Control/Vitis/Signal_Souce_Control_BD_wrapper/microblaze_0/standalone_microblaze_0/bsp/system.mss
TRACE::2023-04-14.15:25:16::SCWMssOS::Commit changes completed.
TRACE::2023-04-14.15:25:16::SCWPlatform::Trying to open the hw design at D:/DMTS/MOLIT_Shoe_Schaner/Development/FPGA/Signal_Source_Control/Vitis/Signal_Souce_Control_BD_wrapper/hw/Signal_Souce_Control_BD_wrapper.xsa
TRACE::2023-04-14.15:25:16::SCWPlatform::DSA given D:/DMTS/MOLIT_Shoe_Schaner/Development/FPGA/Signal_Source_Control/Vitis/Signal_Souce_Control_BD_wrapper/hw/Signal_Souce_Control_BD_wrapper.xsa
TRACE::2023-04-14.15:25:16::SCWPlatform::DSA absoulate path D:/DMTS/MOLIT_Shoe_Schaner/Development/FPGA/Signal_Source_Control/Vitis/Signal_Souce_Control_BD_wrapper/hw/Signal_Souce_Control_BD_wrapper.xsa
TRACE::2023-04-14.15:25:16::SCWPlatform::DSA directory D:/DMTS/MOLIT_Shoe_Schaner/Development/FPGA/Signal_Source_Control/Vitis/Signal_Souce_Control_BD_wrapper/hw
TRACE::2023-04-14.15:25:16::SCWPlatform:: Platform Path D:/DMTS/MOLIT_Shoe_Schaner/Development/FPGA/Signal_Source_Control/Vitis/Signal_Souce_Control_BD_wrapper/hw/Signal_Souce_Control_BD_wrapper.xsa
TRACE::2023-04-14.15:25:16::SCWPlatform:: Unique name xilinx:kcu116::0.0
TRACE::2023-04-14.15:25:16::SCWPlatform::Trying to set the existing hwdb with name Signal_Souce_Control_BD_wrapper_0
TRACE::2023-04-14.15:25:16::SCWPlatform::Opened existing hwdb Signal_Souce_Control_BD_wrapper_0
TRACE::2023-04-14.15:25:16::SCWPlatform::Found the Hw Db part of the input DSA
TRACE::2023-04-14.15:25:16::SCWMssOS::Checking the sw design at  D:/DMTS/MOLIT_Shoe_Schaner/Development/FPGA/Signal_Source_Control/Vitis/Signal_Souce_Control_BD_wrapper/microblaze_0/standalone_microblaze_0/bsp/system.mss
TRACE::2023-04-14.15:25:16::SCWMssOS::DEBUG:  swdes dump  D:/DMTS/MOLIT_Shoe_Schaner/Development/FPGA/Signal_Source_Control/Vitis/Signal_Souce_Control_BD_wrapper/microblaze_0/standalone_microblaze_0/bsp/system.mss|system||

TRACE::2023-04-14.15:25:16::SCWMssOS::Sw design exists and opened at  D:/DMTS/MOLIT_Shoe_Schaner/Development/FPGA/Signal_Source_Control/Vitis/Signal_Souce_Control_BD_wrapper/microblaze_0/standalone_microblaze_0/bsp/system.mss
TRACE::2023-04-14.15:25:16::SCWPlatform::Trying to open the hw design at D:/DMTS/MOLIT_Shoe_Schaner/Development/FPGA/Signal_Source_Control/Vitis/Signal_Souce_Control_BD_wrapper/hw/Signal_Souce_Control_BD_wrapper.xsa
TRACE::2023-04-14.15:25:16::SCWPlatform::DSA given D:/DMTS/MOLIT_Shoe_Schaner/Development/FPGA/Signal_Source_Control/Vitis/Signal_Souce_Control_BD_wrapper/hw/Signal_Souce_Control_BD_wrapper.xsa
TRACE::2023-04-14.15:25:16::SCWPlatform::DSA absoulate path D:/DMTS/MOLIT_Shoe_Schaner/Development/FPGA/Signal_Source_Control/Vitis/Signal_Souce_Control_BD_wrapper/hw/Signal_Souce_Control_BD_wrapper.xsa
TRACE::2023-04-14.15:25:16::SCWPlatform::DSA directory D:/DMTS/MOLIT_Shoe_Schaner/Development/FPGA/Signal_Source_Control/Vitis/Signal_Souce_Control_BD_wrapper/hw
TRACE::2023-04-14.15:25:16::SCWPlatform:: Platform Path D:/DMTS/MOLIT_Shoe_Schaner/Development/FPGA/Signal_Source_Control/Vitis/Signal_Souce_Control_BD_wrapper/hw/Signal_Souce_Control_BD_wrapper.xsa
TRACE::2023-04-14.15:25:16::SCWPlatform:: Unique name xilinx:kcu116::0.0
TRACE::2023-04-14.15:25:16::SCWPlatform::Trying to set the existing hwdb with name Signal_Souce_Control_BD_wrapper_0
TRACE::2023-04-14.15:25:16::SCWPlatform::Opened existing hwdb Signal_Souce_Control_BD_wrapper_0
TRACE::2023-04-14.15:25:16::SCWPlatform::Found the Hw Db part of the input DSA
TRACE::2023-04-14.15:25:16::SCWMssOS::Checking the sw design at  D:/DMTS/MOLIT_Shoe_Schaner/Development/FPGA/Signal_Source_Control/Vitis/Signal_Souce_Control_BD_wrapper/microblaze_0/standalone_microblaze_0/bsp/system.mss
TRACE::2023-04-14.15:25:16::SCWMssOS::DEBUG:  swdes dump  D:/DMTS/MOLIT_Shoe_Schaner/Development/FPGA/Signal_Source_Control/Vitis/Signal_Souce_Control_BD_wrapper/microblaze_0/standalone_microblaze_0/bsp/system.mss|system||

TRACE::2023-04-14.15:25:16::SCWMssOS::Sw design exists and opened at  D:/DMTS/MOLIT_Shoe_Schaner/Development/FPGA/Signal_Source_Control/Vitis/Signal_Souce_Control_BD_wrapper/microblaze_0/standalone_microblaze_0/bsp/system.mss
TRACE::2023-04-14.15:25:16::SCWPlatform::Trying to open the hw design at D:/DMTS/MOLIT_Shoe_Schaner/Development/FPGA/Signal_Source_Control/Vitis/Signal_Souce_Control_BD_wrapper/hw/Signal_Souce_Control_BD_wrapper.xsa
TRACE::2023-04-14.15:25:16::SCWPlatform::DSA given D:/DMTS/MOLIT_Shoe_Schaner/Development/FPGA/Signal_Source_Control/Vitis/Signal_Souce_Control_BD_wrapper/hw/Signal_Souce_Control_BD_wrapper.xsa
TRACE::2023-04-14.15:25:17::SCWPlatform::DSA absoulate path D:/DMTS/MOLIT_Shoe_Schaner/Development/FPGA/Signal_Source_Control/Vitis/Signal_Souce_Control_BD_wrapper/hw/Signal_Souce_Control_BD_wrapper.xsa
TRACE::2023-04-14.15:25:17::SCWPlatform::DSA directory D:/DMTS/MOLIT_Shoe_Schaner/Development/FPGA/Signal_Source_Control/Vitis/Signal_Souce_Control_BD_wrapper/hw
TRACE::2023-04-14.15:25:17::SCWPlatform:: Platform Path D:/DMTS/MOLIT_Shoe_Schaner/Development/FPGA/Signal_Source_Control/Vitis/Signal_Souce_Control_BD_wrapper/hw/Signal_Souce_Control_BD_wrapper.xsa
TRACE::2023-04-14.15:25:17::SCWPlatform:: Unique name xilinx:kcu116::0.0
TRACE::2023-04-14.15:25:17::SCWPlatform::Trying to set the existing hwdb with name Signal_Souce_Control_BD_wrapper_0
TRACE::2023-04-14.15:25:17::SCWPlatform::Opened existing hwdb Signal_Souce_Control_BD_wrapper_0
TRACE::2023-04-14.15:25:17::SCWPlatform::Found the Hw Db part of the input DSA
TRACE::2023-04-14.15:25:17::SCWMssOS::Checking the sw design at  D:/DMTS/MOLIT_Shoe_Schaner/Development/FPGA/Signal_Source_Control/Vitis/Signal_Souce_Control_BD_wrapper/microblaze_0/standalone_microblaze_0/bsp/system.mss
TRACE::2023-04-14.15:25:17::SCWMssOS::DEBUG:  swdes dump  D:/DMTS/MOLIT_Shoe_Schaner/Development/FPGA/Signal_Source_Control/Vitis/Signal_Souce_Control_BD_wrapper/microblaze_0/standalone_microblaze_0/bsp/system.mss|system||

TRACE::2023-04-14.15:25:17::SCWMssOS::Sw design exists and opened at  D:/DMTS/MOLIT_Shoe_Schaner/Development/FPGA/Signal_Source_Control/Vitis/Signal_Souce_Control_BD_wrapper/microblaze_0/standalone_microblaze_0/bsp/system.mss
TRACE::2023-04-14.15:25:17::SCWWriter::formatted JSON is {
	"platformName":	"Signal_Souce_Control_BD_wrapper",
	"sprVersion":	"2.0",
	"mode":	"gui",
	"dsaType":	"Fixed",
	"platformDesc":	"Signal_Souce_Control_BD_wrapper",
	"platHandOff":	"D:/DMTS/MOLIT_Shoe_Schaner/Development/FPGA/Signal_Source_Control/Vivado/Signal_Souce_Control_BD_wrapper.xsa",
	"platIntHandOff":	"<platformDir>/hw/Signal_Souce_Control_BD_wrapper.xsa",
	"deviceType":	"FPGA",
	"platIsPrebuiltAutogen":	"false",
	"platIsNoBootBsp":	"false",
	"hasFsblMakeHasChanges":	"false",
	"hasPmufwMakeHasChanges":	"false",
	"platPreBuiltFlag":	false,
	"platformSamplesDir":	"",
	"platActiveSys":	"Signal_Souce_Control_BD_wrapper",
	"systems":	[{
			"systemName":	"Signal_Souce_Control_BD_wrapper",
			"systemDesc":	"Signal_Souce_Control_BD_wrapper",
			"sysIsBootAutoGen":	"true",
			"systemDispName":	"Signal_Souce_Control_BD_wrapper",
			"sysActiveDom":	"standalone_microblaze_0",
			"sysDefaultDom":	"standalone_microblaze_0",
			"domains":	[{
					"domainName":	"standalone_microblaze_0",
					"domainDispName":	"standalone_microblaze_0",
					"domainDesc":	"standalone_microblaze_0",
					"processors":	"microblaze_0",
					"os":	"standalone",
					"sdxOs":	"standalone",
					"debugEnable":	"False",
					"domRuntimes":	["cpp"],
					"swRepo":	"",
					"mssOsVer":	"8.0",
					"mssFile":	"",
					"md5Digest":	"30604a5d9ca7fdbc87447875060a8862",
					"compatibleApp":	"hello_world",
					"domType":	"mssDomain",
					"arch":	"32-bit",
					"appSettings":	{
						"appCompilerFlags":	"",
						"appLinkerFlags":	""
					},
					"addedLibs":	[],
					"libOptions":	{
						"libsContainingOptions":	[]
					},
					"prebuiltLibs":	{
						"prebuiltIncPath":	[],
						"prebuiltLibPath":	[]
					},
					"isolation":	{
					}
				}]
		}]
}
LOG::2023-04-14.15:25:17::SCWPlatform::Started generating the artifacts platform Signal_Souce_Control_BD_wrapper
TRACE::2023-04-14.15:25:17::SCWPlatform::Sanity checking of platform is completed
LOG::2023-04-14.15:25:17::SCWPlatform::Started generating the artifacts for system configuration Signal_Souce_Control_BD_wrapper
LOG::2023-04-14.15:25:17::SCWSystem::Checking the domain standalone_microblaze_0
LOG::2023-04-14.15:25:17::SCWSystem::Not a boot domain 
LOG::2023-04-14.15:25:17::SCWSystem::Started Processing the domain standalone_microblaze_0
TRACE::2023-04-14.15:25:17::SCWDomain::Generating domain artifcats
TRACE::2023-04-14.15:25:17::SCWMssOS::Generating standalone artifcats
TRACE::2023-04-14.15:25:17::SCWMssOS:: Copying the user libraries. 
TRACE::2023-04-14.15:25:17::SCWPlatform::Trying to open the hw design at D:/DMTS/MOLIT_Shoe_Schaner/Development/FPGA/Signal_Source_Control/Vitis/Signal_Souce_Control_BD_wrapper/hw/Signal_Souce_Control_BD_wrapper.xsa
TRACE::2023-04-14.15:25:17::SCWPlatform::DSA given D:/DMTS/MOLIT_Shoe_Schaner/Development/FPGA/Signal_Source_Control/Vitis/Signal_Souce_Control_BD_wrapper/hw/Signal_Souce_Control_BD_wrapper.xsa
TRACE::2023-04-14.15:25:17::SCWPlatform::DSA absoulate path D:/DMTS/MOLIT_Shoe_Schaner/Development/FPGA/Signal_Source_Control/Vitis/Signal_Souce_Control_BD_wrapper/hw/Signal_Souce_Control_BD_wrapper.xsa
TRACE::2023-04-14.15:25:17::SCWPlatform::DSA directory D:/DMTS/MOLIT_Shoe_Schaner/Development/FPGA/Signal_Source_Control/Vitis/Signal_Souce_Control_BD_wrapper/hw
TRACE::2023-04-14.15:25:17::SCWPlatform:: Platform Path D:/DMTS/MOLIT_Shoe_Schaner/Development/FPGA/Signal_Source_Control/Vitis/Signal_Souce_Control_BD_wrapper/hw/Signal_Souce_Control_BD_wrapper.xsa
TRACE::2023-04-14.15:25:17::SCWPlatform:: Unique name xilinx:kcu116::0.0
TRACE::2023-04-14.15:25:17::SCWPlatform::Trying to set the existing hwdb with name Signal_Souce_Control_BD_wrapper_0
TRACE::2023-04-14.15:25:17::SCWPlatform::Opened existing hwdb Signal_Souce_Control_BD_wrapper_0
TRACE::2023-04-14.15:25:17::SCWPlatform::Found the Hw Db part of the input DSA
TRACE::2023-04-14.15:25:17::SCWMssOS::Checking the sw design at  D:/DMTS/MOLIT_Shoe_Schaner/Development/FPGA/Signal_Source_Control/Vitis/Signal_Souce_Control_BD_wrapper/microblaze_0/standalone_microblaze_0/bsp/system.mss
TRACE::2023-04-14.15:25:17::SCWMssOS::DEBUG:  swdes dump  D:/DMTS/MOLIT_Shoe_Schaner/Development/FPGA/Signal_Source_Control/Vitis/Signal_Souce_Control_BD_wrapper/microblaze_0/standalone_microblaze_0/bsp/system.mss|system||

TRACE::2023-04-14.15:25:17::SCWMssOS::Sw design exists and opened at  D:/DMTS/MOLIT_Shoe_Schaner/Development/FPGA/Signal_Source_Control/Vitis/Signal_Souce_Control_BD_wrapper/microblaze_0/standalone_microblaze_0/bsp/system.mss
TRACE::2023-04-14.15:25:17::SCWMssOS::Completed writing the mss file at D:/DMTS/MOLIT_Shoe_Schaner/Development/FPGA/Signal_Source_Control/Vitis/Signal_Souce_Control_BD_wrapper/microblaze_0/standalone_microblaze_0/bsp
TRACE::2023-04-14.15:25:17::SCWMssOS::Mss edits present, copying mssfile into export location D:/DMTS/MOLIT_Shoe_Schaner/Development/FPGA/Signal_Source_Control/Vitis/Signal_Souce_Control_BD_wrapper/microblaze_0/standalone_microblaze_0/bsp/system.mss
TRACE::2023-04-14.15:25:17::SCWMssOS::bsp generated is upto date with the mss file. Skipping bsp generation.
TRACE::2023-04-14.15:25:17::SCWMssOS::BSP is already built. skipping the bsp build ... 
TRACE::2023-04-14.15:25:17::SCWDomain::Skipping the build for domain :  standalone_microblaze_0
TRACE::2023-04-14.15:25:17::SCWMssOS::skipping the bsp build ... 
TRACE::2023-04-14.15:25:17::SCWMssOS::Copying to export directory.
TRACE::2023-04-14.15:25:17::SCWMssOS:: Checking if to create the Supporting Applications
TRACE::2023-04-14.15:25:17::SCWMssOS:: No Linux domain exists, trying to generate FSBL 
LOG::2023-04-14.15:25:17::SCWSystem::Completed Processing the domain standalone_microblaze_0
LOG::2023-04-14.15:25:17::SCWSystem::Completed Processing the sysconfig Signal_Souce_Control_BD_wrapper
LOG::2023-04-14.15:25:17::SCWPlatform::Completed generating the artifacts for system configuration Signal_Souce_Control_BD_wrapper
TRACE::2023-04-14.15:25:17::SCWPlatform::Started preparing the platform 
TRACE::2023-04-14.15:25:17::SCWSystem::Writing the bif file for system config Signal_Souce_Control_BD_wrapper
TRACE::2023-04-14.15:25:17::SCWSystem::dir created 
TRACE::2023-04-14.15:25:17::SCWSystem::Writing the bif 
TRACE::2023-04-14.15:25:17::SCWPlatform::Started writing the spfm file 
TRACE::2023-04-14.15:25:17::SCWPlatform::Started writing the xpfm file 
TRACE::2023-04-14.15:25:17::SCWPlatform::Completed generating the platform
TRACE::2023-04-14.15:25:17::SCWMssOS::Saving the mss changes D:/DMTS/MOLIT_Shoe_Schaner/Development/FPGA/Signal_Source_Control/Vitis/Signal_Souce_Control_BD_wrapper/microblaze_0/standalone_microblaze_0/bsp/system.mss
TRACE::2023-04-14.15:25:17::SCWMssOS::Found a swdesign opened with the mssfile.
TRACE::2023-04-14.15:25:17::SCWMssOS::Completed writemss as part of save.
TRACE::2023-04-14.15:25:17::SCWMssOS::Commit changes completed.
TRACE::2023-04-14.15:25:17::SCWPlatform::Trying to open the hw design at D:/DMTS/MOLIT_Shoe_Schaner/Development/FPGA/Signal_Source_Control/Vitis/Signal_Souce_Control_BD_wrapper/hw/Signal_Souce_Control_BD_wrapper.xsa
TRACE::2023-04-14.15:25:17::SCWPlatform::DSA given D:/DMTS/MOLIT_Shoe_Schaner/Development/FPGA/Signal_Source_Control/Vitis/Signal_Souce_Control_BD_wrapper/hw/Signal_Souce_Control_BD_wrapper.xsa
TRACE::2023-04-14.15:25:17::SCWPlatform::DSA absoulate path D:/DMTS/MOLIT_Shoe_Schaner/Development/FPGA/Signal_Source_Control/Vitis/Signal_Souce_Control_BD_wrapper/hw/Signal_Souce_Control_BD_wrapper.xsa
TRACE::2023-04-14.15:25:17::SCWPlatform::DSA directory D:/DMTS/MOLIT_Shoe_Schaner/Development/FPGA/Signal_Source_Control/Vitis/Signal_Souce_Control_BD_wrapper/hw
TRACE::2023-04-14.15:25:17::SCWPlatform:: Platform Path D:/DMTS/MOLIT_Shoe_Schaner/Development/FPGA/Signal_Source_Control/Vitis/Signal_Souce_Control_BD_wrapper/hw/Signal_Souce_Control_BD_wrapper.xsa
TRACE::2023-04-14.15:25:17::SCWPlatform:: Unique name xilinx:kcu116::0.0
TRACE::2023-04-14.15:25:17::SCWPlatform::Trying to set the existing hwdb with name Signal_Souce_Control_BD_wrapper_0
TRACE::2023-04-14.15:25:17::SCWPlatform::Opened existing hwdb Signal_Souce_Control_BD_wrapper_0
TRACE::2023-04-14.15:25:17::SCWPlatform::Found the Hw Db part of the input DSA
TRACE::2023-04-14.15:25:17::SCWMssOS::Checking the sw design at  D:/DMTS/MOLIT_Shoe_Schaner/Development/FPGA/Signal_Source_Control/Vitis/Signal_Souce_Control_BD_wrapper/microblaze_0/standalone_microblaze_0/bsp/system.mss
TRACE::2023-04-14.15:25:17::SCWMssOS::DEBUG:  swdes dump  D:/DMTS/MOLIT_Shoe_Schaner/Development/FPGA/Signal_Source_Control/Vitis/Signal_Souce_Control_BD_wrapper/microblaze_0/standalone_microblaze_0/bsp/system.mss|system||

TRACE::2023-04-14.15:25:17::SCWMssOS::Sw design exists and opened at  D:/DMTS/MOLIT_Shoe_Schaner/Development/FPGA/Signal_Source_Control/Vitis/Signal_Souce_Control_BD_wrapper/microblaze_0/standalone_microblaze_0/bsp/system.mss
TRACE::2023-04-14.15:25:17::SCWPlatform::Trying to open the hw design at D:/DMTS/MOLIT_Shoe_Schaner/Development/FPGA/Signal_Source_Control/Vitis/Signal_Souce_Control_BD_wrapper/hw/Signal_Souce_Control_BD_wrapper.xsa
TRACE::2023-04-14.15:25:17::SCWPlatform::DSA given D:/DMTS/MOLIT_Shoe_Schaner/Development/FPGA/Signal_Source_Control/Vitis/Signal_Souce_Control_BD_wrapper/hw/Signal_Souce_Control_BD_wrapper.xsa
TRACE::2023-04-14.15:25:17::SCWPlatform::DSA absoulate path D:/DMTS/MOLIT_Shoe_Schaner/Development/FPGA/Signal_Source_Control/Vitis/Signal_Souce_Control_BD_wrapper/hw/Signal_Souce_Control_BD_wrapper.xsa
TRACE::2023-04-14.15:25:17::SCWPlatform::DSA directory D:/DMTS/MOLIT_Shoe_Schaner/Development/FPGA/Signal_Source_Control/Vitis/Signal_Souce_Control_BD_wrapper/hw
TRACE::2023-04-14.15:25:17::SCWPlatform:: Platform Path D:/DMTS/MOLIT_Shoe_Schaner/Development/FPGA/Signal_Source_Control/Vitis/Signal_Souce_Control_BD_wrapper/hw/Signal_Souce_Control_BD_wrapper.xsa
TRACE::2023-04-14.15:25:17::SCWPlatform:: Unique name xilinx:kcu116::0.0
TRACE::2023-04-14.15:25:17::SCWPlatform::Trying to set the existing hwdb with name Signal_Souce_Control_BD_wrapper_0
TRACE::2023-04-14.15:25:17::SCWPlatform::Opened existing hwdb Signal_Souce_Control_BD_wrapper_0
TRACE::2023-04-14.15:25:17::SCWPlatform::Found the Hw Db part of the input DSA
TRACE::2023-04-14.15:25:17::SCWMssOS::Checking the sw design at  D:/DMTS/MOLIT_Shoe_Schaner/Development/FPGA/Signal_Source_Control/Vitis/Signal_Souce_Control_BD_wrapper/microblaze_0/standalone_microblaze_0/bsp/system.mss
TRACE::2023-04-14.15:25:17::SCWMssOS::DEBUG:  swdes dump  D:/DMTS/MOLIT_Shoe_Schaner/Development/FPGA/Signal_Source_Control/Vitis/Signal_Souce_Control_BD_wrapper/microblaze_0/standalone_microblaze_0/bsp/system.mss|system||

TRACE::2023-04-14.15:25:17::SCWMssOS::Sw design exists and opened at  D:/DMTS/MOLIT_Shoe_Schaner/Development/FPGA/Signal_Source_Control/Vitis/Signal_Souce_Control_BD_wrapper/microblaze_0/standalone_microblaze_0/bsp/system.mss
TRACE::2023-04-14.15:25:17::SCWPlatform::Trying to open the hw design at D:/DMTS/MOLIT_Shoe_Schaner/Development/FPGA/Signal_Source_Control/Vitis/Signal_Souce_Control_BD_wrapper/hw/Signal_Souce_Control_BD_wrapper.xsa
TRACE::2023-04-14.15:25:17::SCWPlatform::DSA given D:/DMTS/MOLIT_Shoe_Schaner/Development/FPGA/Signal_Source_Control/Vitis/Signal_Souce_Control_BD_wrapper/hw/Signal_Souce_Control_BD_wrapper.xsa
TRACE::2023-04-14.15:25:17::SCWPlatform::DSA absoulate path D:/DMTS/MOLIT_Shoe_Schaner/Development/FPGA/Signal_Source_Control/Vitis/Signal_Souce_Control_BD_wrapper/hw/Signal_Souce_Control_BD_wrapper.xsa
TRACE::2023-04-14.15:25:17::SCWPlatform::DSA directory D:/DMTS/MOLIT_Shoe_Schaner/Development/FPGA/Signal_Source_Control/Vitis/Signal_Souce_Control_BD_wrapper/hw
TRACE::2023-04-14.15:25:17::SCWPlatform:: Platform Path D:/DMTS/MOLIT_Shoe_Schaner/Development/FPGA/Signal_Source_Control/Vitis/Signal_Souce_Control_BD_wrapper/hw/Signal_Souce_Control_BD_wrapper.xsa
TRACE::2023-04-14.15:25:17::SCWPlatform:: Unique name xilinx:kcu116::0.0
TRACE::2023-04-14.15:25:17::SCWPlatform::Trying to set the existing hwdb with name Signal_Souce_Control_BD_wrapper_0
TRACE::2023-04-14.15:25:17::SCWPlatform::Opened existing hwdb Signal_Souce_Control_BD_wrapper_0
TRACE::2023-04-14.15:25:17::SCWPlatform::Found the Hw Db part of the input DSA
TRACE::2023-04-14.15:25:17::SCWMssOS::Checking the sw design at  D:/DMTS/MOLIT_Shoe_Schaner/Development/FPGA/Signal_Source_Control/Vitis/Signal_Souce_Control_BD_wrapper/microblaze_0/standalone_microblaze_0/bsp/system.mss
TRACE::2023-04-14.15:25:17::SCWMssOS::DEBUG:  swdes dump  D:/DMTS/MOLIT_Shoe_Schaner/Development/FPGA/Signal_Source_Control/Vitis/Signal_Souce_Control_BD_wrapper/microblaze_0/standalone_microblaze_0/bsp/system.mss|system||

TRACE::2023-04-14.15:25:17::SCWMssOS::Sw design exists and opened at  D:/DMTS/MOLIT_Shoe_Schaner/Development/FPGA/Signal_Source_Control/Vitis/Signal_Souce_Control_BD_wrapper/microblaze_0/standalone_microblaze_0/bsp/system.mss
TRACE::2023-04-14.15:25:17::SCWWriter::formatted JSON is {
	"platformName":	"Signal_Souce_Control_BD_wrapper",
	"sprVersion":	"2.0",
	"mode":	"gui",
	"dsaType":	"Fixed",
	"platformDesc":	"Signal_Souce_Control_BD_wrapper",
	"platHandOff":	"D:/DMTS/MOLIT_Shoe_Schaner/Development/FPGA/Signal_Source_Control/Vivado/Signal_Souce_Control_BD_wrapper.xsa",
	"platIntHandOff":	"<platformDir>/hw/Signal_Souce_Control_BD_wrapper.xsa",
	"deviceType":	"FPGA",
	"platIsPrebuiltAutogen":	"false",
	"platIsNoBootBsp":	"false",
	"hasFsblMakeHasChanges":	"false",
	"hasPmufwMakeHasChanges":	"false",
	"platPreBuiltFlag":	false,
	"platformSamplesDir":	"",
	"platActiveSys":	"Signal_Souce_Control_BD_wrapper",
	"systems":	[{
			"systemName":	"Signal_Souce_Control_BD_wrapper",
			"systemDesc":	"Signal_Souce_Control_BD_wrapper",
			"sysIsBootAutoGen":	"true",
			"systemDispName":	"Signal_Souce_Control_BD_wrapper",
			"sysActiveDom":	"standalone_microblaze_0",
			"sysDefaultDom":	"standalone_microblaze_0",
			"domains":	[{
					"domainName":	"standalone_microblaze_0",
					"domainDispName":	"standalone_microblaze_0",
					"domainDesc":	"standalone_microblaze_0",
					"processors":	"microblaze_0",
					"os":	"standalone",
					"sdxOs":	"standalone",
					"debugEnable":	"False",
					"domRuntimes":	["cpp"],
					"swRepo":	"",
					"mssOsVer":	"8.0",
					"mssFile":	"",
					"md5Digest":	"30604a5d9ca7fdbc87447875060a8862",
					"compatibleApp":	"hello_world",
					"domType":	"mssDomain",
					"arch":	"32-bit",
					"appSettings":	{
						"appCompilerFlags":	"",
						"appLinkerFlags":	""
					},
					"addedLibs":	[],
					"libOptions":	{
						"libsContainingOptions":	[]
					},
					"prebuiltLibs":	{
						"prebuiltIncPath":	[],
						"prebuiltLibPath":	[]
					},
					"isolation":	{
					}
				}]
		}]
}
KEYINFO::2023-04-14.15:25:17::SCWPlatform::updated the xpfm file.
TRACE::2023-04-14.15:25:17::SCWPlatform::Trying to open the hw design at D:/DMTS/MOLIT_Shoe_Schaner/Development/FPGA/Signal_Source_Control/Vitis/Signal_Souce_Control_BD_wrapper/hw/Signal_Souce_Control_BD_wrapper.xsa
TRACE::2023-04-14.15:25:17::SCWPlatform::DSA given D:/DMTS/MOLIT_Shoe_Schaner/Development/FPGA/Signal_Source_Control/Vitis/Signal_Souce_Control_BD_wrapper/hw/Signal_Souce_Control_BD_wrapper.xsa
TRACE::2023-04-14.15:25:17::SCWPlatform::DSA absoulate path D:/DMTS/MOLIT_Shoe_Schaner/Development/FPGA/Signal_Source_Control/Vitis/Signal_Souce_Control_BD_wrapper/hw/Signal_Souce_Control_BD_wrapper.xsa
TRACE::2023-04-14.15:25:17::SCWPlatform::DSA directory D:/DMTS/MOLIT_Shoe_Schaner/Development/FPGA/Signal_Source_Control/Vitis/Signal_Souce_Control_BD_wrapper/hw
TRACE::2023-04-14.15:25:17::SCWPlatform:: Platform Path D:/DMTS/MOLIT_Shoe_Schaner/Development/FPGA/Signal_Source_Control/Vitis/Signal_Souce_Control_BD_wrapper/hw/Signal_Souce_Control_BD_wrapper.xsa
TRACE::2023-04-14.15:25:17::SCWPlatform:: Unique name xilinx:kcu116::0.0
TRACE::2023-04-14.15:25:17::SCWPlatform::Trying to set the existing hwdb with name Signal_Souce_Control_BD_wrapper_0
TRACE::2023-04-14.15:25:17::SCWPlatform::Opened existing hwdb Signal_Souce_Control_BD_wrapper_0
TRACE::2023-04-14.15:25:17::SCWPlatform::Found the Hw Db part of the input DSA
TRACE::2023-04-14.15:25:17::SCWMssOS::Checking the sw design at  D:/DMTS/MOLIT_Shoe_Schaner/Development/FPGA/Signal_Source_Control/Vitis/Signal_Souce_Control_BD_wrapper/microblaze_0/standalone_microblaze_0/bsp/system.mss
TRACE::2023-04-14.15:25:17::SCWMssOS::DEBUG:  swdes dump  D:/DMTS/MOLIT_Shoe_Schaner/Development/FPGA/Signal_Source_Control/Vitis/Signal_Souce_Control_BD_wrapper/microblaze_0/standalone_microblaze_0/bsp/system.mss|system||

TRACE::2023-04-14.15:25:17::SCWMssOS::Sw design exists and opened at  D:/DMTS/MOLIT_Shoe_Schaner/Development/FPGA/Signal_Source_Control/Vitis/Signal_Souce_Control_BD_wrapper/microblaze_0/standalone_microblaze_0/bsp/system.mss
TRACE::2023-04-14.15:25:17::SCWMssOS::Saving the mss changes D:/DMTS/MOLIT_Shoe_Schaner/Development/FPGA/Signal_Source_Control/Vitis/Signal_Souce_Control_BD_wrapper/microblaze_0/standalone_microblaze_0/bsp/system.mss
TRACE::2023-04-14.15:25:17::SCWMssOS::Found a swdesign opened with the mssfile.
TRACE::2023-04-14.15:25:17::SCWMssOS::Completed writemss as part of save.
TRACE::2023-04-14.15:25:17::SCWMssOS::Commit changes completed.
TRACE::2023-04-14.15:25:17::SCWPlatform::Trying to open the hw design at D:/DMTS/MOLIT_Shoe_Schaner/Development/FPGA/Signal_Source_Control/Vitis/Signal_Souce_Control_BD_wrapper/hw/Signal_Souce_Control_BD_wrapper.xsa
TRACE::2023-04-14.15:25:17::SCWPlatform::DSA given D:/DMTS/MOLIT_Shoe_Schaner/Development/FPGA/Signal_Source_Control/Vitis/Signal_Souce_Control_BD_wrapper/hw/Signal_Souce_Control_BD_wrapper.xsa
TRACE::2023-04-14.15:25:17::SCWPlatform::DSA absoulate path D:/DMTS/MOLIT_Shoe_Schaner/Development/FPGA/Signal_Source_Control/Vitis/Signal_Souce_Control_BD_wrapper/hw/Signal_Souce_Control_BD_wrapper.xsa
TRACE::2023-04-14.15:25:17::SCWPlatform::DSA directory D:/DMTS/MOLIT_Shoe_Schaner/Development/FPGA/Signal_Source_Control/Vitis/Signal_Souce_Control_BD_wrapper/hw
TRACE::2023-04-14.15:25:17::SCWPlatform:: Platform Path D:/DMTS/MOLIT_Shoe_Schaner/Development/FPGA/Signal_Source_Control/Vitis/Signal_Souce_Control_BD_wrapper/hw/Signal_Souce_Control_BD_wrapper.xsa
TRACE::2023-04-14.15:25:17::SCWPlatform:: Unique name xilinx:kcu116::0.0
TRACE::2023-04-14.15:25:17::SCWPlatform::Trying to set the existing hwdb with name Signal_Souce_Control_BD_wrapper_0
TRACE::2023-04-14.15:25:17::SCWPlatform::Opened existing hwdb Signal_Souce_Control_BD_wrapper_0
TRACE::2023-04-14.15:25:17::SCWPlatform::Found the Hw Db part of the input DSA
TRACE::2023-04-14.15:25:17::SCWMssOS::Checking the sw design at  D:/DMTS/MOLIT_Shoe_Schaner/Development/FPGA/Signal_Source_Control/Vitis/Signal_Souce_Control_BD_wrapper/microblaze_0/standalone_microblaze_0/bsp/system.mss
TRACE::2023-04-14.15:25:17::SCWMssOS::DEBUG:  swdes dump  D:/DMTS/MOLIT_Shoe_Schaner/Development/FPGA/Signal_Source_Control/Vitis/Signal_Souce_Control_BD_wrapper/microblaze_0/standalone_microblaze_0/bsp/system.mss|system||

TRACE::2023-04-14.15:25:17::SCWMssOS::Sw design exists and opened at  D:/DMTS/MOLIT_Shoe_Schaner/Development/FPGA/Signal_Source_Control/Vitis/Signal_Souce_Control_BD_wrapper/microblaze_0/standalone_microblaze_0/bsp/system.mss
TRACE::2023-04-14.15:25:17::SCWPlatform::Trying to open the hw design at D:/DMTS/MOLIT_Shoe_Schaner/Development/FPGA/Signal_Source_Control/Vitis/Signal_Souce_Control_BD_wrapper/hw/Signal_Souce_Control_BD_wrapper.xsa
TRACE::2023-04-14.15:25:17::SCWPlatform::DSA given D:/DMTS/MOLIT_Shoe_Schaner/Development/FPGA/Signal_Source_Control/Vitis/Signal_Souce_Control_BD_wrapper/hw/Signal_Souce_Control_BD_wrapper.xsa
TRACE::2023-04-14.15:25:17::SCWPlatform::DSA absoulate path D:/DMTS/MOLIT_Shoe_Schaner/Development/FPGA/Signal_Source_Control/Vitis/Signal_Souce_Control_BD_wrapper/hw/Signal_Souce_Control_BD_wrapper.xsa
TRACE::2023-04-14.15:25:17::SCWPlatform::DSA directory D:/DMTS/MOLIT_Shoe_Schaner/Development/FPGA/Signal_Source_Control/Vitis/Signal_Souce_Control_BD_wrapper/hw
TRACE::2023-04-14.15:25:17::SCWPlatform:: Platform Path D:/DMTS/MOLIT_Shoe_Schaner/Development/FPGA/Signal_Source_Control/Vitis/Signal_Souce_Control_BD_wrapper/hw/Signal_Souce_Control_BD_wrapper.xsa
TRACE::2023-04-14.15:25:17::SCWPlatform:: Unique name xilinx:kcu116::0.0
TRACE::2023-04-14.15:25:17::SCWPlatform::Trying to set the existing hwdb with name Signal_Souce_Control_BD_wrapper_0
TRACE::2023-04-14.15:25:17::SCWPlatform::Opened existing hwdb Signal_Souce_Control_BD_wrapper_0
TRACE::2023-04-14.15:25:17::SCWPlatform::Found the Hw Db part of the input DSA
TRACE::2023-04-14.15:25:17::SCWMssOS::Checking the sw design at  D:/DMTS/MOLIT_Shoe_Schaner/Development/FPGA/Signal_Source_Control/Vitis/Signal_Souce_Control_BD_wrapper/microblaze_0/standalone_microblaze_0/bsp/system.mss
TRACE::2023-04-14.15:25:17::SCWMssOS::DEBUG:  swdes dump  D:/DMTS/MOLIT_Shoe_Schaner/Development/FPGA/Signal_Source_Control/Vitis/Signal_Souce_Control_BD_wrapper/microblaze_0/standalone_microblaze_0/bsp/system.mss|system||

TRACE::2023-04-14.15:25:17::SCWMssOS::Sw design exists and opened at  D:/DMTS/MOLIT_Shoe_Schaner/Development/FPGA/Signal_Source_Control/Vitis/Signal_Souce_Control_BD_wrapper/microblaze_0/standalone_microblaze_0/bsp/system.mss
TRACE::2023-04-14.15:25:17::SCWPlatform::Trying to open the hw design at D:/DMTS/MOLIT_Shoe_Schaner/Development/FPGA/Signal_Source_Control/Vitis/Signal_Souce_Control_BD_wrapper/hw/Signal_Souce_Control_BD_wrapper.xsa
TRACE::2023-04-14.15:25:17::SCWPlatform::DSA given D:/DMTS/MOLIT_Shoe_Schaner/Development/FPGA/Signal_Source_Control/Vitis/Signal_Souce_Control_BD_wrapper/hw/Signal_Souce_Control_BD_wrapper.xsa
TRACE::2023-04-14.15:25:17::SCWPlatform::DSA absoulate path D:/DMTS/MOLIT_Shoe_Schaner/Development/FPGA/Signal_Source_Control/Vitis/Signal_Souce_Control_BD_wrapper/hw/Signal_Souce_Control_BD_wrapper.xsa
TRACE::2023-04-14.15:25:17::SCWPlatform::DSA directory D:/DMTS/MOLIT_Shoe_Schaner/Development/FPGA/Signal_Source_Control/Vitis/Signal_Souce_Control_BD_wrapper/hw
TRACE::2023-04-14.15:25:17::SCWPlatform:: Platform Path D:/DMTS/MOLIT_Shoe_Schaner/Development/FPGA/Signal_Source_Control/Vitis/Signal_Souce_Control_BD_wrapper/hw/Signal_Souce_Control_BD_wrapper.xsa
TRACE::2023-04-14.15:25:17::SCWPlatform:: Unique name xilinx:kcu116::0.0
TRACE::2023-04-14.15:25:17::SCWPlatform::Trying to set the existing hwdb with name Signal_Souce_Control_BD_wrapper_0
TRACE::2023-04-14.15:25:17::SCWPlatform::Opened existing hwdb Signal_Souce_Control_BD_wrapper_0
TRACE::2023-04-14.15:25:17::SCWPlatform::Found the Hw Db part of the input DSA
TRACE::2023-04-14.15:25:17::SCWMssOS::Checking the sw design at  D:/DMTS/MOLIT_Shoe_Schaner/Development/FPGA/Signal_Source_Control/Vitis/Signal_Souce_Control_BD_wrapper/microblaze_0/standalone_microblaze_0/bsp/system.mss
TRACE::2023-04-14.15:25:17::SCWMssOS::DEBUG:  swdes dump  D:/DMTS/MOLIT_Shoe_Schaner/Development/FPGA/Signal_Source_Control/Vitis/Signal_Souce_Control_BD_wrapper/microblaze_0/standalone_microblaze_0/bsp/system.mss|system||

TRACE::2023-04-14.15:25:17::SCWMssOS::Sw design exists and opened at  D:/DMTS/MOLIT_Shoe_Schaner/Development/FPGA/Signal_Source_Control/Vitis/Signal_Souce_Control_BD_wrapper/microblaze_0/standalone_microblaze_0/bsp/system.mss
TRACE::2023-04-14.15:25:17::SCWWriter::formatted JSON is {
	"platformName":	"Signal_Souce_Control_BD_wrapper",
	"sprVersion":	"2.0",
	"mode":	"gui",
	"dsaType":	"Fixed",
	"platformDesc":	"Signal_Souce_Control_BD_wrapper",
	"platHandOff":	"D:/DMTS/MOLIT_Shoe_Schaner/Development/FPGA/Signal_Source_Control/Vivado/Signal_Souce_Control_BD_wrapper.xsa",
	"platIntHandOff":	"<platformDir>/hw/Signal_Souce_Control_BD_wrapper.xsa",
	"deviceType":	"FPGA",
	"platIsPrebuiltAutogen":	"false",
	"platIsNoBootBsp":	"false",
	"hasFsblMakeHasChanges":	"false",
	"hasPmufwMakeHasChanges":	"false",
	"platPreBuiltFlag":	false,
	"platformSamplesDir":	"",
	"platActiveSys":	"Signal_Souce_Control_BD_wrapper",
	"systems":	[{
			"systemName":	"Signal_Souce_Control_BD_wrapper",
			"systemDesc":	"Signal_Souce_Control_BD_wrapper",
			"sysIsBootAutoGen":	"true",
			"systemDispName":	"Signal_Souce_Control_BD_wrapper",
			"sysActiveDom":	"standalone_microblaze_0",
			"sysDefaultDom":	"standalone_microblaze_0",
			"domains":	[{
					"domainName":	"standalone_microblaze_0",
					"domainDispName":	"standalone_microblaze_0",
					"domainDesc":	"standalone_microblaze_0",
					"processors":	"microblaze_0",
					"os":	"standalone",
					"sdxOs":	"standalone",
					"debugEnable":	"False",
					"domRuntimes":	["cpp"],
					"swRepo":	"",
					"mssOsVer":	"8.0",
					"mssFile":	"",
					"md5Digest":	"30604a5d9ca7fdbc87447875060a8862",
					"compatibleApp":	"hello_world",
					"domType":	"mssDomain",
					"arch":	"32-bit",
					"appSettings":	{
						"appCompilerFlags":	"",
						"appLinkerFlags":	""
					},
					"addedLibs":	[],
					"libOptions":	{
						"libsContainingOptions":	[]
					},
					"prebuiltLibs":	{
						"prebuiltIncPath":	[],
						"prebuiltLibPath":	[]
					},
					"isolation":	{
					}
				}]
		}]
}
TRACE::2023-04-14.15:25:17::SCWPlatform::Trying to open the hw design at D:/DMTS/MOLIT_Shoe_Schaner/Development/FPGA/Signal_Source_Control/Vitis/Signal_Souce_Control_BD_wrapper/hw/Signal_Souce_Control_BD_wrapper.xsa
TRACE::2023-04-14.15:25:17::SCWPlatform::DSA given D:/DMTS/MOLIT_Shoe_Schaner/Development/FPGA/Signal_Source_Control/Vitis/Signal_Souce_Control_BD_wrapper/hw/Signal_Souce_Control_BD_wrapper.xsa
TRACE::2023-04-14.15:25:17::SCWPlatform::DSA absoulate path D:/DMTS/MOLIT_Shoe_Schaner/Development/FPGA/Signal_Source_Control/Vitis/Signal_Souce_Control_BD_wrapper/hw/Signal_Souce_Control_BD_wrapper.xsa
TRACE::2023-04-14.15:25:17::SCWPlatform::DSA directory D:/DMTS/MOLIT_Shoe_Schaner/Development/FPGA/Signal_Source_Control/Vitis/Signal_Souce_Control_BD_wrapper/hw
TRACE::2023-04-14.15:25:17::SCWPlatform:: Platform Path D:/DMTS/MOLIT_Shoe_Schaner/Development/FPGA/Signal_Source_Control/Vitis/Signal_Souce_Control_BD_wrapper/hw/Signal_Souce_Control_BD_wrapper.xsa
TRACE::2023-04-14.15:25:17::SCWPlatform:: Unique name xilinx:kcu116::0.0
TRACE::2023-04-14.15:25:17::SCWPlatform::Trying to set the existing hwdb with name Signal_Souce_Control_BD_wrapper_0
TRACE::2023-04-14.15:25:17::SCWPlatform::Opened existing hwdb Signal_Souce_Control_BD_wrapper_0
TRACE::2023-04-14.15:25:17::SCWPlatform::Found the Hw Db part of the input DSA
TRACE::2023-04-14.15:25:17::SCWMssOS::Checking the sw design at  D:/DMTS/MOLIT_Shoe_Schaner/Development/FPGA/Signal_Source_Control/Vitis/Signal_Souce_Control_BD_wrapper/microblaze_0/standalone_microblaze_0/bsp/system.mss
TRACE::2023-04-14.15:25:17::SCWMssOS::DEBUG:  swdes dump  D:/DMTS/MOLIT_Shoe_Schaner/Development/FPGA/Signal_Source_Control/Vitis/Signal_Souce_Control_BD_wrapper/microblaze_0/standalone_microblaze_0/bsp/system.mss|system||

TRACE::2023-04-14.15:25:17::SCWMssOS::Sw design exists and opened at  D:/DMTS/MOLIT_Shoe_Schaner/Development/FPGA/Signal_Source_Control/Vitis/Signal_Souce_Control_BD_wrapper/microblaze_0/standalone_microblaze_0/bsp/system.mss
TRACE::2023-04-14.15:25:17::SCWPlatform::Trying to open the hw design at D:/DMTS/MOLIT_Shoe_Schaner/Development/FPGA/Signal_Source_Control/Vitis/Signal_Souce_Control_BD_wrapper/hw/Signal_Souce_Control_BD_wrapper.xsa
TRACE::2023-04-14.15:25:17::SCWPlatform::DSA given D:/DMTS/MOLIT_Shoe_Schaner/Development/FPGA/Signal_Source_Control/Vitis/Signal_Souce_Control_BD_wrapper/hw/Signal_Souce_Control_BD_wrapper.xsa
TRACE::2023-04-14.15:25:17::SCWPlatform::DSA absoulate path D:/DMTS/MOLIT_Shoe_Schaner/Development/FPGA/Signal_Source_Control/Vitis/Signal_Souce_Control_BD_wrapper/hw/Signal_Souce_Control_BD_wrapper.xsa
TRACE::2023-04-14.15:25:17::SCWPlatform::DSA directory D:/DMTS/MOLIT_Shoe_Schaner/Development/FPGA/Signal_Source_Control/Vitis/Signal_Souce_Control_BD_wrapper/hw
TRACE::2023-04-14.15:25:17::SCWPlatform:: Platform Path D:/DMTS/MOLIT_Shoe_Schaner/Development/FPGA/Signal_Source_Control/Vitis/Signal_Souce_Control_BD_wrapper/hw/Signal_Souce_Control_BD_wrapper.xsa
TRACE::2023-04-14.15:25:17::SCWPlatform:: Unique name xilinx:kcu116::0.0
TRACE::2023-04-14.15:25:17::SCWPlatform::Trying to set the existing hwdb with name Signal_Souce_Control_BD_wrapper_0
TRACE::2023-04-14.15:25:17::SCWPlatform::Opened existing hwdb Signal_Souce_Control_BD_wrapper_0
TRACE::2023-04-14.15:25:17::SCWPlatform::Found the Hw Db part of the input DSA
TRACE::2023-04-14.15:25:17::SCWMssOS::Checking the sw design at  D:/DMTS/MOLIT_Shoe_Schaner/Development/FPGA/Signal_Source_Control/Vitis/Signal_Souce_Control_BD_wrapper/microblaze_0/standalone_microblaze_0/bsp/system.mss
TRACE::2023-04-14.15:25:17::SCWMssOS::DEBUG:  swdes dump  D:/DMTS/MOLIT_Shoe_Schaner/Development/FPGA/Signal_Source_Control/Vitis/Signal_Souce_Control_BD_wrapper/microblaze_0/standalone_microblaze_0/bsp/system.mss|system||

TRACE::2023-04-14.15:25:17::SCWMssOS::Sw design exists and opened at  D:/DMTS/MOLIT_Shoe_Schaner/Development/FPGA/Signal_Source_Control/Vitis/Signal_Souce_Control_BD_wrapper/microblaze_0/standalone_microblaze_0/bsp/system.mss
TRACE::2023-04-14.15:25:17::SCWMssOS::Saving the mss changes D:/DMTS/MOLIT_Shoe_Schaner/Development/FPGA/Signal_Source_Control/Vitis/Signal_Souce_Control_BD_wrapper/microblaze_0/standalone_microblaze_0/bsp/system.mss
TRACE::2023-04-14.15:25:17::SCWMssOS::Found a swdesign opened with the mssfile.
TRACE::2023-04-14.15:25:17::SCWMssOS::Completed writemss as part of save.
TRACE::2023-04-14.15:25:17::SCWMssOS::Commit changes completed.
TRACE::2023-04-14.15:25:17::SCWPlatform::Trying to open the hw design at D:/DMTS/MOLIT_Shoe_Schaner/Development/FPGA/Signal_Source_Control/Vitis/Signal_Souce_Control_BD_wrapper/hw/Signal_Souce_Control_BD_wrapper.xsa
TRACE::2023-04-14.15:25:17::SCWPlatform::DSA given D:/DMTS/MOLIT_Shoe_Schaner/Development/FPGA/Signal_Source_Control/Vitis/Signal_Souce_Control_BD_wrapper/hw/Signal_Souce_Control_BD_wrapper.xsa
TRACE::2023-04-14.15:25:17::SCWPlatform::DSA absoulate path D:/DMTS/MOLIT_Shoe_Schaner/Development/FPGA/Signal_Source_Control/Vitis/Signal_Souce_Control_BD_wrapper/hw/Signal_Souce_Control_BD_wrapper.xsa
TRACE::2023-04-14.15:25:17::SCWPlatform::DSA directory D:/DMTS/MOLIT_Shoe_Schaner/Development/FPGA/Signal_Source_Control/Vitis/Signal_Souce_Control_BD_wrapper/hw
TRACE::2023-04-14.15:25:17::SCWPlatform:: Platform Path D:/DMTS/MOLIT_Shoe_Schaner/Development/FPGA/Signal_Source_Control/Vitis/Signal_Souce_Control_BD_wrapper/hw/Signal_Souce_Control_BD_wrapper.xsa
TRACE::2023-04-14.15:25:17::SCWPlatform:: Unique name xilinx:kcu116::0.0
TRACE::2023-04-14.15:25:17::SCWPlatform::Trying to set the existing hwdb with name Signal_Souce_Control_BD_wrapper_0
TRACE::2023-04-14.15:25:17::SCWPlatform::Opened existing hwdb Signal_Souce_Control_BD_wrapper_0
TRACE::2023-04-14.15:25:17::SCWPlatform::Found the Hw Db part of the input DSA
TRACE::2023-04-14.15:25:17::SCWMssOS::Checking the sw design at  D:/DMTS/MOLIT_Shoe_Schaner/Development/FPGA/Signal_Source_Control/Vitis/Signal_Souce_Control_BD_wrapper/microblaze_0/standalone_microblaze_0/bsp/system.mss
TRACE::2023-04-14.15:25:17::SCWMssOS::DEBUG:  swdes dump  D:/DMTS/MOLIT_Shoe_Schaner/Development/FPGA/Signal_Source_Control/Vitis/Signal_Souce_Control_BD_wrapper/microblaze_0/standalone_microblaze_0/bsp/system.mss|system||

TRACE::2023-04-14.15:25:17::SCWMssOS::Sw design exists and opened at  D:/DMTS/MOLIT_Shoe_Schaner/Development/FPGA/Signal_Source_Control/Vitis/Signal_Souce_Control_BD_wrapper/microblaze_0/standalone_microblaze_0/bsp/system.mss
TRACE::2023-04-14.15:25:17::SCWPlatform::Trying to open the hw design at D:/DMTS/MOLIT_Shoe_Schaner/Development/FPGA/Signal_Source_Control/Vitis/Signal_Souce_Control_BD_wrapper/hw/Signal_Souce_Control_BD_wrapper.xsa
TRACE::2023-04-14.15:25:17::SCWPlatform::DSA given D:/DMTS/MOLIT_Shoe_Schaner/Development/FPGA/Signal_Source_Control/Vitis/Signal_Souce_Control_BD_wrapper/hw/Signal_Souce_Control_BD_wrapper.xsa
TRACE::2023-04-14.15:25:17::SCWPlatform::DSA absoulate path D:/DMTS/MOLIT_Shoe_Schaner/Development/FPGA/Signal_Source_Control/Vitis/Signal_Souce_Control_BD_wrapper/hw/Signal_Souce_Control_BD_wrapper.xsa
TRACE::2023-04-14.15:25:17::SCWPlatform::DSA directory D:/DMTS/MOLIT_Shoe_Schaner/Development/FPGA/Signal_Source_Control/Vitis/Signal_Souce_Control_BD_wrapper/hw
TRACE::2023-04-14.15:25:17::SCWPlatform:: Platform Path D:/DMTS/MOLIT_Shoe_Schaner/Development/FPGA/Signal_Source_Control/Vitis/Signal_Souce_Control_BD_wrapper/hw/Signal_Souce_Control_BD_wrapper.xsa
TRACE::2023-04-14.15:25:17::SCWPlatform:: Unique name xilinx:kcu116::0.0
TRACE::2023-04-14.15:25:17::SCWPlatform::Trying to set the existing hwdb with name Signal_Souce_Control_BD_wrapper_0
TRACE::2023-04-14.15:25:17::SCWPlatform::Opened existing hwdb Signal_Souce_Control_BD_wrapper_0
TRACE::2023-04-14.15:25:17::SCWPlatform::Found the Hw Db part of the input DSA
TRACE::2023-04-14.15:25:17::SCWMssOS::Checking the sw design at  D:/DMTS/MOLIT_Shoe_Schaner/Development/FPGA/Signal_Source_Control/Vitis/Signal_Souce_Control_BD_wrapper/microblaze_0/standalone_microblaze_0/bsp/system.mss
TRACE::2023-04-14.15:25:17::SCWMssOS::DEBUG:  swdes dump  D:/DMTS/MOLIT_Shoe_Schaner/Development/FPGA/Signal_Source_Control/Vitis/Signal_Souce_Control_BD_wrapper/microblaze_0/standalone_microblaze_0/bsp/system.mss|system||

TRACE::2023-04-14.15:25:17::SCWMssOS::Sw design exists and opened at  D:/DMTS/MOLIT_Shoe_Schaner/Development/FPGA/Signal_Source_Control/Vitis/Signal_Souce_Control_BD_wrapper/microblaze_0/standalone_microblaze_0/bsp/system.mss
TRACE::2023-04-14.15:25:17::SCWPlatform::Trying to open the hw design at D:/DMTS/MOLIT_Shoe_Schaner/Development/FPGA/Signal_Source_Control/Vitis/Signal_Souce_Control_BD_wrapper/hw/Signal_Souce_Control_BD_wrapper.xsa
TRACE::2023-04-14.15:25:17::SCWPlatform::DSA given D:/DMTS/MOLIT_Shoe_Schaner/Development/FPGA/Signal_Source_Control/Vitis/Signal_Souce_Control_BD_wrapper/hw/Signal_Souce_Control_BD_wrapper.xsa
TRACE::2023-04-14.15:25:17::SCWPlatform::DSA absoulate path D:/DMTS/MOLIT_Shoe_Schaner/Development/FPGA/Signal_Source_Control/Vitis/Signal_Souce_Control_BD_wrapper/hw/Signal_Souce_Control_BD_wrapper.xsa
TRACE::2023-04-14.15:25:17::SCWPlatform::DSA directory D:/DMTS/MOLIT_Shoe_Schaner/Development/FPGA/Signal_Source_Control/Vitis/Signal_Souce_Control_BD_wrapper/hw
TRACE::2023-04-14.15:25:17::SCWPlatform:: Platform Path D:/DMTS/MOLIT_Shoe_Schaner/Development/FPGA/Signal_Source_Control/Vitis/Signal_Souce_Control_BD_wrapper/hw/Signal_Souce_Control_BD_wrapper.xsa
TRACE::2023-04-14.15:25:17::SCWPlatform:: Unique name xilinx:kcu116::0.0
TRACE::2023-04-14.15:25:17::SCWPlatform::Trying to set the existing hwdb with name Signal_Souce_Control_BD_wrapper_0
TRACE::2023-04-14.15:25:17::SCWPlatform::Opened existing hwdb Signal_Souce_Control_BD_wrapper_0
TRACE::2023-04-14.15:25:17::SCWPlatform::Found the Hw Db part of the input DSA
TRACE::2023-04-14.15:25:17::SCWMssOS::Checking the sw design at  D:/DMTS/MOLIT_Shoe_Schaner/Development/FPGA/Signal_Source_Control/Vitis/Signal_Souce_Control_BD_wrapper/microblaze_0/standalone_microblaze_0/bsp/system.mss
TRACE::2023-04-14.15:25:17::SCWMssOS::DEBUG:  swdes dump  D:/DMTS/MOLIT_Shoe_Schaner/Development/FPGA/Signal_Source_Control/Vitis/Signal_Souce_Control_BD_wrapper/microblaze_0/standalone_microblaze_0/bsp/system.mss|system||

TRACE::2023-04-14.15:25:17::SCWMssOS::Sw design exists and opened at  D:/DMTS/MOLIT_Shoe_Schaner/Development/FPGA/Signal_Source_Control/Vitis/Signal_Souce_Control_BD_wrapper/microblaze_0/standalone_microblaze_0/bsp/system.mss
TRACE::2023-04-14.15:25:17::SCWWriter::formatted JSON is {
	"platformName":	"Signal_Souce_Control_BD_wrapper",
	"sprVersion":	"2.0",
	"mode":	"gui",
	"dsaType":	"Fixed",
	"platformDesc":	"Signal_Souce_Control_BD_wrapper",
	"platHandOff":	"D:/DMTS/MOLIT_Shoe_Schaner/Development/FPGA/Signal_Source_Control/Vivado/Signal_Souce_Control_BD_wrapper.xsa",
	"platIntHandOff":	"<platformDir>/hw/Signal_Souce_Control_BD_wrapper.xsa",
	"deviceType":	"FPGA",
	"platIsPrebuiltAutogen":	"false",
	"platIsNoBootBsp":	"false",
	"hasFsblMakeHasChanges":	"false",
	"hasPmufwMakeHasChanges":	"false",
	"platPreBuiltFlag":	false,
	"platformSamplesDir":	"",
	"platActiveSys":	"Signal_Souce_Control_BD_wrapper",
	"systems":	[{
			"systemName":	"Signal_Souce_Control_BD_wrapper",
			"systemDesc":	"Signal_Souce_Control_BD_wrapper",
			"sysIsBootAutoGen":	"true",
			"systemDispName":	"Signal_Souce_Control_BD_wrapper",
			"sysActiveDom":	"standalone_microblaze_0",
			"sysDefaultDom":	"standalone_microblaze_0",
			"domains":	[{
					"domainName":	"standalone_microblaze_0",
					"domainDispName":	"standalone_microblaze_0",
					"domainDesc":	"standalone_microblaze_0",
					"processors":	"microblaze_0",
					"os":	"standalone",
					"sdxOs":	"standalone",
					"debugEnable":	"False",
					"domRuntimes":	["cpp"],
					"swRepo":	"",
					"mssOsVer":	"8.0",
					"mssFile":	"",
					"md5Digest":	"30604a5d9ca7fdbc87447875060a8862",
					"compatibleApp":	"hello_world",
					"domType":	"mssDomain",
					"arch":	"32-bit",
					"appSettings":	{
						"appCompilerFlags":	"",
						"appLinkerFlags":	""
					},
					"addedLibs":	[],
					"libOptions":	{
						"libsContainingOptions":	[]
					},
					"prebuiltLibs":	{
						"prebuiltIncPath":	[],
						"prebuiltLibPath":	[]
					},
					"isolation":	{
					}
				}]
		}]
}
LOG::2023-04-14.15:25:17::SCWPlatform::Started generating the artifacts platform Signal_Souce_Control_BD_wrapper
TRACE::2023-04-14.15:25:17::SCWPlatform::Sanity checking of platform is completed
LOG::2023-04-14.15:25:17::SCWPlatform::Started generating the artifacts for system configuration Signal_Souce_Control_BD_wrapper
LOG::2023-04-14.15:25:17::SCWSystem::Started Processing the domain standalone_microblaze_0
TRACE::2023-04-14.15:25:17::SCWDomain::Generating domain artifcats
TRACE::2023-04-14.15:25:17::SCWMssOS::Generating standalone artifcats
TRACE::2023-04-14.15:25:17::SCWMssOS:: Copying the user libraries. 
TRACE::2023-04-14.15:25:17::SCWPlatform::Trying to open the hw design at D:/DMTS/MOLIT_Shoe_Schaner/Development/FPGA/Signal_Source_Control/Vitis/Signal_Souce_Control_BD_wrapper/hw/Signal_Souce_Control_BD_wrapper.xsa
TRACE::2023-04-14.15:25:17::SCWPlatform::DSA given D:/DMTS/MOLIT_Shoe_Schaner/Development/FPGA/Signal_Source_Control/Vitis/Signal_Souce_Control_BD_wrapper/hw/Signal_Souce_Control_BD_wrapper.xsa
TRACE::2023-04-14.15:25:17::SCWPlatform::DSA absoulate path D:/DMTS/MOLIT_Shoe_Schaner/Development/FPGA/Signal_Source_Control/Vitis/Signal_Souce_Control_BD_wrapper/hw/Signal_Souce_Control_BD_wrapper.xsa
TRACE::2023-04-14.15:25:17::SCWPlatform::DSA directory D:/DMTS/MOLIT_Shoe_Schaner/Development/FPGA/Signal_Source_Control/Vitis/Signal_Souce_Control_BD_wrapper/hw
TRACE::2023-04-14.15:25:17::SCWPlatform:: Platform Path D:/DMTS/MOLIT_Shoe_Schaner/Development/FPGA/Signal_Source_Control/Vitis/Signal_Souce_Control_BD_wrapper/hw/Signal_Souce_Control_BD_wrapper.xsa
TRACE::2023-04-14.15:25:17::SCWPlatform:: Unique name xilinx:kcu116::0.0
TRACE::2023-04-14.15:25:17::SCWPlatform::Trying to set the existing hwdb with name Signal_Souce_Control_BD_wrapper_0
TRACE::2023-04-14.15:25:17::SCWPlatform::Opened existing hwdb Signal_Souce_Control_BD_wrapper_0
TRACE::2023-04-14.15:25:17::SCWPlatform::Found the Hw Db part of the input DSA
TRACE::2023-04-14.15:25:17::SCWMssOS::Checking the sw design at  D:/DMTS/MOLIT_Shoe_Schaner/Development/FPGA/Signal_Source_Control/Vitis/Signal_Souce_Control_BD_wrapper/microblaze_0/standalone_microblaze_0/bsp/system.mss
TRACE::2023-04-14.15:25:17::SCWMssOS::DEBUG:  swdes dump  D:/DMTS/MOLIT_Shoe_Schaner/Development/FPGA/Signal_Source_Control/Vitis/Signal_Souce_Control_BD_wrapper/microblaze_0/standalone_microblaze_0/bsp/system.mss|system||

TRACE::2023-04-14.15:25:17::SCWMssOS::Sw design exists and opened at  D:/DMTS/MOLIT_Shoe_Schaner/Development/FPGA/Signal_Source_Control/Vitis/Signal_Souce_Control_BD_wrapper/microblaze_0/standalone_microblaze_0/bsp/system.mss
TRACE::2023-04-14.15:25:17::SCWMssOS::Completed writing the mss file at D:/DMTS/MOLIT_Shoe_Schaner/Development/FPGA/Signal_Source_Control/Vitis/Signal_Souce_Control_BD_wrapper/microblaze_0/standalone_microblaze_0/bsp
TRACE::2023-04-14.15:25:17::SCWMssOS::Mss edits present, copying mssfile into export location D:/DMTS/MOLIT_Shoe_Schaner/Development/FPGA/Signal_Source_Control/Vitis/Signal_Souce_Control_BD_wrapper/microblaze_0/standalone_microblaze_0/bsp/system.mss
TRACE::2023-04-14.15:25:17::SCWMssOS::bsp generated is upto date with the mss file. Skipping bsp generation.
TRACE::2023-04-14.15:25:17::SCWMssOS::BSP is already built. skipping the bsp build ... 
TRACE::2023-04-14.15:25:17::SCWDomain::Building the domain as part of full build :  standalone_microblaze_0
TRACE::2023-04-14.15:25:17::SCWMssOS::skipping the bsp build ... 
TRACE::2023-04-14.15:25:17::SCWMssOS::Copying to export directory.
TRACE::2023-04-14.15:25:17::SCWMssOS:: Checking if to create the Supporting Applications
TRACE::2023-04-14.15:25:17::SCWMssOS:: No Linux domain exists, trying to generate FSBL 
LOG::2023-04-14.15:25:17::SCWSystem::Completed Processing the domain standalone_microblaze_0
LOG::2023-04-14.15:25:17::SCWSystem::Completed Processing the sysconfig Signal_Souce_Control_BD_wrapper
LOG::2023-04-14.15:25:17::SCWPlatform::Completed generating the artifacts for system configuration Signal_Souce_Control_BD_wrapper
TRACE::2023-04-14.15:25:17::SCWPlatform::Started preparing the platform 
TRACE::2023-04-14.15:25:17::SCWSystem::Writing the bif file for system config Signal_Souce_Control_BD_wrapper
TRACE::2023-04-14.15:25:17::SCWSystem::dir created 
TRACE::2023-04-14.15:25:17::SCWSystem::Writing the bif 
TRACE::2023-04-14.15:25:17::SCWPlatform::Started writing the spfm file 
TRACE::2023-04-14.15:25:17::SCWPlatform::Started writing the xpfm file 
TRACE::2023-04-14.15:25:17::SCWPlatform::Completed generating the platform
TRACE::2023-04-14.15:25:17::SCWMssOS::Saving the mss changes D:/DMTS/MOLIT_Shoe_Schaner/Development/FPGA/Signal_Source_Control/Vitis/Signal_Souce_Control_BD_wrapper/microblaze_0/standalone_microblaze_0/bsp/system.mss
TRACE::2023-04-14.15:25:17::SCWMssOS::Found a swdesign opened with the mssfile.
TRACE::2023-04-14.15:25:17::SCWMssOS::Completed writemss as part of save.
TRACE::2023-04-14.15:25:17::SCWMssOS::Commit changes completed.
TRACE::2023-04-14.15:25:17::SCWPlatform::Trying to open the hw design at D:/DMTS/MOLIT_Shoe_Schaner/Development/FPGA/Signal_Source_Control/Vitis/Signal_Souce_Control_BD_wrapper/hw/Signal_Souce_Control_BD_wrapper.xsa
TRACE::2023-04-14.15:25:17::SCWPlatform::DSA given D:/DMTS/MOLIT_Shoe_Schaner/Development/FPGA/Signal_Source_Control/Vitis/Signal_Souce_Control_BD_wrapper/hw/Signal_Souce_Control_BD_wrapper.xsa
TRACE::2023-04-14.15:25:17::SCWPlatform::DSA absoulate path D:/DMTS/MOLIT_Shoe_Schaner/Development/FPGA/Signal_Source_Control/Vitis/Signal_Souce_Control_BD_wrapper/hw/Signal_Souce_Control_BD_wrapper.xsa
TRACE::2023-04-14.15:25:17::SCWPlatform::DSA directory D:/DMTS/MOLIT_Shoe_Schaner/Development/FPGA/Signal_Source_Control/Vitis/Signal_Souce_Control_BD_wrapper/hw
TRACE::2023-04-14.15:25:17::SCWPlatform:: Platform Path D:/DMTS/MOLIT_Shoe_Schaner/Development/FPGA/Signal_Source_Control/Vitis/Signal_Souce_Control_BD_wrapper/hw/Signal_Souce_Control_BD_wrapper.xsa
TRACE::2023-04-14.15:25:17::SCWPlatform:: Unique name xilinx:kcu116::0.0
TRACE::2023-04-14.15:25:17::SCWPlatform::Trying to set the existing hwdb with name Signal_Souce_Control_BD_wrapper_0
TRACE::2023-04-14.15:25:17::SCWPlatform::Opened existing hwdb Signal_Souce_Control_BD_wrapper_0
TRACE::2023-04-14.15:25:17::SCWPlatform::Found the Hw Db part of the input DSA
TRACE::2023-04-14.15:25:17::SCWMssOS::Checking the sw design at  D:/DMTS/MOLIT_Shoe_Schaner/Development/FPGA/Signal_Source_Control/Vitis/Signal_Souce_Control_BD_wrapper/microblaze_0/standalone_microblaze_0/bsp/system.mss
TRACE::2023-04-14.15:25:17::SCWMssOS::DEBUG:  swdes dump  D:/DMTS/MOLIT_Shoe_Schaner/Development/FPGA/Signal_Source_Control/Vitis/Signal_Souce_Control_BD_wrapper/microblaze_0/standalone_microblaze_0/bsp/system.mss|system||

TRACE::2023-04-14.15:25:17::SCWMssOS::Sw design exists and opened at  D:/DMTS/MOLIT_Shoe_Schaner/Development/FPGA/Signal_Source_Control/Vitis/Signal_Souce_Control_BD_wrapper/microblaze_0/standalone_microblaze_0/bsp/system.mss
TRACE::2023-04-14.15:25:17::SCWPlatform::Trying to open the hw design at D:/DMTS/MOLIT_Shoe_Schaner/Development/FPGA/Signal_Source_Control/Vitis/Signal_Souce_Control_BD_wrapper/hw/Signal_Souce_Control_BD_wrapper.xsa
TRACE::2023-04-14.15:25:17::SCWPlatform::DSA given D:/DMTS/MOLIT_Shoe_Schaner/Development/FPGA/Signal_Source_Control/Vitis/Signal_Souce_Control_BD_wrapper/hw/Signal_Souce_Control_BD_wrapper.xsa
TRACE::2023-04-14.15:25:17::SCWPlatform::DSA absoulate path D:/DMTS/MOLIT_Shoe_Schaner/Development/FPGA/Signal_Source_Control/Vitis/Signal_Souce_Control_BD_wrapper/hw/Signal_Souce_Control_BD_wrapper.xsa
TRACE::2023-04-14.15:25:17::SCWPlatform::DSA directory D:/DMTS/MOLIT_Shoe_Schaner/Development/FPGA/Signal_Source_Control/Vitis/Signal_Souce_Control_BD_wrapper/hw
TRACE::2023-04-14.15:25:17::SCWPlatform:: Platform Path D:/DMTS/MOLIT_Shoe_Schaner/Development/FPGA/Signal_Source_Control/Vitis/Signal_Souce_Control_BD_wrapper/hw/Signal_Souce_Control_BD_wrapper.xsa
TRACE::2023-04-14.15:25:17::SCWPlatform:: Unique name xilinx:kcu116::0.0
TRACE::2023-04-14.15:25:17::SCWPlatform::Trying to set the existing hwdb with name Signal_Souce_Control_BD_wrapper_0
TRACE::2023-04-14.15:25:17::SCWPlatform::Opened existing hwdb Signal_Souce_Control_BD_wrapper_0
TRACE::2023-04-14.15:25:17::SCWPlatform::Found the Hw Db part of the input DSA
TRACE::2023-04-14.15:25:17::SCWMssOS::Checking the sw design at  D:/DMTS/MOLIT_Shoe_Schaner/Development/FPGA/Signal_Source_Control/Vitis/Signal_Souce_Control_BD_wrapper/microblaze_0/standalone_microblaze_0/bsp/system.mss
TRACE::2023-04-14.15:25:17::SCWMssOS::DEBUG:  swdes dump  D:/DMTS/MOLIT_Shoe_Schaner/Development/FPGA/Signal_Source_Control/Vitis/Signal_Souce_Control_BD_wrapper/microblaze_0/standalone_microblaze_0/bsp/system.mss|system||

TRACE::2023-04-14.15:25:17::SCWMssOS::Sw design exists and opened at  D:/DMTS/MOLIT_Shoe_Schaner/Development/FPGA/Signal_Source_Control/Vitis/Signal_Souce_Control_BD_wrapper/microblaze_0/standalone_microblaze_0/bsp/system.mss
TRACE::2023-04-14.15:25:17::SCWPlatform::Trying to open the hw design at D:/DMTS/MOLIT_Shoe_Schaner/Development/FPGA/Signal_Source_Control/Vitis/Signal_Souce_Control_BD_wrapper/hw/Signal_Souce_Control_BD_wrapper.xsa
TRACE::2023-04-14.15:25:17::SCWPlatform::DSA given D:/DMTS/MOLIT_Shoe_Schaner/Development/FPGA/Signal_Source_Control/Vitis/Signal_Souce_Control_BD_wrapper/hw/Signal_Souce_Control_BD_wrapper.xsa
TRACE::2023-04-14.15:25:17::SCWPlatform::DSA absoulate path D:/DMTS/MOLIT_Shoe_Schaner/Development/FPGA/Signal_Source_Control/Vitis/Signal_Souce_Control_BD_wrapper/hw/Signal_Souce_Control_BD_wrapper.xsa
TRACE::2023-04-14.15:25:17::SCWPlatform::DSA directory D:/DMTS/MOLIT_Shoe_Schaner/Development/FPGA/Signal_Source_Control/Vitis/Signal_Souce_Control_BD_wrapper/hw
TRACE::2023-04-14.15:25:17::SCWPlatform:: Platform Path D:/DMTS/MOLIT_Shoe_Schaner/Development/FPGA/Signal_Source_Control/Vitis/Signal_Souce_Control_BD_wrapper/hw/Signal_Souce_Control_BD_wrapper.xsa
TRACE::2023-04-14.15:25:17::SCWPlatform:: Unique name xilinx:kcu116::0.0
TRACE::2023-04-14.15:25:17::SCWPlatform::Trying to set the existing hwdb with name Signal_Souce_Control_BD_wrapper_0
TRACE::2023-04-14.15:25:17::SCWPlatform::Opened existing hwdb Signal_Souce_Control_BD_wrapper_0
TRACE::2023-04-14.15:25:17::SCWPlatform::Found the Hw Db part of the input DSA
TRACE::2023-04-14.15:25:17::SCWMssOS::Checking the sw design at  D:/DMTS/MOLIT_Shoe_Schaner/Development/FPGA/Signal_Source_Control/Vitis/Signal_Souce_Control_BD_wrapper/microblaze_0/standalone_microblaze_0/bsp/system.mss
TRACE::2023-04-14.15:25:17::SCWMssOS::DEBUG:  swdes dump  D:/DMTS/MOLIT_Shoe_Schaner/Development/FPGA/Signal_Source_Control/Vitis/Signal_Souce_Control_BD_wrapper/microblaze_0/standalone_microblaze_0/bsp/system.mss|system||

TRACE::2023-04-14.15:25:17::SCWMssOS::Sw design exists and opened at  D:/DMTS/MOLIT_Shoe_Schaner/Development/FPGA/Signal_Source_Control/Vitis/Signal_Souce_Control_BD_wrapper/microblaze_0/standalone_microblaze_0/bsp/system.mss
TRACE::2023-04-14.15:25:17::SCWWriter::formatted JSON is {
	"platformName":	"Signal_Souce_Control_BD_wrapper",
	"sprVersion":	"2.0",
	"mode":	"gui",
	"dsaType":	"Fixed",
	"platformDesc":	"Signal_Souce_Control_BD_wrapper",
	"platHandOff":	"D:/DMTS/MOLIT_Shoe_Schaner/Development/FPGA/Signal_Source_Control/Vivado/Signal_Souce_Control_BD_wrapper.xsa",
	"platIntHandOff":	"<platformDir>/hw/Signal_Souce_Control_BD_wrapper.xsa",
	"deviceType":	"FPGA",
	"platIsPrebuiltAutogen":	"false",
	"platIsNoBootBsp":	"false",
	"hasFsblMakeHasChanges":	"false",
	"hasPmufwMakeHasChanges":	"false",
	"platPreBuiltFlag":	false,
	"platformSamplesDir":	"",
	"platActiveSys":	"Signal_Souce_Control_BD_wrapper",
	"systems":	[{
			"systemName":	"Signal_Souce_Control_BD_wrapper",
			"systemDesc":	"Signal_Souce_Control_BD_wrapper",
			"sysIsBootAutoGen":	"true",
			"systemDispName":	"Signal_Souce_Control_BD_wrapper",
			"sysActiveDom":	"standalone_microblaze_0",
			"sysDefaultDom":	"standalone_microblaze_0",
			"domains":	[{
					"domainName":	"standalone_microblaze_0",
					"domainDispName":	"standalone_microblaze_0",
					"domainDesc":	"standalone_microblaze_0",
					"processors":	"microblaze_0",
					"os":	"standalone",
					"sdxOs":	"standalone",
					"debugEnable":	"False",
					"domRuntimes":	["cpp"],
					"swRepo":	"",
					"mssOsVer":	"8.0",
					"mssFile":	"",
					"md5Digest":	"30604a5d9ca7fdbc87447875060a8862",
					"compatibleApp":	"hello_world",
					"domType":	"mssDomain",
					"arch":	"32-bit",
					"appSettings":	{
						"appCompilerFlags":	"",
						"appLinkerFlags":	""
					},
					"addedLibs":	[],
					"libOptions":	{
						"libsContainingOptions":	[]
					},
					"prebuiltLibs":	{
						"prebuiltIncPath":	[],
						"prebuiltLibPath":	[]
					},
					"isolation":	{
					}
				}]
		}]
}
KEYINFO::2023-04-14.15:25:17::SCWPlatform::updated the xpfm file.
