
*** Running vivado
    with args -log Signal_Souce_Control_BD_mdm_1_0.vds -m64 -product Vivado -mode batch -messageDb vivado.pb -notrace -source Signal_Souce_Control_BD_mdm_1_0.tcl



****** Vivado v2022.2 (64-bit)
  **** SW Build 3671981 on Fri Oct 14 05:00:03 MDT 2022
  **** IP Build 3669848 on Fri Oct 14 08:30:02 MDT 2022
    ** Copyright 1986-2022 Xilinx, Inc. All Rights Reserved.

source Signal_Souce_Control_BD_mdm_1_0.tcl -notrace
create_project: Time (s): cpu = 00:00:06 ; elapsed = 00:00:07 . Memory (MB): peak = 513.965 ; gain = 123.922
INFO: [IP_Flow 19-6924] IPCACHE: Running cache check for IP inst: Signal_Souce_Control_BD_mdm_1_0
Command: synth_design -top Signal_Souce_Control_BD_mdm_1_0 -part xcku5p-ffvb676-2-e -incremental_mode off -mode out_of_context
Starting synth_design
Attempting to get a license for feature 'Synthesis' and/or device 'xcku5p'
INFO: [Common 17-349] Got license for feature 'Synthesis' and/or device 'xcku5p'
INFO: [Device 21-403] Loading part xcku5p-ffvb676-2-e
INFO: [Synth 8-7079] Multithreading enabled for synth_design using a maximum of 2 processes.
INFO: [Synth 8-7078] Launching helper process for spawning children vivado processes
INFO: [Synth 8-7075] Helper process launched with PID 23608
INFO: [Synth 8-11241] undeclared symbol 'REGCCE', assumed default net type 'wire' [D:/Xilinx/Vivado/2022.2/data/verilog/src/unimacro/BRAM_SINGLE_MACRO.v:2170]
---------------------------------------------------------------------------------
Starting RTL Elaboration : Time (s): cpu = 00:00:08 ; elapsed = 00:00:09 . Memory (MB): peak = 1992.547 ; gain = 371.859
---------------------------------------------------------------------------------
INFO: [Synth 8-638] synthesizing module 'Signal_Souce_Control_BD_mdm_1_0' [d:/DMTS/MOLIT_Shoe_Schaner/Development/FPGA/Signal Source Control/Vivado/Signal_Souce_Control/Signal_Souce_Control.gen/sources_1/bd/Signal_Souce_Control_BD/ip/Signal_Souce_Control_BD_mdm_1_0/synth/Signal_Souce_Control_BD_mdm_1_0.vhd:74]
	Parameter C_FAMILY bound to: kintexuplus - type: string 
	Parameter C_DEVICE bound to: xcku5p - type: string 
	Parameter C_REVISION bound to: (null) - type: string 
	Parameter C_JTAG_CHAIN bound to: 2 - type: integer 
	Parameter C_USE_BSCAN bound to: 0 - type: integer 
	Parameter C_BSCANID bound to: 76547328 - type: integer 
	Parameter C_DEBUG_INTERFACE bound to: 0 - type: integer 
	Parameter C_USE_CONFIG_RESET bound to: 0 - type: integer 
	Parameter C_AVOID_PRIMITIVES bound to: 0 - type: integer 
	Parameter C_INTERCONNECT bound to: 2 - type: integer 
	Parameter C_MB_DBG_PORTS bound to: 1 - type: integer 
	Parameter C_USE_UART bound to: 0 - type: integer 
	Parameter C_DBG_REG_ACCESS bound to: 0 - type: integer 
	Parameter C_DBG_MEM_ACCESS bound to: 0 - type: integer 
	Parameter C_USE_CROSS_TRIGGER bound to: 0 - type: integer 
	Parameter C_EXT_TRIG_RESET_VALUE bound to: 20'b11110001001000110100 
	Parameter C_TRACE_OUTPUT bound to: 0 - type: integer 
	Parameter C_TRACE_DATA_WIDTH bound to: 32 - type: integer 
	Parameter C_TRACE_CLK_FREQ_HZ bound to: 200000000 - type: integer 
	Parameter C_TRACE_CLK_OUT_PHASE bound to: 90 - type: integer 
	Parameter C_TRACE_ASYNC_RESET bound to: 0 - type: integer 
	Parameter C_TRACE_PROTOCOL bound to: 1 - type: integer 
	Parameter C_TRACE_ID bound to: 110 - type: integer 
	Parameter C_S_AXI_ADDR_WIDTH bound to: 4 - type: integer 
	Parameter C_S_AXI_DATA_WIDTH bound to: 32 - type: integer 
	Parameter C_S_AXI_ACLK_FREQ_HZ bound to: 100000000 - type: integer 
	Parameter C_M_AXI_ADDR_WIDTH bound to: 32 - type: integer 
	Parameter C_M_AXI_DATA_WIDTH bound to: 32 - type: integer 
	Parameter C_M_AXI_THREAD_ID_WIDTH bound to: 1 - type: integer 
	Parameter C_ADDR_SIZE bound to: 32 - type: integer 
	Parameter C_DATA_SIZE bound to: 32 - type: integer 
	Parameter C_LMB_PROTOCOL bound to: 0 - type: integer 
	Parameter C_M_AXIS_DATA_WIDTH bound to: 32 - type: integer 
	Parameter C_M_AXIS_ID_WIDTH bound to: 7 - type: integer 
INFO: [Synth 8-3491] module 'MDM' declared at 'd:/DMTS/MOLIT_Shoe_Schaner/Development/FPGA/Signal Source Control/Vivado/Signal_Souce_Control/Signal_Souce_Control.gen/sources_1/bd/Signal_Souce_Control_BD/ipshared/b8f4/hdl/mdm_v3_2_vh_rfs.vhd:12674' bound to instance 'U0' of component 'MDM' [d:/DMTS/MOLIT_Shoe_Schaner/Development/FPGA/Signal Source Control/Vivado/Signal_Souce_Control/Signal_Souce_Control.gen/sources_1/bd/Signal_Souce_Control_BD/ip/Signal_Souce_Control_BD_mdm_1_0/synth/Signal_Souce_Control_BD_mdm_1_0.vhd:1657]
INFO: [Synth 8-638] synthesizing module 'MDM' [d:/DMTS/MOLIT_Shoe_Schaner/Development/FPGA/Signal Source Control/Vivado/Signal_Souce_Control/Signal_Souce_Control.gen/sources_1/bd/Signal_Souce_Control_BD/ipshared/b8f4/hdl/mdm_v3_2_vh_rfs.vhd:14358]
	Parameter C_TARGET bound to: 8 - type: integer 
	Parameter DISABLE_JTAG bound to: FALSE - type: string 
	Parameter JTAG_CHAIN bound to: 2 - type: integer 
INFO: [Synth 8-3491] module 'MB_BSCANE2' declared at 'd:/DMTS/MOLIT_Shoe_Schaner/Development/FPGA/Signal Source Control/Vivado/Signal_Souce_Control/Signal_Souce_Control.gen/sources_1/bd/Signal_Souce_Control_BD/ipshared/b8f4/hdl/mdm_v3_2_vh_rfs.vhd:324' bound to instance 'BSCAN_I' of component 'MB_BSCANE2' [d:/DMTS/MOLIT_Shoe_Schaner/Development/FPGA/Signal Source Control/Vivado/Signal_Souce_Control/Signal_Souce_Control.gen/sources_1/bd/Signal_Souce_Control_BD/ipshared/b8f4/hdl/mdm_v3_2_vh_rfs.vhd:15976]
INFO: [Synth 8-638] synthesizing module 'MB_BSCANE2' [d:/DMTS/MOLIT_Shoe_Schaner/Development/FPGA/Signal Source Control/Vivado/Signal_Souce_Control/Signal_Souce_Control.gen/sources_1/bd/Signal_Souce_Control_BD/ipshared/b8f4/hdl/mdm_v3_2_vh_rfs.vhd:348]
	Parameter DISABLE_JTAG bound to: FALSE - type: string 
	Parameter JTAG_CHAIN bound to: 2 - type: integer 
INFO: [Synth 8-113] binding component instance 'BSCANE2_I' to cell 'BSCANE2' [d:/DMTS/MOLIT_Shoe_Schaner/Development/FPGA/Signal Source Control/Vivado/Signal_Souce_Control/Signal_Souce_Control.gen/sources_1/bd/Signal_Souce_Control_BD/ipshared/b8f4/hdl/mdm_v3_2_vh_rfs.vhd:358]
INFO: [Synth 8-256] done synthesizing module 'MB_BSCANE2' (0#1) [d:/DMTS/MOLIT_Shoe_Schaner/Development/FPGA/Signal Source Control/Vivado/Signal_Souce_Control/Signal_Souce_Control.gen/sources_1/bd/Signal_Souce_Control_BD/ipshared/b8f4/hdl/mdm_v3_2_vh_rfs.vhd:348]
	Parameter C_TARGET bound to: 8 - type: integer 
	Parameter INIT bound to: 2'b10 
INFO: [Synth 8-3491] module 'MB_LUT1' declared at 'd:/DMTS/MOLIT_Shoe_Schaner/Development/FPGA/Signal Source Control/Vivado/Signal_Souce_Control/Signal_Souce_Control.gen/sources_1/bd/Signal_Souce_Control_BD/ipshared/b8f4/hdl/mdm_v3_2_vh_rfs.vhd:1527' bound to instance 'LUT1_I' of component 'MB_LUT1' [d:/DMTS/MOLIT_Shoe_Schaner/Development/FPGA/Signal Source Control/Vivado/Signal_Souce_Control/Signal_Souce_Control.gen/sources_1/bd/Signal_Souce_Control_BD/ipshared/b8f4/hdl/mdm_v3_2_vh_rfs.vhd:15994]
INFO: [Synth 8-638] synthesizing module 'MB_LUT1' [d:/DMTS/MOLIT_Shoe_Schaner/Development/FPGA/Signal Source Control/Vivado/Signal_Souce_Control/Signal_Souce_Control.gen/sources_1/bd/Signal_Souce_Control_BD/ipshared/b8f4/hdl/mdm_v3_2_vh_rfs.vhd:1541]
	Parameter INIT bound to: 2'b10 
INFO: [Synth 8-113] binding component instance 'Native' to cell 'LUT1' [d:/DMTS/MOLIT_Shoe_Schaner/Development/FPGA/Signal Source Control/Vivado/Signal_Souce_Control/Signal_Souce_Control.gen/sources_1/bd/Signal_Souce_Control_BD/ipshared/b8f4/hdl/mdm_v3_2_vh_rfs.vhd:1563]
INFO: [Synth 8-256] done synthesizing module 'MB_LUT1' (0#1) [d:/DMTS/MOLIT_Shoe_Schaner/Development/FPGA/Signal Source Control/Vivado/Signal_Souce_Control/Signal_Souce_Control.gen/sources_1/bd/Signal_Souce_Control_BD/ipshared/b8f4/hdl/mdm_v3_2_vh_rfs.vhd:1541]
	Parameter C_TARGET bound to: 8 - type: integer 
INFO: [Synth 8-3491] module 'MB_BUFGCE_1' declared at 'd:/DMTS/MOLIT_Shoe_Schaner/Development/FPGA/Signal Source Control/Vivado/Signal_Souce_Control/Signal_Souce_Control.gen/sources_1/bd/Signal_Souce_Control_BD/ipshared/b8f4/hdl/mdm_v3_2_vh_rfs.vhd:426' bound to instance 'BUFG_DRCK' of component 'MB_BUFGCE_1' [d:/DMTS/MOLIT_Shoe_Schaner/Development/FPGA/Signal Source Control/Vivado/Signal_Souce_Control/Signal_Souce_Control.gen/sources_1/bd/Signal_Souce_Control_BD/ipshared/b8f4/hdl/mdm_v3_2_vh_rfs.vhd:16505]
INFO: [Synth 8-638] synthesizing module 'MB_BUFGCE_1' [d:/DMTS/MOLIT_Shoe_Schaner/Development/FPGA/Signal Source Control/Vivado/Signal_Souce_Control/Signal_Souce_Control.gen/sources_1/bd/Signal_Souce_Control_BD/ipshared/b8f4/hdl/mdm_v3_2_vh_rfs.vhd:440]
INFO: [Synth 8-113] binding component instance 'Native' to cell 'BUFGCE_1' [d:/DMTS/MOLIT_Shoe_Schaner/Development/FPGA/Signal Source Control/Vivado/Signal_Souce_Control/Signal_Souce_Control.gen/sources_1/bd/Signal_Souce_Control_BD/ipshared/b8f4/hdl/mdm_v3_2_vh_rfs.vhd:450]
INFO: [Synth 8-256] done synthesizing module 'MB_BUFGCE_1' (0#1) [d:/DMTS/MOLIT_Shoe_Schaner/Development/FPGA/Signal Source Control/Vivado/Signal_Souce_Control/Signal_Souce_Control.gen/sources_1/bd/Signal_Souce_Control_BD/ipshared/b8f4/hdl/mdm_v3_2_vh_rfs.vhd:440]
	Parameter C_TARGET bound to: 8 - type: integer 
	Parameter C_JTAG_CHAIN bound to: 2 - type: integer 
	Parameter C_USE_BSCAN bound to: 0 - type: integer 
	Parameter C_USE_CONFIG_RESET bound to: 0 - type: integer 
	Parameter C_USE_SRL16 bound to: yes - type: string 
	Parameter C_DEBUG_INTERFACE bound to: 0 - type: integer 
	Parameter C_MB_DBG_PORTS bound to: 1 - type: integer 
	Parameter C_EN_WIDTH bound to: 1 - type: integer 
	Parameter C_DBG_REG_ACCESS bound to: 0 - type: integer 
	Parameter C_REG_NUM_CE bound to: 4 - type: integer 
	Parameter C_REG_DATA_WIDTH bound to: 8 - type: integer 
	Parameter C_DBG_MEM_ACCESS bound to: 0 - type: integer 
	Parameter C_S_AXI_ADDR_WIDTH bound to: 4 - type: integer 
	Parameter C_S_AXI_ACLK_FREQ_HZ bound to: 100000000 - type: integer 
	Parameter C_M_AXI_ADDR_WIDTH bound to: 32 - type: integer 
	Parameter C_M_AXI_DATA_WIDTH bound to: 32 - type: integer 
	Parameter C_USE_CROSS_TRIGGER bound to: 0 - type: integer 
	Parameter C_EXT_TRIG_RESET_VALUE bound to: 20'b11110001001000110100 
	Parameter C_USE_UART bound to: 0 - type: integer 
	Parameter C_UART_WIDTH bound to: 8 - type: integer 
	Parameter C_TRACE_OUTPUT bound to: 0 - type: integer 
	Parameter C_TRACE_DATA_WIDTH bound to: 32 - type: integer 
	Parameter C_TRACE_ASYNC_RESET bound to: 0 - type: integer 
	Parameter C_TRACE_CLK_FREQ_HZ bound to: 200000000 - type: integer 
	Parameter C_TRACE_CLK_OUT_PHASE bound to: 90 - type: integer 
	Parameter C_TRACE_PROTOCOL bound to: 1 - type: integer 
	Parameter C_TRACE_ID bound to: 110 - type: integer 
	Parameter C_M_AXIS_DATA_WIDTH bound to: 32 - type: integer 
	Parameter C_M_AXIS_ID_WIDTH bound to: 7 - type: integer 
INFO: [Synth 8-3491] module 'MDM_Core' declared at 'd:/DMTS/MOLIT_Shoe_Schaner/Development/FPGA/Signal Source Control/Vivado/Signal_Souce_Control/Signal_Souce_Control.gen/sources_1/bd/Signal_Souce_Control_BD/ipshared/b8f4/hdl/mdm_v3_2_vh_rfs.vhd:5792' bound to instance 'MDM_Core_I1' of component 'MDM_Core' [d:/DMTS/MOLIT_Shoe_Schaner/Development/FPGA/Signal Source Control/Vivado/Signal_Souce_Control/Signal_Souce_Control.gen/sources_1/bd/Signal_Souce_Control_BD/ipshared/b8f4/hdl/mdm_v3_2_vh_rfs.vhd:16607]
INFO: [Synth 8-638] synthesizing module 'MDM_Core' [d:/DMTS/MOLIT_Shoe_Schaner/Development/FPGA/Signal Source Control/Vivado/Signal_Souce_Control/Signal_Souce_Control.gen/sources_1/bd/Signal_Souce_Control_BD/ipshared/b8f4/hdl/mdm_v3_2_vh_rfs.vhd:7029]
INFO: [Synth 8-3491] module 'xil_scan_reset_control' declared at 'd:/DMTS/MOLIT_Shoe_Schaner/Development/FPGA/Signal Source Control/Vivado/Signal_Souce_Control/Signal_Souce_Control.gen/sources_1/bd/Signal_Souce_Control_BD/ipshared/b8f4/hdl/mdm_v3_2_vh_rfs.vhd:300' bound to instance 'config_scan_reset_i' of component 'xil_scan_reset_control' [d:/DMTS/MOLIT_Shoe_Schaner/Development/FPGA/Signal Source Control/Vivado/Signal_Souce_Control/Signal_Souce_Control.gen/sources_1/bd/Signal_Souce_Control_BD/ipshared/b8f4/hdl/mdm_v3_2_vh_rfs.vhd:7712]
INFO: [Synth 8-638] synthesizing module 'xil_scan_reset_control' [d:/DMTS/MOLIT_Shoe_Schaner/Development/FPGA/Signal Source Control/Vivado/Signal_Souce_Control/Signal_Souce_Control.gen/sources_1/bd/Signal_Souce_Control_BD/ipshared/b8f4/hdl/mdm_v3_2_vh_rfs.vhd:309]
INFO: [Synth 8-256] done synthesizing module 'xil_scan_reset_control' (0#1) [d:/DMTS/MOLIT_Shoe_Schaner/Development/FPGA/Signal Source Control/Vivado/Signal_Souce_Control/Signal_Souce_Control.gen/sources_1/bd/Signal_Souce_Control_BD/ipshared/b8f4/hdl/mdm_v3_2_vh_rfs.vhd:309]
INFO: [Synth 8-3491] module 'xil_scan_reset_control' declared at 'd:/DMTS/MOLIT_Shoe_Schaner/Development/FPGA/Signal Source Control/Vivado/Signal_Souce_Control/Signal_Souce_Control.gen/sources_1/bd/Signal_Souce_Control_BD/ipshared/b8f4/hdl/mdm_v3_2_vh_rfs.vhd:300' bound to instance 'sel_n_reset_i' of component 'xil_scan_reset_control' [d:/DMTS/MOLIT_Shoe_Schaner/Development/FPGA/Signal Source Control/Vivado/Signal_Souce_Control/Signal_Souce_Control.gen/sources_1/bd/Signal_Souce_Control_BD/ipshared/b8f4/hdl/mdm_v3_2_vh_rfs.vhd:7722]
INFO: [Synth 8-3491] module 'xil_scan_reset_control' declared at 'd:/DMTS/MOLIT_Shoe_Schaner/Development/FPGA/Signal Source Control/Vivado/Signal_Souce_Control/Signal_Souce_Control.gen/sources_1/bd/Signal_Souce_Control_BD/ipshared/b8f4/hdl/mdm_v3_2_vh_rfs.vhd:300' bound to instance 'shift_n_reset_i' of component 'xil_scan_reset_control' [d:/DMTS/MOLIT_Shoe_Schaner/Development/FPGA/Signal Source Control/Vivado/Signal_Souce_Control/Signal_Souce_Control.gen/sources_1/bd/Signal_Souce_Control_BD/ipshared/b8f4/hdl/mdm_v3_2_vh_rfs.vhd:7732]
	Parameter C_TARGET bound to: 8 - type: integer 
	Parameter C_USE_BSCAN bound to: 0 - type: integer 
	Parameter C_MB_DBG_PORTS bound to: 1 - type: integer 
	Parameter C_USE_CONFIG_RESET bound to: 0 - type: integer 
	Parameter C_USE_SRL16 bound to: yes - type: string 
	Parameter C_DEBUG_INTERFACE bound to: 0 - type: integer 
	Parameter C_DBG_REG_ACCESS bound to: 0 - type: integer 
	Parameter C_DBG_MEM_ACCESS bound to: 0 - type: integer 
	Parameter C_M_AXI_ADDR_WIDTH bound to: 32 - type: integer 
	Parameter C_M_AXI_DATA_WIDTH bound to: 32 - type: integer 
	Parameter C_USE_CROSS_TRIGGER bound to: 0 - type: integer 
	Parameter C_EXT_TRIG_RESET_VALUE bound to: 20'b11110001001000110100 
	Parameter C_USE_UART bound to: 0 - type: integer 
	Parameter C_UART_WIDTH bound to: 8 - type: integer 
	Parameter C_TRACE_OUTPUT bound to: 0 - type: integer 
	Parameter C_TRACE_PROTOCOL bound to: 1 - type: integer 
	Parameter C_EN_WIDTH bound to: 1 - type: integer 
INFO: [Synth 8-3491] module 'JTAG_CONTROL' declared at 'd:/DMTS/MOLIT_Shoe_Schaner/Development/FPGA/Signal Source Control/Vivado/Signal_Souce_Control/Signal_Souce_Control.gen/sources_1/bd/Signal_Souce_Control_BD/ipshared/b8f4/hdl/mdm_v3_2_vh_rfs.vhd:3075' bound to instance 'JTAG_CONTROL_I' of component 'JTAG_CONTROL' [d:/DMTS/MOLIT_Shoe_Schaner/Development/FPGA/Signal Source Control/Vivado/Signal_Souce_Control/Signal_Souce_Control.gen/sources_1/bd/Signal_Souce_Control_BD/ipshared/b8f4/hdl/mdm_v3_2_vh_rfs.vhd:10423]
INFO: [Synth 8-638] synthesizing module 'JTAG_CONTROL' [d:/DMTS/MOLIT_Shoe_Schaner/Development/FPGA/Signal Source Control/Vivado/Signal_Souce_Control/Signal_Souce_Control.gen/sources_1/bd/Signal_Souce_Control_BD/ipshared/b8f4/hdl/mdm_v3_2_vh_rfs.vhd:3348]
INFO: [Synth 8-3491] module 'xil_scan_reset_control' declared at 'd:/DMTS/MOLIT_Shoe_Schaner/Development/FPGA/Signal Source Control/Vivado/Signal_Souce_Control/Signal_Souce_Control.gen/sources_1/bd/Signal_Souce_Control_BD/ipshared/b8f4/hdl/mdm_v3_2_vh_rfs.vhd:300' bound to instance 'config_with_scan_reset_i' of component 'xil_scan_reset_control' [d:/DMTS/MOLIT_Shoe_Schaner/Development/FPGA/Signal Source Control/Vivado/Signal_Souce_Control/Signal_Souce_Control.gen/sources_1/bd/Signal_Souce_Control_BD/ipshared/b8f4/hdl/mdm_v3_2_vh_rfs.vhd:3657]
INFO: [Synth 8-3491] module 'xil_scan_reset_control' declared at 'd:/DMTS/MOLIT_Shoe_Schaner/Development/FPGA/Signal Source Control/Vivado/Signal_Souce_Control/Signal_Souce_Control.gen/sources_1/bd/Signal_Souce_Control_BD/ipshared/b8f4/hdl/mdm_v3_2_vh_rfs.vhd:300' bound to instance 'sel_with_scan_reset_i' of component 'xil_scan_reset_control' [d:/DMTS/MOLIT_Shoe_Schaner/Development/FPGA/Signal Source Control/Vivado/Signal_Souce_Control/Signal_Souce_Control.gen/sources_1/bd/Signal_Souce_Control_BD/ipshared/b8f4/hdl/mdm_v3_2_vh_rfs.vhd:3665]
	Parameter C_TARGET bound to: 8 - type: integer 
INFO: [Synth 8-3491] module 'MB_FDC_1' declared at 'd:/DMTS/MOLIT_Shoe_Schaner/Development/FPGA/Signal Source Control/Vivado/Signal_Souce_Control/Signal_Souce_Control.gen/sources_1/bd/Signal_Souce_Control_BD/ipshared/b8f4/hdl/mdm_v3_2_vh_rfs.vhd:740' bound to instance 'FDC_I' of component 'MB_FDC_1' [d:/DMTS/MOLIT_Shoe_Schaner/Development/FPGA/Signal Source Control/Vivado/Signal_Souce_Control/Signal_Souce_Control.gen/sources_1/bd/Signal_Souce_Control_BD/ipshared/b8f4/hdl/mdm_v3_2_vh_rfs.vhd:3722]
INFO: [Synth 8-638] synthesizing module 'MB_FDC_1' [d:/DMTS/MOLIT_Shoe_Schaner/Development/FPGA/Signal Source Control/Vivado/Signal_Souce_Control/Signal_Souce_Control.gen/sources_1/bd/Signal_Souce_Control_BD/ipshared/b8f4/hdl/mdm_v3_2_vh_rfs.vhd:756]
	Parameter INIT bound to: 1'b0 
INFO: [Synth 8-113] binding component instance 'Native' to cell 'FDC_1' [d:/DMTS/MOLIT_Shoe_Schaner/Development/FPGA/Signal Source Control/Vivado/Signal_Souce_Control/Signal_Souce_Control.gen/sources_1/bd/Signal_Souce_Control_BD/ipshared/b8f4/hdl/mdm_v3_2_vh_rfs.vhd:777]
INFO: [Synth 8-256] done synthesizing module 'MB_FDC_1' (0#1) [d:/DMTS/MOLIT_Shoe_Schaner/Development/FPGA/Signal Source Control/Vivado/Signal_Souce_Control/Signal_Souce_Control.gen/sources_1/bd/Signal_Souce_Control_BD/ipshared/b8f4/hdl/mdm_v3_2_vh_rfs.vhd:756]
	Parameter C_TARGET bound to: 8 - type: integer 
INFO: [Synth 8-3491] module 'MB_FDRE_1' declared at 'd:/DMTS/MOLIT_Shoe_Schaner/Development/FPGA/Signal Source Control/Vivado/Signal_Souce_Control/Signal_Souce_Control.gen/sources_1/bd/Signal_Souce_Control_BD/ipshared/b8f4/hdl/mdm_v3_2_vh_rfs.vhd:799' bound to instance 'SYNC_FDRE' of component 'MB_FDRE_1' [d:/DMTS/MOLIT_Shoe_Schaner/Development/FPGA/Signal Source Control/Vivado/Signal_Souce_Control/Signal_Souce_Control.gen/sources_1/bd/Signal_Souce_Control_BD/ipshared/b8f4/hdl/mdm_v3_2_vh_rfs.vhd:3732]
INFO: [Synth 8-638] synthesizing module 'MB_FDRE_1' [d:/DMTS/MOLIT_Shoe_Schaner/Development/FPGA/Signal Source Control/Vivado/Signal_Souce_Control/Signal_Souce_Control.gen/sources_1/bd/Signal_Souce_Control_BD/ipshared/b8f4/hdl/mdm_v3_2_vh_rfs.vhd:816]
	Parameter INIT bound to: 1'b0 
INFO: [Synth 8-113] binding component instance 'Native' to cell 'FDRE_1' [d:/DMTS/MOLIT_Shoe_Schaner/Development/FPGA/Signal Source Control/Vivado/Signal_Souce_Control/Signal_Souce_Control.gen/sources_1/bd/Signal_Souce_Control_BD/ipshared/b8f4/hdl/mdm_v3_2_vh_rfs.vhd:839]
INFO: [Synth 8-256] done synthesizing module 'MB_FDRE_1' (0#1) [d:/DMTS/MOLIT_Shoe_Schaner/Development/FPGA/Signal Source Control/Vivado/Signal_Souce_Control/Signal_Souce_Control.gen/sources_1/bd/Signal_Souce_Control_BD/ipshared/b8f4/hdl/mdm_v3_2_vh_rfs.vhd:816]
	Parameter C_TARGET bound to: 8 - type: integer 
	Parameter C_STATIC bound to: 1 - type: bool 
	Parameter C_USE_SRL16 bound to: yes - type: string 
	Parameter INIT bound to: 16'b0000000101100111 
INFO: [Synth 8-3491] module 'MB_SRL16E' declared at 'd:/DMTS/MOLIT_Shoe_Schaner/Development/FPGA/Signal Source Control/Vivado/Signal_Souce_Control/Signal_Souce_Control.gen/sources_1/bd/Signal_Souce_Control_BD/ipshared/b8f4/hdl/mdm_v3_2_vh_rfs.vhd:862' bound to instance 'SRL16E_1' of component 'MB_SRL16E' [d:/DMTS/MOLIT_Shoe_Schaner/Development/FPGA/Signal Source Control/Vivado/Signal_Souce_Control/Signal_Souce_Control.gen/sources_1/bd/Signal_Souce_Control_BD/ipshared/b8f4/hdl/mdm_v3_2_vh_rfs.vhd:3926]
INFO: [Synth 8-638] synthesizing module 'MB_SRL16E' [d:/DMTS/MOLIT_Shoe_Schaner/Development/FPGA/Signal Source Control/Vivado/Signal_Souce_Control/Signal_Souce_Control.gen/sources_1/bd/Signal_Souce_Control_BD/ipshared/b8f4/hdl/mdm_v3_2_vh_rfs.vhd:886]
	Parameter INIT bound to: 16'b0000000101100111 
INFO: [Synth 8-113] binding component instance 'MB_SRL16E_I1' to cell 'SRL16E' [d:/DMTS/MOLIT_Shoe_Schaner/Development/FPGA/Signal Source Control/Vivado/Signal_Souce_Control/Signal_Souce_Control.gen/sources_1/bd/Signal_Souce_Control_BD/ipshared/b8f4/hdl/mdm_v3_2_vh_rfs.vhd:890]
INFO: [Synth 8-256] done synthesizing module 'MB_SRL16E' (0#1) [d:/DMTS/MOLIT_Shoe_Schaner/Development/FPGA/Signal Source Control/Vivado/Signal_Souce_Control/Signal_Souce_Control.gen/sources_1/bd/Signal_Souce_Control_BD/ipshared/b8f4/hdl/mdm_v3_2_vh_rfs.vhd:886]
	Parameter C_TARGET bound to: 8 - type: integer 
	Parameter C_STATIC bound to: 1 - type: bool 
	Parameter C_USE_SRL16 bound to: yes - type: string 
	Parameter INIT bound to: 16'b0100001010000111 
INFO: [Synth 8-3491] module 'MB_SRL16E' declared at 'd:/DMTS/MOLIT_Shoe_Schaner/Development/FPGA/Signal Source Control/Vivado/Signal_Souce_Control/Signal_Souce_Control.gen/sources_1/bd/Signal_Souce_Control_BD/ipshared/b8f4/hdl/mdm_v3_2_vh_rfs.vhd:862' bound to instance 'SRL16E_2' of component 'MB_SRL16E' [d:/DMTS/MOLIT_Shoe_Schaner/Development/FPGA/Signal Source Control/Vivado/Signal_Souce_Control/Signal_Souce_Control.gen/sources_1/bd/Signal_Souce_Control_BD/ipshared/b8f4/hdl/mdm_v3_2_vh_rfs.vhd:3944]
INFO: [Synth 8-638] synthesizing module 'MB_SRL16E__parameterized1' [d:/DMTS/MOLIT_Shoe_Schaner/Development/FPGA/Signal Source Control/Vivado/Signal_Souce_Control/Signal_Souce_Control.gen/sources_1/bd/Signal_Souce_Control_BD/ipshared/b8f4/hdl/mdm_v3_2_vh_rfs.vhd:886]
	Parameter INIT bound to: 16'b0100001010000111 
INFO: [Synth 8-113] binding component instance 'MB_SRL16E_I1' to cell 'SRL16E' [d:/DMTS/MOLIT_Shoe_Schaner/Development/FPGA/Signal Source Control/Vivado/Signal_Souce_Control/Signal_Souce_Control.gen/sources_1/bd/Signal_Souce_Control_BD/ipshared/b8f4/hdl/mdm_v3_2_vh_rfs.vhd:890]
INFO: [Synth 8-256] done synthesizing module 'MB_SRL16E__parameterized1' (0#1) [d:/DMTS/MOLIT_Shoe_Schaner/Development/FPGA/Signal Source Control/Vivado/Signal_Souce_Control/Signal_Souce_Control.gen/sources_1/bd/Signal_Souce_Control_BD/ipshared/b8f4/hdl/mdm_v3_2_vh_rfs.vhd:886]
	Parameter C_TARGET bound to: 8 - type: integer 
	Parameter C_STATIC bound to: 1 - type: bool 
	Parameter C_USE_SRL16 bound to: yes - type: string 
	Parameter INIT bound to: 16'b0100010001000011 
INFO: [Synth 8-3491] module 'MB_SRL16E' declared at 'd:/DMTS/MOLIT_Shoe_Schaner/Development/FPGA/Signal Source Control/Vivado/Signal_Souce_Control/Signal_Souce_Control.gen/sources_1/bd/Signal_Souce_Control_BD/ipshared/b8f4/hdl/mdm_v3_2_vh_rfs.vhd:862' bound to instance 'SRL16E_ID_1' of component 'MB_SRL16E' [d:/DMTS/MOLIT_Shoe_Schaner/Development/FPGA/Signal Source Control/Vivado/Signal_Souce_Control/Signal_Souce_Control.gen/sources_1/bd/Signal_Souce_Control_BD/ipshared/b8f4/hdl/mdm_v3_2_vh_rfs.vhd:4015]
INFO: [Synth 8-638] synthesizing module 'MB_SRL16E__parameterized3' [d:/DMTS/MOLIT_Shoe_Schaner/Development/FPGA/Signal Source Control/Vivado/Signal_Souce_Control/Signal_Souce_Control.gen/sources_1/bd/Signal_Souce_Control_BD/ipshared/b8f4/hdl/mdm_v3_2_vh_rfs.vhd:886]
	Parameter INIT bound to: 16'b0100010001000011 
INFO: [Synth 8-113] binding component instance 'MB_SRL16E_I1' to cell 'SRL16E' [d:/DMTS/MOLIT_Shoe_Schaner/Development/FPGA/Signal Source Control/Vivado/Signal_Souce_Control/Signal_Souce_Control.gen/sources_1/bd/Signal_Souce_Control_BD/ipshared/b8f4/hdl/mdm_v3_2_vh_rfs.vhd:890]
INFO: [Synth 8-256] done synthesizing module 'MB_SRL16E__parameterized3' (0#1) [d:/DMTS/MOLIT_Shoe_Schaner/Development/FPGA/Signal Source Control/Vivado/Signal_Souce_Control/Signal_Souce_Control.gen/sources_1/bd/Signal_Souce_Control_BD/ipshared/b8f4/hdl/mdm_v3_2_vh_rfs.vhd:886]
	Parameter C_TARGET bound to: 8 - type: integer 
	Parameter C_STATIC bound to: 1 - type: bool 
	Parameter C_USE_SRL16 bound to: yes - type: string 
	Parameter INIT bound to: 16'b0101100001001101 
INFO: [Synth 8-3491] module 'MB_SRL16E' declared at 'd:/DMTS/MOLIT_Shoe_Schaner/Development/FPGA/Signal Source Control/Vivado/Signal_Souce_Control/Signal_Souce_Control.gen/sources_1/bd/Signal_Souce_Control_BD/ipshared/b8f4/hdl/mdm_v3_2_vh_rfs.vhd:862' bound to instance 'SRL16E_ID_2' of component 'MB_SRL16E' [d:/DMTS/MOLIT_Shoe_Schaner/Development/FPGA/Signal Source Control/Vivado/Signal_Souce_Control/Signal_Souce_Control.gen/sources_1/bd/Signal_Souce_Control_BD/ipshared/b8f4/hdl/mdm_v3_2_vh_rfs.vhd:4033]
INFO: [Synth 8-638] synthesizing module 'MB_SRL16E__parameterized5' [d:/DMTS/MOLIT_Shoe_Schaner/Development/FPGA/Signal Source Control/Vivado/Signal_Souce_Control/Signal_Souce_Control.gen/sources_1/bd/Signal_Souce_Control_BD/ipshared/b8f4/hdl/mdm_v3_2_vh_rfs.vhd:886]
	Parameter INIT bound to: 16'b0101100001001101 
INFO: [Synth 8-113] binding component instance 'MB_SRL16E_I1' to cell 'SRL16E' [d:/DMTS/MOLIT_Shoe_Schaner/Development/FPGA/Signal Source Control/Vivado/Signal_Souce_Control/Signal_Souce_Control.gen/sources_1/bd/Signal_Souce_Control_BD/ipshared/b8f4/hdl/mdm_v3_2_vh_rfs.vhd:890]
INFO: [Synth 8-256] done synthesizing module 'MB_SRL16E__parameterized5' (0#1) [d:/DMTS/MOLIT_Shoe_Schaner/Development/FPGA/Signal Source Control/Vivado/Signal_Souce_Control/Signal_Souce_Control.gen/sources_1/bd/Signal_Souce_Control_BD/ipshared/b8f4/hdl/mdm_v3_2_vh_rfs.vhd:886]
INFO: [Synth 8-256] done synthesizing module 'JTAG_CONTROL' (0#1) [d:/DMTS/MOLIT_Shoe_Schaner/Development/FPGA/Signal Source Control/Vivado/Signal_Souce_Control/Signal_Souce_Control.gen/sources_1/bd/Signal_Souce_Control_BD/ipshared/b8f4/hdl/mdm_v3_2_vh_rfs.vhd:3348]
INFO: [Synth 8-256] done synthesizing module 'MDM_Core' (0#1) [d:/DMTS/MOLIT_Shoe_Schaner/Development/FPGA/Signal Source Control/Vivado/Signal_Souce_Control/Signal_Souce_Control.gen/sources_1/bd/Signal_Souce_Control_BD/ipshared/b8f4/hdl/mdm_v3_2_vh_rfs.vhd:7029]
INFO: [Synth 8-256] done synthesizing module 'MDM' (0#1) [d:/DMTS/MOLIT_Shoe_Schaner/Development/FPGA/Signal Source Control/Vivado/Signal_Souce_Control/Signal_Souce_Control.gen/sources_1/bd/Signal_Souce_Control_BD/ipshared/b8f4/hdl/mdm_v3_2_vh_rfs.vhd:14358]
INFO: [Synth 8-256] done synthesizing module 'Signal_Souce_Control_BD_mdm_1_0' (0#1) [d:/DMTS/MOLIT_Shoe_Schaner/Development/FPGA/Signal Source Control/Vivado/Signal_Souce_Control/Signal_Souce_Control.gen/sources_1/bd/Signal_Souce_Control_BD/ip/Signal_Souce_Control_BD_mdm_1_0/synth/Signal_Souce_Control_BD_mdm_1_0.vhd:74]
WARNING: [Synth 8-6014] Unused sequential element set_Ext_BRK_reg was removed.  [d:/DMTS/MOLIT_Shoe_Schaner/Development/FPGA/Signal Source Control/Vivado/Signal_Souce_Control/Signal_Souce_Control.gen/sources_1/bd/Signal_Souce_Control_BD/ipshared/b8f4/hdl/mdm_v3_2_vh_rfs.vhd:4121]
WARNING: [Synth 8-7129] Port Config_Reset in module MB_SRL16E__parameterized5 is either unconnected or has no load
WARNING: [Synth 8-7129] Port Config_Reset in module MB_SRL16E__parameterized3 is either unconnected or has no load
WARNING: [Synth 8-7129] Port Config_Reset in module MB_SRL16E__parameterized1 is either unconnected or has no load
WARNING: [Synth 8-7129] Port Config_Reset in module MB_SRL16E is either unconnected or has no load
WARNING: [Synth 8-7129] Port Clk in module JTAG_CONTROL is either unconnected or has no load
WARNING: [Synth 8-7129] Port Rst in module JTAG_CONTROL is either unconnected or has no load
WARNING: [Synth 8-7129] Port Clear_Ext_BRK in module JTAG_CONTROL is either unconnected or has no load
WARNING: [Synth 8-7129] Port Read_RX_FIFO in module JTAG_CONTROL is either unconnected or has no load
WARNING: [Synth 8-7129] Port Reset_RX_FIFO in module JTAG_CONTROL is either unconnected or has no load
WARNING: [Synth 8-7129] Port Write_TX_FIFO in module JTAG_CONTROL is either unconnected or has no load
WARNING: [Synth 8-7129] Port Reset_TX_FIFO in module JTAG_CONTROL is either unconnected or has no load
WARNING: [Synth 8-7129] Port TX_Data[0] in module JTAG_CONTROL is either unconnected or has no load
WARNING: [Synth 8-7129] Port TX_Data[1] in module JTAG_CONTROL is either unconnected or has no load
WARNING: [Synth 8-7129] Port TX_Data[2] in module JTAG_CONTROL is either unconnected or has no load
WARNING: [Synth 8-7129] Port TX_Data[3] in module JTAG_CONTROL is either unconnected or has no load
WARNING: [Synth 8-7129] Port TX_Data[4] in module JTAG_CONTROL is either unconnected or has no load
WARNING: [Synth 8-7129] Port TX_Data[5] in module JTAG_CONTROL is either unconnected or has no load
WARNING: [Synth 8-7129] Port TX_Data[6] in module JTAG_CONTROL is either unconnected or has no load
WARNING: [Synth 8-7129] Port TX_Data[7] in module JTAG_CONTROL is either unconnected or has no load
WARNING: [Synth 8-7129] Port DbgReg_DRCK in module JTAG_CONTROL is either unconnected or has no load
WARNING: [Synth 8-7129] Port DbgReg_UPDATE in module JTAG_CONTROL is either unconnected or has no load
WARNING: [Synth 8-7129] Port DbgReg_Access_Lock in module JTAG_CONTROL is either unconnected or has no load
WARNING: [Synth 8-7129] Port DbgReg_Force_Lock in module JTAG_CONTROL is either unconnected or has no load
WARNING: [Synth 8-7129] Port DbgReg_Unlocked in module JTAG_CONTROL is either unconnected or has no load
WARNING: [Synth 8-7129] Port AXI_Transaction in module JTAG_CONTROL is either unconnected or has no load
WARNING: [Synth 8-7129] Port AXI_Instr_Overrun in module JTAG_CONTROL is either unconnected or has no load
WARNING: [Synth 8-7129] Port AXI_Data_Overrun in module JTAG_CONTROL is either unconnected or has no load
WARNING: [Synth 8-7129] Port RESET in module JTAG_CONTROL is either unconnected or has no load
WARNING: [Synth 8-7129] Port M_AXI_ACLK in module JTAG_CONTROL is either unconnected or has no load
WARNING: [Synth 8-7129] Port M_AXI_ARESETn in module JTAG_CONTROL is either unconnected or has no load
WARNING: [Synth 8-7129] Port Master_rd_idle in module JTAG_CONTROL is either unconnected or has no load
WARNING: [Synth 8-7129] Port Master_rd_resp[1] in module JTAG_CONTROL is either unconnected or has no load
WARNING: [Synth 8-7129] Port Master_rd_resp[0] in module JTAG_CONTROL is either unconnected or has no load
WARNING: [Synth 8-7129] Port Master_wr_idle in module JTAG_CONTROL is either unconnected or has no load
WARNING: [Synth 8-7129] Port Master_wr_resp[1] in module JTAG_CONTROL is either unconnected or has no load
WARNING: [Synth 8-7129] Port Master_wr_resp[0] in module JTAG_CONTROL is either unconnected or has no load
WARNING: [Synth 8-7129] Port Master_data_out[31] in module JTAG_CONTROL is either unconnected or has no load
WARNING: [Synth 8-7129] Port Master_data_out[30] in module JTAG_CONTROL is either unconnected or has no load
WARNING: [Synth 8-7129] Port Master_data_out[29] in module JTAG_CONTROL is either unconnected or has no load
WARNING: [Synth 8-7129] Port Master_data_out[28] in module JTAG_CONTROL is either unconnected or has no load
WARNING: [Synth 8-7129] Port Master_data_out[27] in module JTAG_CONTROL is either unconnected or has no load
WARNING: [Synth 8-7129] Port Master_data_out[26] in module JTAG_CONTROL is either unconnected or has no load
WARNING: [Synth 8-7129] Port Master_data_out[25] in module JTAG_CONTROL is either unconnected or has no load
WARNING: [Synth 8-7129] Port Master_data_out[24] in module JTAG_CONTROL is either unconnected or has no load
WARNING: [Synth 8-7129] Port Master_data_out[23] in module JTAG_CONTROL is either unconnected or has no load
WARNING: [Synth 8-7129] Port Master_data_out[22] in module JTAG_CONTROL is either unconnected or has no load
WARNING: [Synth 8-7129] Port Master_data_out[21] in module JTAG_CONTROL is either unconnected or has no load
WARNING: [Synth 8-7129] Port Master_data_out[20] in module JTAG_CONTROL is either unconnected or has no load
WARNING: [Synth 8-7129] Port Master_data_out[19] in module JTAG_CONTROL is either unconnected or has no load
WARNING: [Synth 8-7129] Port Master_data_out[18] in module JTAG_CONTROL is either unconnected or has no load
WARNING: [Synth 8-7129] Port Master_data_out[17] in module JTAG_CONTROL is either unconnected or has no load
WARNING: [Synth 8-7129] Port Master_data_out[16] in module JTAG_CONTROL is either unconnected or has no load
WARNING: [Synth 8-7129] Port Master_data_out[15] in module JTAG_CONTROL is either unconnected or has no load
WARNING: [Synth 8-7129] Port Master_data_out[14] in module JTAG_CONTROL is either unconnected or has no load
WARNING: [Synth 8-7129] Port Master_data_out[13] in module JTAG_CONTROL is either unconnected or has no load
WARNING: [Synth 8-7129] Port Master_data_out[12] in module JTAG_CONTROL is either unconnected or has no load
WARNING: [Synth 8-7129] Port Master_data_out[11] in module JTAG_CONTROL is either unconnected or has no load
WARNING: [Synth 8-7129] Port Master_data_out[10] in module JTAG_CONTROL is either unconnected or has no load
WARNING: [Synth 8-7129] Port Master_data_out[9] in module JTAG_CONTROL is either unconnected or has no load
WARNING: [Synth 8-7129] Port Master_data_out[8] in module JTAG_CONTROL is either unconnected or has no load
WARNING: [Synth 8-7129] Port Master_data_out[7] in module JTAG_CONTROL is either unconnected or has no load
WARNING: [Synth 8-7129] Port Master_data_out[6] in module JTAG_CONTROL is either unconnected or has no load
WARNING: [Synth 8-7129] Port Master_data_out[5] in module JTAG_CONTROL is either unconnected or has no load
WARNING: [Synth 8-7129] Port Master_data_out[4] in module JTAG_CONTROL is either unconnected or has no load
WARNING: [Synth 8-7129] Port Master_data_out[3] in module JTAG_CONTROL is either unconnected or has no load
WARNING: [Synth 8-7129] Port Master_data_out[2] in module JTAG_CONTROL is either unconnected or has no load
WARNING: [Synth 8-7129] Port Master_data_out[1] in module JTAG_CONTROL is either unconnected or has no load
WARNING: [Synth 8-7129] Port Master_data_out[0] in module JTAG_CONTROL is either unconnected or has no load
WARNING: [Synth 8-7129] Port Master_data_exists in module JTAG_CONTROL is either unconnected or has no load
WARNING: [Synth 8-7129] Port Master_data_empty in module JTAG_CONTROL is either unconnected or has no load
WARNING: [Synth 8-7129] Port Master_dwr_done in module JTAG_CONTROL is either unconnected or has no load
WARNING: [Synth 8-7129] Port Master_dwr_resp[1] in module JTAG_CONTROL is either unconnected or has no load
WARNING: [Synth 8-7129] Port Master_dwr_resp[0] in module JTAG_CONTROL is either unconnected or has no load
WARNING: [Synth 8-7129] Port Dbg_Trig_In_0[0] in module JTAG_CONTROL is either unconnected or has no load
WARNING: [Synth 8-7129] Port Dbg_Trig_In_0[1] in module JTAG_CONTROL is either unconnected or has no load
WARNING: [Synth 8-7129] Port Dbg_Trig_In_0[2] in module JTAG_CONTROL is either unconnected or has no load
WARNING: [Synth 8-7129] Port Dbg_Trig_In_0[3] in module JTAG_CONTROL is either unconnected or has no load
WARNING: [Synth 8-7129] Port Dbg_Trig_In_0[4] in module JTAG_CONTROL is either unconnected or has no load
WARNING: [Synth 8-7129] Port Dbg_Trig_In_0[5] in module JTAG_CONTROL is either unconnected or has no load
WARNING: [Synth 8-7129] Port Dbg_Trig_In_0[6] in module JTAG_CONTROL is either unconnected or has no load
WARNING: [Synth 8-7129] Port Dbg_Trig_In_0[7] in module JTAG_CONTROL is either unconnected or has no load
WARNING: [Synth 8-7129] Port Dbg_Trig_In_1[0] in module JTAG_CONTROL is either unconnected or has no load
WARNING: [Synth 8-7129] Port Dbg_Trig_In_1[1] in module JTAG_CONTROL is either unconnected or has no load
WARNING: [Synth 8-7129] Port Dbg_Trig_In_1[2] in module JTAG_CONTROL is either unconnected or has no load
WARNING: [Synth 8-7129] Port Dbg_Trig_In_1[3] in module JTAG_CONTROL is either unconnected or has no load
WARNING: [Synth 8-7129] Port Dbg_Trig_In_1[4] in module JTAG_CONTROL is either unconnected or has no load
WARNING: [Synth 8-7129] Port Dbg_Trig_In_1[5] in module JTAG_CONTROL is either unconnected or has no load
WARNING: [Synth 8-7129] Port Dbg_Trig_In_1[6] in module JTAG_CONTROL is either unconnected or has no load
WARNING: [Synth 8-7129] Port Dbg_Trig_In_1[7] in module JTAG_CONTROL is either unconnected or has no load
WARNING: [Synth 8-7129] Port Dbg_Trig_In_2[0] in module JTAG_CONTROL is either unconnected or has no load
WARNING: [Synth 8-7129] Port Dbg_Trig_In_2[1] in module JTAG_CONTROL is either unconnected or has no load
WARNING: [Synth 8-7129] Port Dbg_Trig_In_2[2] in module JTAG_CONTROL is either unconnected or has no load
WARNING: [Synth 8-7129] Port Dbg_Trig_In_2[3] in module JTAG_CONTROL is either unconnected or has no load
WARNING: [Synth 8-7129] Port Dbg_Trig_In_2[4] in module JTAG_CONTROL is either unconnected or has no load
WARNING: [Synth 8-7129] Port Dbg_Trig_In_2[5] in module JTAG_CONTROL is either unconnected or has no load
WARNING: [Synth 8-7129] Port Dbg_Trig_In_2[6] in module JTAG_CONTROL is either unconnected or has no load
WARNING: [Synth 8-7129] Port Dbg_Trig_In_2[7] in module JTAG_CONTROL is either unconnected or has no load
WARNING: [Synth 8-7129] Port Dbg_Trig_In_3[0] in module JTAG_CONTROL is either unconnected or has no load
WARNING: [Synth 8-7129] Port Dbg_Trig_In_3[1] in module JTAG_CONTROL is either unconnected or has no load
WARNING: [Synth 8-7129] Port Dbg_Trig_In_3[2] in module JTAG_CONTROL is either unconnected or has no load
INFO: [Common 17-14] Message 'Synth 8-7129' appears 100 times and further instances of the messages will be disabled. Use the Tcl command set_msg_config to change the current settings.
---------------------------------------------------------------------------------
Finished RTL Elaboration : Time (s): cpu = 00:00:16 ; elapsed = 00:00:19 . Memory (MB): peak = 2113.527 ; gain = 492.840
---------------------------------------------------------------------------------
---------------------------------------------------------------------------------
Start Handling Custom Attributes
---------------------------------------------------------------------------------
---------------------------------------------------------------------------------
Finished Handling Custom Attributes : Time (s): cpu = 00:00:16 ; elapsed = 00:00:19 . Memory (MB): peak = 2113.527 ; gain = 492.840
---------------------------------------------------------------------------------
---------------------------------------------------------------------------------
Finished RTL Optimization Phase 1 : Time (s): cpu = 00:00:16 ; elapsed = 00:00:19 . Memory (MB): peak = 2113.527 ; gain = 492.840
---------------------------------------------------------------------------------
Netlist sorting complete. Time (s): cpu = 00:00:00 ; elapsed = 00:00:00.093 . Memory (MB): peak = 2113.527 ; gain = 0.000
INFO: [Netlist 29-17] Analyzing 3 Unisim elements for replacement
INFO: [Netlist 29-28] Unisim Transformation completed in 0 CPU seconds
INFO: [Project 1-570] Preparing netlist for logic optimization

Processing XDC Constraints
Initializing timing engine
Parsing XDC File [D:/DMTS/MOLIT_Shoe_Schaner/Development/FPGA/Signal Source Control/Vivado/Signal_Souce_Control/Signal_Souce_Control.runs/Signal_Souce_Control_BD_mdm_1_0_synth_1/dont_touch.xdc]
Finished Parsing XDC File [D:/DMTS/MOLIT_Shoe_Schaner/Development/FPGA/Signal Source Control/Vivado/Signal_Souce_Control/Signal_Souce_Control.runs/Signal_Souce_Control_BD_mdm_1_0_synth_1/dont_touch.xdc]
Parsing XDC File [d:/DMTS/MOLIT_Shoe_Schaner/Development/FPGA/Signal Source Control/Vivado/Signal_Souce_Control/Signal_Souce_Control.gen/sources_1/bd/Signal_Souce_Control_BD/ip/Signal_Souce_Control_BD_mdm_1_0/Signal_Souce_Control_BD_mdm_1_0_ooc_trace.xdc] for cell 'U0'
Finished Parsing XDC File [d:/DMTS/MOLIT_Shoe_Schaner/Development/FPGA/Signal Source Control/Vivado/Signal_Souce_Control/Signal_Souce_Control.gen/sources_1/bd/Signal_Souce_Control_BD/ip/Signal_Souce_Control_BD_mdm_1_0/Signal_Souce_Control_BD_mdm_1_0_ooc_trace.xdc] for cell 'U0'
Parsing XDC File [d:/DMTS/MOLIT_Shoe_Schaner/Development/FPGA/Signal Source Control/Vivado/Signal_Souce_Control/Signal_Souce_Control.gen/sources_1/bd/Signal_Souce_Control_BD/ip/Signal_Souce_Control_BD_mdm_1_0/Signal_Souce_Control_BD_mdm_1_0.xdc] for cell 'U0'
create_clock: Time (s): cpu = 00:00:05 ; elapsed = 00:00:05 . Memory (MB): peak = 2211.773 ; gain = 0.734
Finished Parsing XDC File [d:/DMTS/MOLIT_Shoe_Schaner/Development/FPGA/Signal Source Control/Vivado/Signal_Souce_Control/Signal_Souce_Control.gen/sources_1/bd/Signal_Souce_Control_BD/ip/Signal_Souce_Control_BD_mdm_1_0/Signal_Souce_Control_BD_mdm_1_0.xdc] for cell 'U0'
INFO: [Project 1-236] Implementation specific constraints were found while reading constraint file [d:/DMTS/MOLIT_Shoe_Schaner/Development/FPGA/Signal Source Control/Vivado/Signal_Souce_Control/Signal_Souce_Control.gen/sources_1/bd/Signal_Souce_Control_BD/ip/Signal_Souce_Control_BD_mdm_1_0/Signal_Souce_Control_BD_mdm_1_0.xdc]. These constraints will be ignored for synthesis but will be used in implementation. Impacted constraints are listed in the file [.Xil/Signal_Souce_Control_BD_mdm_1_0_propImpl.xdc].
Resolution: To avoid this warning, move constraints listed in [.Xil/Signal_Souce_Control_BD_mdm_1_0_propImpl.xdc] to another XDC file and exclude this new file from synthesis with the used_in_synthesis property (File Properties dialog in GUI) and re-run elaboration/synthesis.
Completed Processing XDC Constraints

Netlist sorting complete. Time (s): cpu = 00:00:00 ; elapsed = 00:00:00 . Memory (MB): peak = 2211.773 ; gain = 0.000
INFO: [Project 1-111] Unisim Transformation Summary:
  A total of 3 instances were transformed.
  BUFGCE_1 => BUFGCTRL: 1 instance 
  FDC_1 => FDCE (inverted pins: C): 1 instance 
  FDRE_1 => FDRE (inverted pins: C): 1 instance 

Constraint Validation Runtime : Time (s): cpu = 00:00:00 ; elapsed = 00:00:00.025 . Memory (MB): peak = 2211.773 ; gain = 0.000
INFO: [Designutils 20-5008] Incremental synthesis strategy off
INFO: [Synth 8-11241] undeclared symbol 'REGCCE', assumed default net type 'wire' [D:/Xilinx/Vivado/2022.2/data/verilog/src/unimacro/BRAM_SINGLE_MACRO.v:2170]
---------------------------------------------------------------------------------
Finished Constraint Validation : Time (s): cpu = 00:00:33 ; elapsed = 00:00:36 . Memory (MB): peak = 2211.773 ; gain = 591.086
---------------------------------------------------------------------------------
---------------------------------------------------------------------------------
Start Loading Part and Timing Information
---------------------------------------------------------------------------------
Loading part: xcku5p-ffvb676-2-e
INFO: [Synth 8-6742] Reading net delay rules and data
---------------------------------------------------------------------------------
Finished Loading Part and Timing Information : Time (s): cpu = 00:00:33 ; elapsed = 00:00:36 . Memory (MB): peak = 2211.773 ; gain = 591.086
---------------------------------------------------------------------------------
---------------------------------------------------------------------------------
Start Applying 'set_property' XDC Constraints
---------------------------------------------------------------------------------
Applied set_property KEEP_HIERARCHY = SOFT for U0. (constraint file  {D:/DMTS/MOLIT_Shoe_Schaner/Development/FPGA/Signal Source Control/Vivado/Signal_Souce_Control/Signal_Souce_Control.runs/Signal_Souce_Control_BD_mdm_1_0_synth_1/dont_touch.xdc}, line 9).
---------------------------------------------------------------------------------
Finished applying 'set_property' XDC Constraints : Time (s): cpu = 00:00:33 ; elapsed = 00:00:36 . Memory (MB): peak = 2211.773 ; gain = 591.086
---------------------------------------------------------------------------------
---------------------------------------------------------------------------------
Finished RTL Optimization Phase 2 : Time (s): cpu = 00:00:34 ; elapsed = 00:00:37 . Memory (MB): peak = 2211.773 ; gain = 591.086
---------------------------------------------------------------------------------
---------------------------------------------------------------------------------
Start RTL Component Statistics 
---------------------------------------------------------------------------------
Detailed RTL Component Info : 
+---Adders : 
	   2 Input   10 Bit       Adders := 1     
	   2 Input    6 Bit       Adders := 1     
	   2 Input    5 Bit       Adders := 1     
	   2 Input    2 Bit       Adders := 1     
+---Registers : 
	               32 Bit    Registers := 1     
	               16 Bit    Registers := 1     
	                8 Bit    Registers := 3     
	                6 Bit    Registers := 2     
	                5 Bit    Registers := 1     
	                4 Bit    Registers := 3     
	                3 Bit    Registers := 1     
	                2 Bit    Registers := 1     
	                1 Bit    Registers := 11    
+---Muxes : 
	   2 Input   16 Bit        Muxes := 4     
	   2 Input   10 Bit        Muxes := 3     
	   2 Input    8 Bit        Muxes := 3     
	   2 Input    6 Bit        Muxes := 1     
	   2 Input    5 Bit        Muxes := 1     
	   2 Input    3 Bit        Muxes := 2     
	   2 Input    2 Bit        Muxes := 1     
	   2 Input    1 Bit        Muxes := 23    
	  12 Input    1 Bit        Muxes := 1     
	   4 Input    1 Bit        Muxes := 1     
---------------------------------------------------------------------------------
Finished RTL Component Statistics 
---------------------------------------------------------------------------------
---------------------------------------------------------------------------------
Start Part Resource Summary
---------------------------------------------------------------------------------
Part Resources:
DSPs: 1824 (col length:96)
BRAMs: 960 (col length: RAMB18 96 RAMB36 48)
---------------------------------------------------------------------------------
Finished Part Resource Summary
---------------------------------------------------------------------------------
---------------------------------------------------------------------------------
Start Cross Boundary and Area Optimization
---------------------------------------------------------------------------------
WARNING: [Synth 8-7080] Parallel synthesis criteria is not met
---------------------------------------------------------------------------------
Finished Cross Boundary and Area Optimization : Time (s): cpu = 00:00:38 ; elapsed = 00:00:41 . Memory (MB): peak = 2211.773 ; gain = 591.086
---------------------------------------------------------------------------------
---------------------------------------------------------------------------------
Start Applying XDC Timing Constraints
---------------------------------------------------------------------------------
---------------------------------------------------------------------------------
Finished Applying XDC Timing Constraints : Time (s): cpu = 00:00:55 ; elapsed = 00:01:00 . Memory (MB): peak = 2552.293 ; gain = 931.605
---------------------------------------------------------------------------------
---------------------------------------------------------------------------------
Start Timing Optimization
---------------------------------------------------------------------------------
---------------------------------------------------------------------------------
Finished Timing Optimization : Time (s): cpu = 00:00:56 ; elapsed = 00:01:00 . Memory (MB): peak = 2587.008 ; gain = 966.320
---------------------------------------------------------------------------------
---------------------------------------------------------------------------------
Start Technology Mapping
---------------------------------------------------------------------------------
---------------------------------------------------------------------------------
Finished Technology Mapping : Time (s): cpu = 00:00:56 ; elapsed = 00:01:00 . Memory (MB): peak = 2587.008 ; gain = 966.320
---------------------------------------------------------------------------------
---------------------------------------------------------------------------------
Start IO Insertion
---------------------------------------------------------------------------------
---------------------------------------------------------------------------------
Start Flattening Before IO Insertion
---------------------------------------------------------------------------------
---------------------------------------------------------------------------------
Finished Flattening Before IO Insertion
---------------------------------------------------------------------------------
---------------------------------------------------------------------------------
Start Final Netlist Cleanup
---------------------------------------------------------------------------------
---------------------------------------------------------------------------------
Finished Final Netlist Cleanup
---------------------------------------------------------------------------------
---------------------------------------------------------------------------------
Finished IO Insertion : Time (s): cpu = 00:01:02 ; elapsed = 00:01:06 . Memory (MB): peak = 2587.008 ; gain = 966.320
---------------------------------------------------------------------------------
---------------------------------------------------------------------------------
Start Renaming Generated Instances
---------------------------------------------------------------------------------
---------------------------------------------------------------------------------
Finished Renaming Generated Instances : Time (s): cpu = 00:01:02 ; elapsed = 00:01:06 . Memory (MB): peak = 2587.008 ; gain = 966.320
---------------------------------------------------------------------------------
---------------------------------------------------------------------------------
Start Rebuilding User Hierarchy
---------------------------------------------------------------------------------
---------------------------------------------------------------------------------
Finished Rebuilding User Hierarchy : Time (s): cpu = 00:01:02 ; elapsed = 00:01:06 . Memory (MB): peak = 2587.008 ; gain = 966.320
---------------------------------------------------------------------------------
---------------------------------------------------------------------------------
Start Renaming Generated Ports
---------------------------------------------------------------------------------
---------------------------------------------------------------------------------
Finished Renaming Generated Ports : Time (s): cpu = 00:01:02 ; elapsed = 00:01:06 . Memory (MB): peak = 2587.008 ; gain = 966.320
---------------------------------------------------------------------------------
---------------------------------------------------------------------------------
Start Handling Custom Attributes
---------------------------------------------------------------------------------
---------------------------------------------------------------------------------
Finished Handling Custom Attributes : Time (s): cpu = 00:01:02 ; elapsed = 00:01:06 . Memory (MB): peak = 2587.008 ; gain = 966.320
---------------------------------------------------------------------------------
---------------------------------------------------------------------------------
Start Renaming Generated Nets
---------------------------------------------------------------------------------
---------------------------------------------------------------------------------
Finished Renaming Generated Nets : Time (s): cpu = 00:01:02 ; elapsed = 00:01:06 . Memory (MB): peak = 2587.008 ; gain = 966.320
---------------------------------------------------------------------------------
---------------------------------------------------------------------------------
Start ROM, RAM, DSP, Shift Register and Retiming Reporting
---------------------------------------------------------------------------------

Static Shift Register Report:
+------------+------------------------------------------+--------+-------+--------------+--------------------+-------------------+--------+---------+
|Module Name | RTL Name                                 | Length | Width | Reset Signal | Pull out first Reg | Pull out last Reg | SRL16E | SRLC32E | 
+------------+------------------------------------------+--------+-------+--------------+--------------------+-------------------+--------+---------+
|MDM         | MDM_Core_I1/Use_BSCAN.Config_Reg_reg[26] | 4      | 1     | YES          | NO                 | YES               | 1      | 0       | 
|MDM         | MDM_Core_I1/Use_BSCAN.Config_Reg_reg[10] | 15     | 1     | YES          | NO                 | YES               | 1      | 0       | 
|MDM         | MDM_Core_I1/Use_BSCAN.Config_Reg_reg[3]  | 6      | 1     | YES          | NO                 | YES               | 1      | 0       | 
+------------+------------------------------------------+--------+-------+--------------+--------------------+-------------------+--------+---------+

---------------------------------------------------------------------------------
Finished ROM, RAM, DSP, Shift Register and Retiming Reporting
---------------------------------------------------------------------------------
---------------------------------------------------------------------------------
Start Writing Synthesis Report
---------------------------------------------------------------------------------

Report BlackBoxes: 
+-+--------------+----------+
| |BlackBox name |Instances |
+-+--------------+----------+
+-+--------------+----------+

Report Cell Usage: 
+------+--------+------+
|      |Cell    |Count |
+------+--------+------+
|1     |BSCANE2 |     1|
|2     |BUFGCE  |     1|
|3     |LUT1    |     5|
|4     |LUT2    |    14|
|5     |LUT3    |    24|
|6     |LUT4    |    13|
|7     |LUT5    |    18|
|8     |LUT6    |    32|
|9     |SRL16E  |     7|
|14    |FDCE    |    30|
|15    |FDC     |     1|
|16    |FDPE    |     6|
|17    |FDRE    |    74|
+------+--------+------+
---------------------------------------------------------------------------------
Finished Writing Synthesis Report : Time (s): cpu = 00:01:02 ; elapsed = 00:01:06 . Memory (MB): peak = 2587.008 ; gain = 966.320
---------------------------------------------------------------------------------
Synthesis finished with 0 errors, 0 critical warnings and 4312 warnings.
Synthesis Optimization Runtime : Time (s): cpu = 00:00:37 ; elapsed = 00:00:57 . Memory (MB): peak = 2587.008 ; gain = 868.074
Synthesis Optimization Complete : Time (s): cpu = 00:01:02 ; elapsed = 00:01:06 . Memory (MB): peak = 2587.008 ; gain = 966.320
INFO: [Project 1-571] Translating synthesized netlist
Netlist sorting complete. Time (s): cpu = 00:00:00 ; elapsed = 00:00:00.035 . Memory (MB): peak = 2587.008 ; gain = 0.000
INFO: [Netlist 29-17] Analyzing 3 Unisim elements for replacement
INFO: [Netlist 29-28] Unisim Transformation completed in 0 CPU seconds
INFO: [Project 1-570] Preparing netlist for logic optimization
INFO: [Opt 31-138] Pushed 0 inverter(s) to 0 load pin(s).
Netlist sorting complete. Time (s): cpu = 00:00:00 ; elapsed = 00:00:00 . Memory (MB): peak = 2625.230 ; gain = 0.000
INFO: [Project 1-111] Unisim Transformation Summary:
  A total of 3 instances were transformed.
  BUFGCE_1 => BUFGCTRL: 1 instance 
  FDC_1 => FDCE (inverted pins: C): 1 instance 
  FDRE_1 => FDRE (inverted pins: C): 1 instance 

Synth Design complete, checksum: 202b0d8c
INFO: [Common 17-83] Releasing license: Synthesis
77 Infos, 102 Warnings, 0 Critical Warnings and 0 Errors encountered.
synth_design completed successfully
synth_design: Time (s): cpu = 00:01:15 ; elapsed = 00:01:22 . Memory (MB): peak = 2625.230 ; gain = 2036.586
INFO: [Common 17-1381] The checkpoint 'D:/DMTS/MOLIT_Shoe_Schaner/Development/FPGA/Signal Source Control/Vivado/Signal_Souce_Control/Signal_Souce_Control.runs/Signal_Souce_Control_BD_mdm_1_0_synth_1/Signal_Souce_Control_BD_mdm_1_0.dcp' has been generated.
INFO: [Coretcl 2-1648] Added synthesis output to IP cache for IP Signal_Souce_Control_BD_mdm_1_0, cache-ID = b927f494b83c5417
INFO: [Coretcl 2-1174] Renamed 12 cell refs.
INFO: [Common 17-1381] The checkpoint 'D:/DMTS/MOLIT_Shoe_Schaner/Development/FPGA/Signal Source Control/Vivado/Signal_Souce_Control/Signal_Souce_Control.runs/Signal_Souce_Control_BD_mdm_1_0_synth_1/Signal_Souce_Control_BD_mdm_1_0.dcp' has been generated.
INFO: [runtcl-4] Executing : report_utilization -file Signal_Souce_Control_BD_mdm_1_0_utilization_synth.rpt -pb Signal_Souce_Control_BD_mdm_1_0_utilization_synth.pb
INFO: [Common 17-206] Exiting Vivado at Fri Apr 14 11:34:13 2023...
