
*** Running vivado
    with args -log Signal_Souce_Control_BD_clk_wiz_1_0.vds -m64 -product Vivado -mode batch -messageDb vivado.pb -notrace -source Signal_Souce_Control_BD_clk_wiz_1_0.tcl



****** Vivado v2022.2 (64-bit)
  **** SW Build 3671981 on Fri Oct 14 05:00:03 MDT 2022
  **** IP Build 3669848 on Fri Oct 14 08:30:02 MDT 2022
    ** Copyright 1986-2022 Xilinx, Inc. All Rights Reserved.

source Signal_Souce_Control_BD_clk_wiz_1_0.tcl -notrace
create_project: Time (s): cpu = 00:00:06 ; elapsed = 00:00:06 . Memory (MB): peak = 514.535 ; gain = 93.098
INFO: [IP_Flow 19-6924] IPCACHE: Running cache check for IP inst: Signal_Souce_Control_BD_clk_wiz_1_0
Command: synth_design -top Signal_Souce_Control_BD_clk_wiz_1_0 -part xcku5p-ffvb676-2-e -incremental_mode off -mode out_of_context
Starting synth_design
Attempting to get a license for feature 'Synthesis' and/or device 'xcku5p'
INFO: [Common 17-349] Got license for feature 'Synthesis' and/or device 'xcku5p'
INFO: [Device 21-403] Loading part xcku5p-ffvb676-2-e
INFO: [Synth 8-7079] Multithreading enabled for synth_design using a maximum of 2 processes.
INFO: [Synth 8-7078] Launching helper process for spawning children vivado processes
INFO: [Synth 8-7075] Helper process launched with PID 27236
INFO: [Synth 8-11241] undeclared symbol 'REGCCE', assumed default net type 'wire' [D:/Xilinx/Vivado/2022.2/data/verilog/src/unimacro/BRAM_SINGLE_MACRO.v:2170]
---------------------------------------------------------------------------------
Starting RTL Elaboration : Time (s): cpu = 00:00:08 ; elapsed = 00:00:09 . Memory (MB): peak = 1985.297 ; gain = 370.656
---------------------------------------------------------------------------------
INFO: [Synth 8-6157] synthesizing module 'Signal_Souce_Control_BD_clk_wiz_1_0' [d:/DMTS/MOLIT_Shoe_Schaner/Development/FPGA/Signal Source Control/Vivado/Signal_Souce_Control/Signal_Souce_Control.gen/sources_1/bd/Signal_Souce_Control_BD/ip/Signal_Souce_Control_BD_clk_wiz_1_0/Signal_Souce_Control_BD_clk_wiz_1_0.v:68]
INFO: [Synth 8-6157] synthesizing module 'Signal_Souce_Control_BD_clk_wiz_1_0_clk_wiz' [d:/DMTS/MOLIT_Shoe_Schaner/Development/FPGA/Signal Source Control/Vivado/Signal_Souce_Control/Signal_Souce_Control.gen/sources_1/bd/Signal_Souce_Control_BD/ip/Signal_Souce_Control_BD_clk_wiz_1_0/Signal_Souce_Control_BD_clk_wiz_1_0_clk_wiz.v:68]
INFO: [Synth 8-6157] synthesizing module 'IBUFDS' [D:/Xilinx/Vivado/2022.2/scripts/rt/data/unisim_comp.v:71342]
INFO: [Synth 8-6155] done synthesizing module 'IBUFDS' (0#1) [D:/Xilinx/Vivado/2022.2/scripts/rt/data/unisim_comp.v:71342]
INFO: [Synth 8-6157] synthesizing module 'MMCME4_ADV' [D:/Xilinx/Vivado/2022.2/scripts/rt/data/unisim_comp.v:80245]
	Parameter BANDWIDTH bound to: OPTIMIZED - type: string 
	Parameter CLKFBOUT_MULT_F bound to: 4.000000 - type: double 
	Parameter CLKFBOUT_PHASE bound to: 0.000000 - type: double 
	Parameter CLKFBOUT_USE_FINE_PS bound to: FALSE - type: string 
	Parameter CLKIN1_PERIOD bound to: 3.333000 - type: double 
	Parameter CLKOUT0_DIVIDE_F bound to: 12.000000 - type: double 
	Parameter CLKOUT0_DUTY_CYCLE bound to: 0.500000 - type: double 
	Parameter CLKOUT0_PHASE bound to: 0.000000 - type: double 
	Parameter CLKOUT0_USE_FINE_PS bound to: FALSE - type: string 
	Parameter CLKOUT4_CASCADE bound to: FALSE - type: string 
	Parameter COMPENSATION bound to: AUTO - type: string 
	Parameter DIVCLK_DIVIDE bound to: 1 - type: integer 
	Parameter STARTUP_WAIT bound to: FALSE - type: string 
INFO: [Synth 8-6155] done synthesizing module 'MMCME4_ADV' (0#1) [D:/Xilinx/Vivado/2022.2/scripts/rt/data/unisim_comp.v:80245]
INFO: [Synth 8-6157] synthesizing module 'BUFG' [D:/Xilinx/Vivado/2022.2/scripts/rt/data/unisim_comp.v:1082]
INFO: [Synth 8-6155] done synthesizing module 'BUFG' (0#1) [D:/Xilinx/Vivado/2022.2/scripts/rt/data/unisim_comp.v:1082]
INFO: [Synth 8-6155] done synthesizing module 'Signal_Souce_Control_BD_clk_wiz_1_0_clk_wiz' (0#1) [d:/DMTS/MOLIT_Shoe_Schaner/Development/FPGA/Signal Source Control/Vivado/Signal_Souce_Control/Signal_Souce_Control.gen/sources_1/bd/Signal_Souce_Control_BD/ip/Signal_Souce_Control_BD_clk_wiz_1_0/Signal_Souce_Control_BD_clk_wiz_1_0_clk_wiz.v:68]
INFO: [Synth 8-6155] done synthesizing module 'Signal_Souce_Control_BD_clk_wiz_1_0' (0#1) [d:/DMTS/MOLIT_Shoe_Schaner/Development/FPGA/Signal Source Control/Vivado/Signal_Souce_Control/Signal_Souce_Control.gen/sources_1/bd/Signal_Souce_Control_BD/ip/Signal_Souce_Control_BD_clk_wiz_1_0/Signal_Souce_Control_BD_clk_wiz_1_0.v:68]
---------------------------------------------------------------------------------
Finished RTL Elaboration : Time (s): cpu = 00:00:11 ; elapsed = 00:00:12 . Memory (MB): peak = 2080.777 ; gain = 466.137
---------------------------------------------------------------------------------
---------------------------------------------------------------------------------
Start Handling Custom Attributes
---------------------------------------------------------------------------------
---------------------------------------------------------------------------------
Finished Handling Custom Attributes : Time (s): cpu = 00:00:11 ; elapsed = 00:00:13 . Memory (MB): peak = 2080.777 ; gain = 466.137
---------------------------------------------------------------------------------
---------------------------------------------------------------------------------
Finished RTL Optimization Phase 1 : Time (s): cpu = 00:00:11 ; elapsed = 00:00:13 . Memory (MB): peak = 2080.777 ; gain = 466.137
---------------------------------------------------------------------------------
Netlist sorting complete. Time (s): cpu = 00:00:00 ; elapsed = 00:00:00 . Memory (MB): peak = 2080.777 ; gain = 0.000
INFO: [Netlist 29-17] Analyzing 3 Unisim elements for replacement
INFO: [Netlist 29-28] Unisim Transformation completed in 0 CPU seconds
INFO: [Project 1-570] Preparing netlist for logic optimization

Processing XDC Constraints
Initializing timing engine
Parsing XDC File [d:/DMTS/MOLIT_Shoe_Schaner/Development/FPGA/Signal Source Control/Vivado/Signal_Souce_Control/Signal_Souce_Control.gen/sources_1/bd/Signal_Souce_Control_BD/ip/Signal_Souce_Control_BD_clk_wiz_1_0/Signal_Souce_Control_BD_clk_wiz_1_0_ooc.xdc] for cell 'inst'
Finished Parsing XDC File [d:/DMTS/MOLIT_Shoe_Schaner/Development/FPGA/Signal Source Control/Vivado/Signal_Souce_Control/Signal_Souce_Control.gen/sources_1/bd/Signal_Souce_Control_BD/ip/Signal_Souce_Control_BD_clk_wiz_1_0/Signal_Souce_Control_BD_clk_wiz_1_0_ooc.xdc] for cell 'inst'
Parsing XDC File [d:/DMTS/MOLIT_Shoe_Schaner/Development/FPGA/Signal Source Control/Vivado/Signal_Souce_Control/Signal_Souce_Control.gen/sources_1/bd/Signal_Souce_Control_BD/ip/Signal_Souce_Control_BD_clk_wiz_1_0/Signal_Souce_Control_BD_clk_wiz_1_0_board.xdc] for cell 'inst'
Finished Parsing XDC File [d:/DMTS/MOLIT_Shoe_Schaner/Development/FPGA/Signal Source Control/Vivado/Signal_Souce_Control/Signal_Souce_Control.gen/sources_1/bd/Signal_Souce_Control_BD/ip/Signal_Souce_Control_BD_clk_wiz_1_0/Signal_Souce_Control_BD_clk_wiz_1_0_board.xdc] for cell 'inst'
Parsing XDC File [d:/DMTS/MOLIT_Shoe_Schaner/Development/FPGA/Signal Source Control/Vivado/Signal_Souce_Control/Signal_Souce_Control.gen/sources_1/bd/Signal_Souce_Control_BD/ip/Signal_Souce_Control_BD_clk_wiz_1_0/Signal_Souce_Control_BD_clk_wiz_1_0.xdc] for cell 'inst'
create_clock: Time (s): cpu = 00:00:05 ; elapsed = 00:00:05 . Memory (MB): peak = 2091.078 ; gain = 0.512
Finished Parsing XDC File [d:/DMTS/MOLIT_Shoe_Schaner/Development/FPGA/Signal Source Control/Vivado/Signal_Souce_Control/Signal_Souce_Control.gen/sources_1/bd/Signal_Souce_Control_BD/ip/Signal_Souce_Control_BD_clk_wiz_1_0/Signal_Souce_Control_BD_clk_wiz_1_0.xdc] for cell 'inst'
INFO: [Project 1-236] Implementation specific constraints were found while reading constraint file [d:/DMTS/MOLIT_Shoe_Schaner/Development/FPGA/Signal Source Control/Vivado/Signal_Souce_Control/Signal_Souce_Control.gen/sources_1/bd/Signal_Souce_Control_BD/ip/Signal_Souce_Control_BD_clk_wiz_1_0/Signal_Souce_Control_BD_clk_wiz_1_0.xdc]. These constraints will be ignored for synthesis but will be used in implementation. Impacted constraints are listed in the file [.Xil/Signal_Souce_Control_BD_clk_wiz_1_0_propImpl.xdc].
Resolution: To avoid this warning, move constraints listed in [.Xil/Signal_Souce_Control_BD_clk_wiz_1_0_propImpl.xdc] to another XDC file and exclude this new file from synthesis with the used_in_synthesis property (File Properties dialog in GUI) and re-run elaboration/synthesis.
INFO: [Timing 38-2] Deriving generated clocks
Parsing XDC File [D:/DMTS/MOLIT_Shoe_Schaner/Development/FPGA/Signal Source Control/Vivado/Signal_Souce_Control/Signal_Souce_Control.runs/Signal_Souce_Control_BD_clk_wiz_1_0_synth_1/dont_touch.xdc]
Finished Parsing XDC File [D:/DMTS/MOLIT_Shoe_Schaner/Development/FPGA/Signal Source Control/Vivado/Signal_Souce_Control/Signal_Souce_Control.runs/Signal_Souce_Control_BD_clk_wiz_1_0_synth_1/dont_touch.xdc]
Completed Processing XDC Constraints

Netlist sorting complete. Time (s): cpu = 00:00:00 ; elapsed = 00:00:00 . Memory (MB): peak = 2091.078 ; gain = 0.000
INFO: [Project 1-111] Unisim Transformation Summary:
  A total of 2 instances were transformed.
  BUFG => BUFGCE: 1 instance 
  IBUFDS => IBUFDS (DIFFINBUF, IBUFCTRL): 1 instance 

Constraint Validation Runtime : Time (s): cpu = 00:00:00 ; elapsed = 00:00:00.029 . Memory (MB): peak = 2091.078 ; gain = 0.000
INFO: [Designutils 20-5008] Incremental synthesis strategy off
INFO: [Synth 8-11241] undeclared symbol 'REGCCE', assumed default net type 'wire' [D:/Xilinx/Vivado/2022.2/data/verilog/src/unimacro/BRAM_SINGLE_MACRO.v:2170]
---------------------------------------------------------------------------------
Finished Constraint Validation : Time (s): cpu = 00:00:27 ; elapsed = 00:00:29 . Memory (MB): peak = 2091.078 ; gain = 476.438
---------------------------------------------------------------------------------
---------------------------------------------------------------------------------
Start Loading Part and Timing Information
---------------------------------------------------------------------------------
Loading part: xcku5p-ffvb676-2-e
INFO: [Synth 8-6742] Reading net delay rules and data
---------------------------------------------------------------------------------
Finished Loading Part and Timing Information : Time (s): cpu = 00:00:27 ; elapsed = 00:00:29 . Memory (MB): peak = 2091.078 ; gain = 476.438
---------------------------------------------------------------------------------
---------------------------------------------------------------------------------
Start Applying 'set_property' XDC Constraints
---------------------------------------------------------------------------------
Applied set_property KEEP_HIERARCHY = SOFT for inst. (constraint file  {D:/DMTS/MOLIT_Shoe_Schaner/Development/FPGA/Signal Source Control/Vivado/Signal_Souce_Control/Signal_Souce_Control.runs/Signal_Souce_Control_BD_clk_wiz_1_0_synth_1/dont_touch.xdc}, line 9).
Applied set_property KEEP = true for clk_in1_n. (constraint file  auto generated constraint).
Applied set_property KEEP = true for clk_in1_p. (constraint file  auto generated constraint).
Applied set_property KEEP = true for reset. (constraint file  auto generated constraint).
---------------------------------------------------------------------------------
Finished applying 'set_property' XDC Constraints : Time (s): cpu = 00:00:27 ; elapsed = 00:00:29 . Memory (MB): peak = 2091.078 ; gain = 476.438
---------------------------------------------------------------------------------
---------------------------------------------------------------------------------
Finished RTL Optimization Phase 2 : Time (s): cpu = 00:00:28 ; elapsed = 00:00:30 . Memory (MB): peak = 2091.078 ; gain = 476.438
---------------------------------------------------------------------------------
---------------------------------------------------------------------------------
Start RTL Component Statistics 
---------------------------------------------------------------------------------
Detailed RTL Component Info : 
---------------------------------------------------------------------------------
Finished RTL Component Statistics 
---------------------------------------------------------------------------------
---------------------------------------------------------------------------------
Start Part Resource Summary
---------------------------------------------------------------------------------
Part Resources:
DSPs: 1824 (col length:96)
BRAMs: 960 (col length: RAMB18 96 RAMB36 48)
---------------------------------------------------------------------------------
Finished Part Resource Summary
---------------------------------------------------------------------------------
---------------------------------------------------------------------------------
Start Cross Boundary and Area Optimization
---------------------------------------------------------------------------------
WARNING: [Synth 8-7080] Parallel synthesis criteria is not met
---------------------------------------------------------------------------------
Finished Cross Boundary and Area Optimization : Time (s): cpu = 00:00:31 ; elapsed = 00:00:32 . Memory (MB): peak = 2091.078 ; gain = 476.438
---------------------------------------------------------------------------------
---------------------------------------------------------------------------------
Start Applying XDC Timing Constraints
---------------------------------------------------------------------------------
---------------------------------------------------------------------------------
Finished Applying XDC Timing Constraints : Time (s): cpu = 00:00:48 ; elapsed = 00:00:52 . Memory (MB): peak = 2512.859 ; gain = 898.219
---------------------------------------------------------------------------------
---------------------------------------------------------------------------------
Start Timing Optimization
---------------------------------------------------------------------------------
---------------------------------------------------------------------------------
Finished Timing Optimization : Time (s): cpu = 00:00:48 ; elapsed = 00:00:52 . Memory (MB): peak = 2512.859 ; gain = 898.219
---------------------------------------------------------------------------------
---------------------------------------------------------------------------------
Start Technology Mapping
---------------------------------------------------------------------------------
---------------------------------------------------------------------------------
Finished Technology Mapping : Time (s): cpu = 00:00:48 ; elapsed = 00:00:52 . Memory (MB): peak = 2531.988 ; gain = 917.348
---------------------------------------------------------------------------------
---------------------------------------------------------------------------------
Start IO Insertion
---------------------------------------------------------------------------------
---------------------------------------------------------------------------------
Start Flattening Before IO Insertion
---------------------------------------------------------------------------------
---------------------------------------------------------------------------------
Finished Flattening Before IO Insertion
---------------------------------------------------------------------------------
---------------------------------------------------------------------------------
Start Final Netlist Cleanup
---------------------------------------------------------------------------------
---------------------------------------------------------------------------------
Finished Final Netlist Cleanup
---------------------------------------------------------------------------------
---------------------------------------------------------------------------------
Finished IO Insertion : Time (s): cpu = 00:00:55 ; elapsed = 00:00:58 . Memory (MB): peak = 2538.746 ; gain = 924.105
---------------------------------------------------------------------------------
---------------------------------------------------------------------------------
Start Renaming Generated Instances
---------------------------------------------------------------------------------
---------------------------------------------------------------------------------
Finished Renaming Generated Instances : Time (s): cpu = 00:00:55 ; elapsed = 00:00:58 . Memory (MB): peak = 2538.746 ; gain = 924.105
---------------------------------------------------------------------------------
---------------------------------------------------------------------------------
Start Rebuilding User Hierarchy
---------------------------------------------------------------------------------
---------------------------------------------------------------------------------
Finished Rebuilding User Hierarchy : Time (s): cpu = 00:00:55 ; elapsed = 00:00:58 . Memory (MB): peak = 2538.746 ; gain = 924.105
---------------------------------------------------------------------------------
---------------------------------------------------------------------------------
Start Renaming Generated Ports
---------------------------------------------------------------------------------
---------------------------------------------------------------------------------
Finished Renaming Generated Ports : Time (s): cpu = 00:00:55 ; elapsed = 00:00:58 . Memory (MB): peak = 2538.746 ; gain = 924.105
---------------------------------------------------------------------------------
---------------------------------------------------------------------------------
Start Handling Custom Attributes
---------------------------------------------------------------------------------
---------------------------------------------------------------------------------
Finished Handling Custom Attributes : Time (s): cpu = 00:00:55 ; elapsed = 00:00:58 . Memory (MB): peak = 2538.746 ; gain = 924.105
---------------------------------------------------------------------------------
---------------------------------------------------------------------------------
Start Renaming Generated Nets
---------------------------------------------------------------------------------
---------------------------------------------------------------------------------
Finished Renaming Generated Nets : Time (s): cpu = 00:00:55 ; elapsed = 00:00:58 . Memory (MB): peak = 2538.746 ; gain = 924.105
---------------------------------------------------------------------------------
---------------------------------------------------------------------------------
Start Writing Synthesis Report
---------------------------------------------------------------------------------

Report BlackBoxes: 
+-+--------------+----------+
| |BlackBox name |Instances |
+-+--------------+----------+
+-+--------------+----------+

Report Cell Usage: 
+------+-----------+------+
|      |Cell       |Count |
+------+-----------+------+
|1     |BUFG       |     1|
|2     |MMCME4_ADV |     1|
|3     |IBUFDS     |     1|
+------+-----------+------+
---------------------------------------------------------------------------------
Finished Writing Synthesis Report : Time (s): cpu = 00:00:55 ; elapsed = 00:00:58 . Memory (MB): peak = 2538.746 ; gain = 924.105
---------------------------------------------------------------------------------
Synthesis finished with 0 errors, 0 critical warnings and 1 warnings.
Synthesis Optimization Runtime : Time (s): cpu = 00:00:36 ; elapsed = 00:00:50 . Memory (MB): peak = 2538.746 ; gain = 913.805
Synthesis Optimization Complete : Time (s): cpu = 00:00:55 ; elapsed = 00:00:58 . Memory (MB): peak = 2538.746 ; gain = 924.105
INFO: [Project 1-571] Translating synthesized netlist
Netlist sorting complete. Time (s): cpu = 00:00:00 ; elapsed = 00:00:00.001 . Memory (MB): peak = 2538.746 ; gain = 0.000
INFO: [Netlist 29-17] Analyzing 3 Unisim elements for replacement
INFO: [Netlist 29-28] Unisim Transformation completed in 0 CPU seconds
INFO: [Project 1-570] Preparing netlist for logic optimization
INFO: [Opt 31-138] Pushed 0 inverter(s) to 0 load pin(s).
INFO: [Opt 31-326] The CLKFBOUT to CLKFBIN net for instance inst/mmcme4_adv_inst with COMPENSATION=INTERNAL is optimized away to aid design routability
Netlist sorting complete. Time (s): cpu = 00:00:00 ; elapsed = 00:00:00 . Memory (MB): peak = 2580.578 ; gain = 0.000
INFO: [Project 1-111] Unisim Transformation Summary:
  A total of 2 instances were transformed.
  BUFG => BUFGCE: 1 instance 
  IBUFDS => IBUFDS (DIFFINBUF, IBUFCTRL): 1 instance 

Synth Design complete, checksum: 4fb2e603
INFO: [Common 17-83] Releasing license: Synthesis
34 Infos, 1 Warnings, 0 Critical Warnings and 0 Errors encountered.
synth_design completed successfully
synth_design: Time (s): cpu = 00:01:07 ; elapsed = 00:01:14 . Memory (MB): peak = 2580.578 ; gain = 1994.570
INFO: [Common 17-1381] The checkpoint 'D:/DMTS/MOLIT_Shoe_Schaner/Development/FPGA/Signal Source Control/Vivado/Signal_Souce_Control/Signal_Souce_Control.runs/Signal_Souce_Control_BD_clk_wiz_1_0_synth_1/Signal_Souce_Control_BD_clk_wiz_1_0.dcp' has been generated.
INFO: [Coretcl 2-1648] Added synthesis output to IP cache for IP Signal_Souce_Control_BD_clk_wiz_1_0, cache-ID = 470df82cc674bdc3
INFO: [Common 17-1381] The checkpoint 'D:/DMTS/MOLIT_Shoe_Schaner/Development/FPGA/Signal Source Control/Vivado/Signal_Souce_Control/Signal_Souce_Control.runs/Signal_Souce_Control_BD_clk_wiz_1_0_synth_1/Signal_Souce_Control_BD_clk_wiz_1_0.dcp' has been generated.
INFO: [runtcl-4] Executing : report_utilization -file Signal_Souce_Control_BD_clk_wiz_1_0_utilization_synth.rpt -pb Signal_Souce_Control_BD_clk_wiz_1_0_utilization_synth.pb
INFO: [Common 17-206] Exiting Vivado at Fri Apr 14 11:34:05 2023...
