
*** Running vivado
    with args -log Signal_Souce_Control_BD_wrapper.vdi -applog -m64 -product Vivado -messageDb vivado.pb -mode batch -source Signal_Souce_Control_BD_wrapper.tcl -notrace



****** Vivado v2022.2 (64-bit)
  **** SW Build 3671981 on Fri Oct 14 05:00:03 MDT 2022
  **** IP Build 3669848 on Fri Oct 14 08:30:02 MDT 2022
    ** Copyright 1986-2022 Xilinx, Inc. All Rights Reserved.

source Signal_Souce_Control_BD_wrapper.tcl -notrace
INFO: [IP_Flow 19-234] Refreshing IP repositories
INFO: [IP_Flow 19-1704] No user IP repositories specified
INFO: [IP_Flow 19-2313] Loaded Vivado IP repository 'D:/Xilinx/Vivado/2022.2/data/ip'.
WARNING: [Project 1-1693] ELF association failed for file D:/DMTS/MOLIT_Shoe_Schaner/Development/FPGA/Signal_Source_Control/Vitis/Signal_Source_Control_App/Debug/Signal_Source_Control_App.elf in design Signal_Souce_Control_BD. File checksum is not matching.
WARNING: [filemgmt 56-12] File 'D:/DMTS/MOLIT_Shoe_Schaner/Development/FPGA/Signal_Source_Control/Vitis/Signal_Source_Control_App/Debug/Signal_Source_Control_App.elf' cannot be added to the project because it already exists in the project, skipping this file
Command: link_design -top Signal_Souce_Control_BD_wrapper -part xcku5p-ffvb676-2-e
Design is defaulting to srcset: sources_1
Design is defaulting to constrset: constrs_1
INFO: [Device 21-403] Loading part xcku5p-ffvb676-2-e
INFO: [Project 1-454] Reading design checkpoint 'd:/DMTS/MOLIT_Shoe_Schaner/Development/FPGA/Signal_Source_Control/Vivado/Signal_Souce_Control.gen/sources_1/bd/Signal_Souce_Control_BD/ip/Signal_Souce_Control_BD_axi_gpio_0_0/Signal_Souce_Control_BD_axi_gpio_0_0.dcp' for cell 'Signal_Souce_Control_BD_i/axi_gpio_0'
INFO: [Project 1-454] Reading design checkpoint 'd:/DMTS/MOLIT_Shoe_Schaner/Development/FPGA/Signal_Source_Control/Vivado/Signal_Souce_Control.gen/sources_1/bd/Signal_Souce_Control_BD/ip/Signal_Souce_Control_BD_axi_gpio_1_0/Signal_Souce_Control_BD_axi_gpio_1_0.dcp' for cell 'Signal_Souce_Control_BD_i/axi_gpio_1'
INFO: [Project 1-454] Reading design checkpoint 'd:/DMTS/MOLIT_Shoe_Schaner/Development/FPGA/Signal_Source_Control/Vivado/Signal_Souce_Control.gen/sources_1/bd/Signal_Souce_Control_BD/ip/Signal_Souce_Control_BD_axi_intc_0_0/Signal_Souce_Control_BD_axi_intc_0_0.dcp' for cell 'Signal_Souce_Control_BD_i/axi_intc_0'
INFO: [Project 1-454] Reading design checkpoint 'd:/DMTS/MOLIT_Shoe_Schaner/Development/FPGA/Signal_Source_Control/Vivado/Signal_Souce_Control.gen/sources_1/bd/Signal_Souce_Control_BD/ip/Signal_Souce_Control_BD_axi_quad_spi_0_0/Signal_Souce_Control_BD_axi_quad_spi_0_0.dcp' for cell 'Signal_Souce_Control_BD_i/axi_quad_spi_0'
INFO: [Project 1-454] Reading design checkpoint 'd:/DMTS/MOLIT_Shoe_Schaner/Development/FPGA/Signal_Source_Control/Vivado/Signal_Souce_Control.gen/sources_1/bd/Signal_Souce_Control_BD/ip/Signal_Souce_Control_BD_axi_quad_spi_0_1/Signal_Souce_Control_BD_axi_quad_spi_0_1.dcp' for cell 'Signal_Souce_Control_BD_i/axi_quad_spi_1'
INFO: [Project 1-454] Reading design checkpoint 'd:/DMTS/MOLIT_Shoe_Schaner/Development/FPGA/Signal_Source_Control/Vivado/Signal_Souce_Control.gen/sources_1/bd/Signal_Souce_Control_BD/ip/Signal_Souce_Control_BD_axi_uartlite_0_0/Signal_Souce_Control_BD_axi_uartlite_0_0.dcp' for cell 'Signal_Souce_Control_BD_i/axi_uartlite_0'
INFO: [Project 1-454] Reading design checkpoint 'd:/DMTS/MOLIT_Shoe_Schaner/Development/FPGA/Signal_Source_Control/Vivado/Signal_Souce_Control.gen/sources_1/bd/Signal_Souce_Control_BD/ip/Signal_Souce_Control_BD_clk_wiz_1_0/Signal_Souce_Control_BD_clk_wiz_1_0.dcp' for cell 'Signal_Souce_Control_BD_i/clk_wiz_1'
INFO: [Project 1-454] Reading design checkpoint 'd:/DMTS/MOLIT_Shoe_Schaner/Development/FPGA/Signal_Source_Control/Vivado/Signal_Souce_Control.gen/sources_1/bd/Signal_Souce_Control_BD/ip/Signal_Souce_Control_BD_mdm_1_0/Signal_Souce_Control_BD_mdm_1_0.dcp' for cell 'Signal_Souce_Control_BD_i/mdm_1'
INFO: [Project 1-454] Reading design checkpoint 'd:/DMTS/MOLIT_Shoe_Schaner/Development/FPGA/Signal_Source_Control/Vivado/Signal_Souce_Control.gen/sources_1/bd/Signal_Souce_Control_BD/ip/Signal_Souce_Control_BD_microblaze_0_0/Signal_Souce_Control_BD_microblaze_0_0.dcp' for cell 'Signal_Souce_Control_BD_i/microblaze_0'
INFO: [Project 1-454] Reading design checkpoint 'd:/DMTS/MOLIT_Shoe_Schaner/Development/FPGA/Signal_Source_Control/Vivado/Signal_Souce_Control.gen/sources_1/bd/Signal_Souce_Control_BD/ip/Signal_Souce_Control_BD_rst_clk_wiz_1_100M_0/Signal_Souce_Control_BD_rst_clk_wiz_1_100M_0.dcp' for cell 'Signal_Souce_Control_BD_i/rst_clk_wiz_1_100M'
INFO: [Project 1-454] Reading design checkpoint 'd:/DMTS/MOLIT_Shoe_Schaner/Development/FPGA/Signal_Source_Control/Vivado/Signal_Souce_Control.gen/sources_1/bd/Signal_Souce_Control_BD/ip/Signal_Souce_Control_BD_xbar_0/Signal_Souce_Control_BD_xbar_0.dcp' for cell 'Signal_Souce_Control_BD_i/microblaze_0_axi_periph/xbar'
INFO: [Project 1-454] Reading design checkpoint 'd:/DMTS/MOLIT_Shoe_Schaner/Development/FPGA/Signal_Source_Control/Vivado/Signal_Souce_Control.gen/sources_1/bd/Signal_Souce_Control_BD/ip/Signal_Souce_Control_BD_auto_pc_0/Signal_Souce_Control_BD_auto_pc_0.dcp' for cell 'Signal_Souce_Control_BD_i/microblaze_0_axi_periph/m02_couplers/auto_pc'
INFO: [Project 1-454] Reading design checkpoint 'd:/DMTS/MOLIT_Shoe_Schaner/Development/FPGA/Signal_Source_Control/Vivado/Signal_Souce_Control.gen/sources_1/bd/Signal_Souce_Control_BD/ip/Signal_Souce_Control_BD_auto_pc_1/Signal_Souce_Control_BD_auto_pc_1.dcp' for cell 'Signal_Souce_Control_BD_i/microblaze_0_axi_periph/m05_couplers/auto_pc'
INFO: [Project 1-454] Reading design checkpoint 'd:/DMTS/MOLIT_Shoe_Schaner/Development/FPGA/Signal_Source_Control/Vivado/Signal_Souce_Control.gen/sources_1/bd/Signal_Souce_Control_BD/ip/Signal_Souce_Control_BD_dlmb_bram_if_cntlr_0/Signal_Souce_Control_BD_dlmb_bram_if_cntlr_0.dcp' for cell 'Signal_Souce_Control_BD_i/microblaze_0_local_memory/dlmb_bram_if_cntlr'
INFO: [Project 1-454] Reading design checkpoint 'd:/DMTS/MOLIT_Shoe_Schaner/Development/FPGA/Signal_Source_Control/Vivado/Signal_Souce_Control.gen/sources_1/bd/Signal_Souce_Control_BD/ip/Signal_Souce_Control_BD_dlmb_v10_0/Signal_Souce_Control_BD_dlmb_v10_0.dcp' for cell 'Signal_Souce_Control_BD_i/microblaze_0_local_memory/dlmb_v10'
INFO: [Project 1-454] Reading design checkpoint 'd:/DMTS/MOLIT_Shoe_Schaner/Development/FPGA/Signal_Source_Control/Vivado/Signal_Souce_Control.gen/sources_1/bd/Signal_Souce_Control_BD/ip/Signal_Souce_Control_BD_ilmb_bram_if_cntlr_0/Signal_Souce_Control_BD_ilmb_bram_if_cntlr_0.dcp' for cell 'Signal_Souce_Control_BD_i/microblaze_0_local_memory/ilmb_bram_if_cntlr'
INFO: [Project 1-454] Reading design checkpoint 'd:/DMTS/MOLIT_Shoe_Schaner/Development/FPGA/Signal_Source_Control/Vivado/Signal_Souce_Control.gen/sources_1/bd/Signal_Souce_Control_BD/ip/Signal_Souce_Control_BD_ilmb_v10_0/Signal_Souce_Control_BD_ilmb_v10_0.dcp' for cell 'Signal_Souce_Control_BD_i/microblaze_0_local_memory/ilmb_v10'
INFO: [Project 1-454] Reading design checkpoint 'd:/DMTS/MOLIT_Shoe_Schaner/Development/FPGA/Signal_Source_Control/Vivado/Signal_Souce_Control.gen/sources_1/bd/Signal_Souce_Control_BD/ip/Signal_Souce_Control_BD_lmb_bram_0/Signal_Souce_Control_BD_lmb_bram_0.dcp' for cell 'Signal_Souce_Control_BD_i/microblaze_0_local_memory/lmb_bram'
Netlist sorting complete. Time (s): cpu = 00:00:00 ; elapsed = 00:00:00.202 . Memory (MB): peak = 1689.258 ; gain = 0.000
INFO: [Netlist 29-17] Analyzing 239 Unisim elements for replacement
INFO: [Netlist 29-28] Unisim Transformation completed in 1 CPU seconds
INFO: [Project 1-479] Netlist was created with Vivado 2022.2
INFO: [Project 1-570] Preparing netlist for logic optimization
Parsing XDC File [d:/DMTS/MOLIT_Shoe_Schaner/Development/FPGA/Signal_Source_Control/Vivado/Signal_Souce_Control.gen/sources_1/bd/Signal_Souce_Control_BD/ip/Signal_Souce_Control_BD_microblaze_0_0/Signal_Souce_Control_BD_microblaze_0_0.xdc] for cell 'Signal_Souce_Control_BD_i/microblaze_0/U0'
Finished Parsing XDC File [d:/DMTS/MOLIT_Shoe_Schaner/Development/FPGA/Signal_Source_Control/Vivado/Signal_Souce_Control.gen/sources_1/bd/Signal_Souce_Control_BD/ip/Signal_Souce_Control_BD_microblaze_0_0/Signal_Souce_Control_BD_microblaze_0_0.xdc] for cell 'Signal_Souce_Control_BD_i/microblaze_0/U0'
Parsing XDC File [d:/DMTS/MOLIT_Shoe_Schaner/Development/FPGA/Signal_Source_Control/Vivado/Signal_Souce_Control.gen/sources_1/bd/Signal_Souce_Control_BD/ip/Signal_Souce_Control_BD_axi_uartlite_0_0/Signal_Souce_Control_BD_axi_uartlite_0_0_board.xdc] for cell 'Signal_Souce_Control_BD_i/axi_uartlite_0/U0'
Finished Parsing XDC File [d:/DMTS/MOLIT_Shoe_Schaner/Development/FPGA/Signal_Source_Control/Vivado/Signal_Souce_Control.gen/sources_1/bd/Signal_Souce_Control_BD/ip/Signal_Souce_Control_BD_axi_uartlite_0_0/Signal_Souce_Control_BD_axi_uartlite_0_0_board.xdc] for cell 'Signal_Souce_Control_BD_i/axi_uartlite_0/U0'
Parsing XDC File [d:/DMTS/MOLIT_Shoe_Schaner/Development/FPGA/Signal_Source_Control/Vivado/Signal_Souce_Control.gen/sources_1/bd/Signal_Souce_Control_BD/ip/Signal_Souce_Control_BD_axi_uartlite_0_0/Signal_Souce_Control_BD_axi_uartlite_0_0.xdc] for cell 'Signal_Souce_Control_BD_i/axi_uartlite_0/U0'
Finished Parsing XDC File [d:/DMTS/MOLIT_Shoe_Schaner/Development/FPGA/Signal_Source_Control/Vivado/Signal_Souce_Control.gen/sources_1/bd/Signal_Souce_Control_BD/ip/Signal_Souce_Control_BD_axi_uartlite_0_0/Signal_Souce_Control_BD_axi_uartlite_0_0.xdc] for cell 'Signal_Souce_Control_BD_i/axi_uartlite_0/U0'
Parsing XDC File [d:/DMTS/MOLIT_Shoe_Schaner/Development/FPGA/Signal_Source_Control/Vivado/Signal_Souce_Control.gen/sources_1/bd/Signal_Souce_Control_BD/ip/Signal_Souce_Control_BD_axi_quad_spi_0_0/Signal_Souce_Control_BD_axi_quad_spi_0_0_board.xdc] for cell 'Signal_Souce_Control_BD_i/axi_quad_spi_0/U0'
Finished Parsing XDC File [d:/DMTS/MOLIT_Shoe_Schaner/Development/FPGA/Signal_Source_Control/Vivado/Signal_Souce_Control.gen/sources_1/bd/Signal_Souce_Control_BD/ip/Signal_Souce_Control_BD_axi_quad_spi_0_0/Signal_Souce_Control_BD_axi_quad_spi_0_0_board.xdc] for cell 'Signal_Souce_Control_BD_i/axi_quad_spi_0/U0'
Parsing XDC File [d:/DMTS/MOLIT_Shoe_Schaner/Development/FPGA/Signal_Source_Control/Vivado/Signal_Souce_Control.gen/sources_1/bd/Signal_Souce_Control_BD/ip/Signal_Souce_Control_BD_axi_quad_spi_0_0/Signal_Souce_Control_BD_axi_quad_spi_0_0.xdc] for cell 'Signal_Souce_Control_BD_i/axi_quad_spi_0/U0'
Finished Parsing XDC File [d:/DMTS/MOLIT_Shoe_Schaner/Development/FPGA/Signal_Source_Control/Vivado/Signal_Souce_Control.gen/sources_1/bd/Signal_Souce_Control_BD/ip/Signal_Souce_Control_BD_axi_quad_spi_0_0/Signal_Souce_Control_BD_axi_quad_spi_0_0.xdc] for cell 'Signal_Souce_Control_BD_i/axi_quad_spi_0/U0'
Parsing XDC File [d:/DMTS/MOLIT_Shoe_Schaner/Development/FPGA/Signal_Source_Control/Vivado/Signal_Souce_Control.gen/sources_1/bd/Signal_Souce_Control_BD/ip/Signal_Souce_Control_BD_axi_gpio_0_0/Signal_Souce_Control_BD_axi_gpio_0_0_board.xdc] for cell 'Signal_Souce_Control_BD_i/axi_gpio_0/U0'
Finished Parsing XDC File [d:/DMTS/MOLIT_Shoe_Schaner/Development/FPGA/Signal_Source_Control/Vivado/Signal_Souce_Control.gen/sources_1/bd/Signal_Souce_Control_BD/ip/Signal_Souce_Control_BD_axi_gpio_0_0/Signal_Souce_Control_BD_axi_gpio_0_0_board.xdc] for cell 'Signal_Souce_Control_BD_i/axi_gpio_0/U0'
Parsing XDC File [d:/DMTS/MOLIT_Shoe_Schaner/Development/FPGA/Signal_Source_Control/Vivado/Signal_Souce_Control.gen/sources_1/bd/Signal_Souce_Control_BD/ip/Signal_Souce_Control_BD_axi_gpio_0_0/Signal_Souce_Control_BD_axi_gpio_0_0.xdc] for cell 'Signal_Souce_Control_BD_i/axi_gpio_0/U0'
Finished Parsing XDC File [d:/DMTS/MOLIT_Shoe_Schaner/Development/FPGA/Signal_Source_Control/Vivado/Signal_Souce_Control.gen/sources_1/bd/Signal_Souce_Control_BD/ip/Signal_Souce_Control_BD_axi_gpio_0_0/Signal_Souce_Control_BD_axi_gpio_0_0.xdc] for cell 'Signal_Souce_Control_BD_i/axi_gpio_0/U0'
Parsing XDC File [d:/DMTS/MOLIT_Shoe_Schaner/Development/FPGA/Signal_Source_Control/Vivado/Signal_Souce_Control.gen/sources_1/bd/Signal_Souce_Control_BD/ip/Signal_Souce_Control_BD_axi_intc_0_0/Signal_Souce_Control_BD_axi_intc_0_0.xdc] for cell 'Signal_Souce_Control_BD_i/axi_intc_0/U0'
Finished Parsing XDC File [d:/DMTS/MOLIT_Shoe_Schaner/Development/FPGA/Signal_Source_Control/Vivado/Signal_Souce_Control.gen/sources_1/bd/Signal_Souce_Control_BD/ip/Signal_Souce_Control_BD_axi_intc_0_0/Signal_Souce_Control_BD_axi_intc_0_0.xdc] for cell 'Signal_Souce_Control_BD_i/axi_intc_0/U0'
Parsing XDC File [d:/DMTS/MOLIT_Shoe_Schaner/Development/FPGA/Signal_Source_Control/Vivado/Signal_Souce_Control.gen/sources_1/bd/Signal_Souce_Control_BD/ip/Signal_Souce_Control_BD_clk_wiz_1_0/Signal_Souce_Control_BD_clk_wiz_1_0_board.xdc] for cell 'Signal_Souce_Control_BD_i/clk_wiz_1/inst'
Finished Parsing XDC File [d:/DMTS/MOLIT_Shoe_Schaner/Development/FPGA/Signal_Source_Control/Vivado/Signal_Souce_Control.gen/sources_1/bd/Signal_Souce_Control_BD/ip/Signal_Souce_Control_BD_clk_wiz_1_0/Signal_Souce_Control_BD_clk_wiz_1_0_board.xdc] for cell 'Signal_Souce_Control_BD_i/clk_wiz_1/inst'
Parsing XDC File [d:/DMTS/MOLIT_Shoe_Schaner/Development/FPGA/Signal_Source_Control/Vivado/Signal_Souce_Control.gen/sources_1/bd/Signal_Souce_Control_BD/ip/Signal_Souce_Control_BD_clk_wiz_1_0/Signal_Souce_Control_BD_clk_wiz_1_0.xdc] for cell 'Signal_Souce_Control_BD_i/clk_wiz_1/inst'
INFO: [Timing 38-35] Done setting XDC timing constraints. [d:/DMTS/MOLIT_Shoe_Schaner/Development/FPGA/Signal_Source_Control/Vivado/Signal_Souce_Control.gen/sources_1/bd/Signal_Souce_Control_BD/ip/Signal_Souce_Control_BD_clk_wiz_1_0/Signal_Souce_Control_BD_clk_wiz_1_0.xdc:57]
INFO: [Timing 38-2] Deriving generated clocks [d:/DMTS/MOLIT_Shoe_Schaner/Development/FPGA/Signal_Source_Control/Vivado/Signal_Souce_Control.gen/sources_1/bd/Signal_Souce_Control_BD/ip/Signal_Souce_Control_BD_clk_wiz_1_0/Signal_Souce_Control_BD_clk_wiz_1_0.xdc:57]
Finished Parsing XDC File [d:/DMTS/MOLIT_Shoe_Schaner/Development/FPGA/Signal_Source_Control/Vivado/Signal_Souce_Control.gen/sources_1/bd/Signal_Souce_Control_BD/ip/Signal_Souce_Control_BD_clk_wiz_1_0/Signal_Souce_Control_BD_clk_wiz_1_0.xdc] for cell 'Signal_Souce_Control_BD_i/clk_wiz_1/inst'
Parsing XDC File [d:/DMTS/MOLIT_Shoe_Schaner/Development/FPGA/Signal_Source_Control/Vivado/Signal_Souce_Control.gen/sources_1/bd/Signal_Souce_Control_BD/ip/Signal_Souce_Control_BD_axi_gpio_1_0/Signal_Souce_Control_BD_axi_gpio_1_0_board.xdc] for cell 'Signal_Souce_Control_BD_i/axi_gpio_1/U0'
Finished Parsing XDC File [d:/DMTS/MOLIT_Shoe_Schaner/Development/FPGA/Signal_Source_Control/Vivado/Signal_Souce_Control.gen/sources_1/bd/Signal_Souce_Control_BD/ip/Signal_Souce_Control_BD_axi_gpio_1_0/Signal_Souce_Control_BD_axi_gpio_1_0_board.xdc] for cell 'Signal_Souce_Control_BD_i/axi_gpio_1/U0'
Parsing XDC File [d:/DMTS/MOLIT_Shoe_Schaner/Development/FPGA/Signal_Source_Control/Vivado/Signal_Souce_Control.gen/sources_1/bd/Signal_Souce_Control_BD/ip/Signal_Souce_Control_BD_axi_gpio_1_0/Signal_Souce_Control_BD_axi_gpio_1_0.xdc] for cell 'Signal_Souce_Control_BD_i/axi_gpio_1/U0'
Finished Parsing XDC File [d:/DMTS/MOLIT_Shoe_Schaner/Development/FPGA/Signal_Source_Control/Vivado/Signal_Souce_Control.gen/sources_1/bd/Signal_Souce_Control_BD/ip/Signal_Souce_Control_BD_axi_gpio_1_0/Signal_Souce_Control_BD_axi_gpio_1_0.xdc] for cell 'Signal_Souce_Control_BD_i/axi_gpio_1/U0'
Parsing XDC File [d:/DMTS/MOLIT_Shoe_Schaner/Development/FPGA/Signal_Source_Control/Vivado/Signal_Souce_Control.gen/sources_1/bd/Signal_Souce_Control_BD/ip/Signal_Souce_Control_BD_rst_clk_wiz_1_100M_0/Signal_Souce_Control_BD_rst_clk_wiz_1_100M_0_board.xdc] for cell 'Signal_Souce_Control_BD_i/rst_clk_wiz_1_100M/U0'
Finished Parsing XDC File [d:/DMTS/MOLIT_Shoe_Schaner/Development/FPGA/Signal_Source_Control/Vivado/Signal_Souce_Control.gen/sources_1/bd/Signal_Souce_Control_BD/ip/Signal_Souce_Control_BD_rst_clk_wiz_1_100M_0/Signal_Souce_Control_BD_rst_clk_wiz_1_100M_0_board.xdc] for cell 'Signal_Souce_Control_BD_i/rst_clk_wiz_1_100M/U0'
Parsing XDC File [d:/DMTS/MOLIT_Shoe_Schaner/Development/FPGA/Signal_Source_Control/Vivado/Signal_Souce_Control.gen/sources_1/bd/Signal_Souce_Control_BD/ip/Signal_Souce_Control_BD_rst_clk_wiz_1_100M_0/Signal_Souce_Control_BD_rst_clk_wiz_1_100M_0.xdc] for cell 'Signal_Souce_Control_BD_i/rst_clk_wiz_1_100M/U0'
Finished Parsing XDC File [d:/DMTS/MOLIT_Shoe_Schaner/Development/FPGA/Signal_Source_Control/Vivado/Signal_Souce_Control.gen/sources_1/bd/Signal_Souce_Control_BD/ip/Signal_Souce_Control_BD_rst_clk_wiz_1_100M_0/Signal_Souce_Control_BD_rst_clk_wiz_1_100M_0.xdc] for cell 'Signal_Souce_Control_BD_i/rst_clk_wiz_1_100M/U0'
Parsing XDC File [d:/DMTS/MOLIT_Shoe_Schaner/Development/FPGA/Signal_Source_Control/Vivado/Signal_Souce_Control.gen/sources_1/bd/Signal_Souce_Control_BD/ip/Signal_Souce_Control_BD_axi_quad_spi_0_1/Signal_Souce_Control_BD_axi_quad_spi_0_1_board.xdc] for cell 'Signal_Souce_Control_BD_i/axi_quad_spi_1/U0'
Finished Parsing XDC File [d:/DMTS/MOLIT_Shoe_Schaner/Development/FPGA/Signal_Source_Control/Vivado/Signal_Souce_Control.gen/sources_1/bd/Signal_Souce_Control_BD/ip/Signal_Souce_Control_BD_axi_quad_spi_0_1/Signal_Souce_Control_BD_axi_quad_spi_0_1_board.xdc] for cell 'Signal_Souce_Control_BD_i/axi_quad_spi_1/U0'
Parsing XDC File [d:/DMTS/MOLIT_Shoe_Schaner/Development/FPGA/Signal_Source_Control/Vivado/Signal_Souce_Control.gen/sources_1/bd/Signal_Souce_Control_BD/ip/Signal_Souce_Control_BD_axi_quad_spi_0_1/Signal_Souce_Control_BD_axi_quad_spi_0_1.xdc] for cell 'Signal_Souce_Control_BD_i/axi_quad_spi_1/U0'
Finished Parsing XDC File [d:/DMTS/MOLIT_Shoe_Schaner/Development/FPGA/Signal_Source_Control/Vivado/Signal_Souce_Control.gen/sources_1/bd/Signal_Souce_Control_BD/ip/Signal_Souce_Control_BD_axi_quad_spi_0_1/Signal_Souce_Control_BD_axi_quad_spi_0_1.xdc] for cell 'Signal_Souce_Control_BD_i/axi_quad_spi_1/U0'
Parsing XDC File [D:/DMTS/MOLIT_Shoe_Schaner/Development/FPGA/Signal_Source_Control/KCU116_Rev1.0_XDC_20230407_for_ad9164.xdc]
CRITICAL WARNING: [Netlist 29-69] Cannot set property 'CLOCK_DEDICATED_ROUTE', because the property does not exist for objects of type 'port'. [D:/DMTS/MOLIT_Shoe_Schaner/Development/FPGA/Signal_Source_Control/KCU116_Rev1.0_XDC_20230407_for_ad9164.xdc:174]
Resolution: Modify .xdc or RTL to not set this property or move it to one of the following object types that can accept this property: pin,net
CRITICAL WARNING: [Netlist 29-69] Cannot set property 'CLOCK_DEDICATED_ROUTE', because the property does not exist for objects of type 'port'. [D:/DMTS/MOLIT_Shoe_Schaner/Development/FPGA/Signal_Source_Control/KCU116_Rev1.0_XDC_20230407_for_ad9164.xdc:179]
Resolution: Modify .xdc or RTL to not set this property or move it to one of the following object types that can accept this property: pin,net
Finished Parsing XDC File [D:/DMTS/MOLIT_Shoe_Schaner/Development/FPGA/Signal_Source_Control/KCU116_Rev1.0_XDC_20230407_for_ad9164.xdc]
Parsing XDC File [d:/DMTS/MOLIT_Shoe_Schaner/Development/FPGA/Signal_Source_Control/Vivado/Signal_Souce_Control.gen/sources_1/bd/Signal_Souce_Control_BD/ip/Signal_Souce_Control_BD_axi_quad_spi_0_0/Signal_Souce_Control_BD_axi_quad_spi_0_0_clocks.xdc] for cell 'Signal_Souce_Control_BD_i/axi_quad_spi_0/U0'
Finished Parsing XDC File [d:/DMTS/MOLIT_Shoe_Schaner/Development/FPGA/Signal_Source_Control/Vivado/Signal_Souce_Control.gen/sources_1/bd/Signal_Souce_Control_BD/ip/Signal_Souce_Control_BD_axi_quad_spi_0_0/Signal_Souce_Control_BD_axi_quad_spi_0_0_clocks.xdc] for cell 'Signal_Souce_Control_BD_i/axi_quad_spi_0/U0'
Parsing XDC File [d:/DMTS/MOLIT_Shoe_Schaner/Development/FPGA/Signal_Source_Control/Vivado/Signal_Souce_Control.gen/sources_1/bd/Signal_Souce_Control_BD/ip/Signal_Souce_Control_BD_axi_intc_0_0/Signal_Souce_Control_BD_axi_intc_0_0_clocks.xdc] for cell 'Signal_Souce_Control_BD_i/axi_intc_0/U0'
Finished Parsing XDC File [d:/DMTS/MOLIT_Shoe_Schaner/Development/FPGA/Signal_Source_Control/Vivado/Signal_Souce_Control.gen/sources_1/bd/Signal_Souce_Control_BD/ip/Signal_Souce_Control_BD_axi_intc_0_0/Signal_Souce_Control_BD_axi_intc_0_0_clocks.xdc] for cell 'Signal_Souce_Control_BD_i/axi_intc_0/U0'
Parsing XDC File [d:/DMTS/MOLIT_Shoe_Schaner/Development/FPGA/Signal_Source_Control/Vivado/Signal_Souce_Control.gen/sources_1/bd/Signal_Souce_Control_BD/ip/Signal_Souce_Control_BD_mdm_1_0/Signal_Souce_Control_BD_mdm_1_0.xdc] for cell 'Signal_Souce_Control_BD_i/mdm_1/U0'
Finished Parsing XDC File [d:/DMTS/MOLIT_Shoe_Schaner/Development/FPGA/Signal_Source_Control/Vivado/Signal_Souce_Control.gen/sources_1/bd/Signal_Souce_Control_BD/ip/Signal_Souce_Control_BD_mdm_1_0/Signal_Souce_Control_BD_mdm_1_0.xdc] for cell 'Signal_Souce_Control_BD_i/mdm_1/U0'
Parsing XDC File [d:/DMTS/MOLIT_Shoe_Schaner/Development/FPGA/Signal_Source_Control/Vivado/Signal_Souce_Control.gen/sources_1/bd/Signal_Souce_Control_BD/ip/Signal_Souce_Control_BD_axi_quad_spi_0_1/Signal_Souce_Control_BD_axi_quad_spi_0_1_clocks.xdc] for cell 'Signal_Souce_Control_BD_i/axi_quad_spi_1/U0'
Finished Parsing XDC File [d:/DMTS/MOLIT_Shoe_Schaner/Development/FPGA/Signal_Source_Control/Vivado/Signal_Souce_Control.gen/sources_1/bd/Signal_Souce_Control_BD/ip/Signal_Souce_Control_BD_axi_quad_spi_0_1/Signal_Souce_Control_BD_axi_quad_spi_0_1_clocks.xdc] for cell 'Signal_Souce_Control_BD_i/axi_quad_spi_1/U0'
WARNING: [XPM_CDC_GRAY: TCL-1000] The source and destination clocks are the same. 
     Instance: Signal_Souce_Control_BD_i/axi_quad_spi_0/U0/NO_DUAL_QUAD_MODE.QSPI_NORMAL/QSPI_ENHANCED_MD_GEN.QSPI_CORE_INTERFACE_I/FIFO_EXISTS.TX_FIFO_II/xpm_fifo_instance.xpm_fifo_async_inst/gnuram_async_fifo.xpm_fifo_base_inst/gen_cdc_pntr.rd_pntr_cdc_inst 
  This will add unnecessary latency to the design. Please check the design for the following: 
 1) Manually instantiated XPM_CDC modules: Xilinx recommends that you remove these modules. 
 2) Xilinx IP that contains XPM_CDC modules: Verify the connections to the IP to determine whether you can safely ignore this message.
 [D:/Xilinx/Vivado/2022.2/data/ip/xpm/xpm_cdc/tcl/xpm_cdc_gray.tcl:16]
WARNING: [XPM_CDC_GRAY: TCL-1000] The source and destination clocks are the same. 
     Instance: Signal_Souce_Control_BD_i/axi_quad_spi_0/U0/NO_DUAL_QUAD_MODE.QSPI_NORMAL/QSPI_ENHANCED_MD_GEN.QSPI_CORE_INTERFACE_I/FIFO_EXISTS.RX_FIFO_II/gnuram_async_fifo.xpm_fifo_base_inst/gen_cdc_pntr.wr_pntr_cdc_inst 
  This will add unnecessary latency to the design. Please check the design for the following: 
 1) Manually instantiated XPM_CDC modules: Xilinx recommends that you remove these modules. 
 2) Xilinx IP that contains XPM_CDC modules: Verify the connections to the IP to determine whether you can safely ignore this message.
 [D:/Xilinx/Vivado/2022.2/data/ip/xpm/xpm_cdc/tcl/xpm_cdc_gray.tcl:16]
WARNING: [XPM_CDC_GRAY: TCL-1000] The source and destination clocks are the same. 
     Instance: Signal_Souce_Control_BD_i/axi_quad_spi_0/U0/NO_DUAL_QUAD_MODE.QSPI_NORMAL/QSPI_ENHANCED_MD_GEN.QSPI_CORE_INTERFACE_I/FIFO_EXISTS.RX_FIFO_II/gnuram_async_fifo.xpm_fifo_base_inst/gen_cdc_pntr.rd_pntr_cdc_inst 
  This will add unnecessary latency to the design. Please check the design for the following: 
 1) Manually instantiated XPM_CDC modules: Xilinx recommends that you remove these modules. 
 2) Xilinx IP that contains XPM_CDC modules: Verify the connections to the IP to determine whether you can safely ignore this message.
 [D:/Xilinx/Vivado/2022.2/data/ip/xpm/xpm_cdc/tcl/xpm_cdc_gray.tcl:16]
WARNING: [XPM_CDC_GRAY: TCL-1000] The source and destination clocks are the same. 
     Instance: Signal_Souce_Control_BD_i/axi_quad_spi_0/U0/NO_DUAL_QUAD_MODE.QSPI_NORMAL/QSPI_ENHANCED_MD_GEN.QSPI_CORE_INTERFACE_I/FIFO_EXISTS.TX_FIFO_II/xpm_fifo_instance.xpm_fifo_async_inst/gnuram_async_fifo.xpm_fifo_base_inst/gen_cdc_pntr.wr_pntr_cdc_inst 
  This will add unnecessary latency to the design. Please check the design for the following: 
 1) Manually instantiated XPM_CDC modules: Xilinx recommends that you remove these modules. 
 2) Xilinx IP that contains XPM_CDC modules: Verify the connections to the IP to determine whether you can safely ignore this message.
 [D:/Xilinx/Vivado/2022.2/data/ip/xpm/xpm_cdc/tcl/xpm_cdc_gray.tcl:16]
WARNING: [XPM_CDC_GRAY: TCL-1000] The source and destination clocks are the same. 
     Instance: Signal_Souce_Control_BD_i/axi_quad_spi_0/U0/NO_DUAL_QUAD_MODE.QSPI_NORMAL/QSPI_ENHANCED_MD_GEN.QSPI_CORE_INTERFACE_I/FIFO_EXISTS.TX_FIFO_II/xpm_fifo_instance.xpm_fifo_async_inst/gnuram_async_fifo.xpm_fifo_base_inst/gen_cdc_pntr.wr_pntr_cdc_dc_inst 
  This will add unnecessary latency to the design. Please check the design for the following: 
 1) Manually instantiated XPM_CDC modules: Xilinx recommends that you remove these modules. 
 2) Xilinx IP that contains XPM_CDC modules: Verify the connections to the IP to determine whether you can safely ignore this message.
 [D:/Xilinx/Vivado/2022.2/data/ip/xpm/xpm_cdc/tcl/xpm_cdc_gray.tcl:16]
WARNING: [XPM_CDC_GRAY: TCL-1000] The source and destination clocks are the same. 
     Instance: Signal_Souce_Control_BD_i/axi_quad_spi_0/U0/NO_DUAL_QUAD_MODE.QSPI_NORMAL/QSPI_ENHANCED_MD_GEN.QSPI_CORE_INTERFACE_I/FIFO_EXISTS.RX_FIFO_II/gnuram_async_fifo.xpm_fifo_base_inst/gen_cdc_pntr.wr_pntr_cdc_dc_inst 
  This will add unnecessary latency to the design. Please check the design for the following: 
 1) Manually instantiated XPM_CDC modules: Xilinx recommends that you remove these modules. 
 2) Xilinx IP that contains XPM_CDC modules: Verify the connections to the IP to determine whether you can safely ignore this message.
 [D:/Xilinx/Vivado/2022.2/data/ip/xpm/xpm_cdc/tcl/xpm_cdc_gray.tcl:16]
WARNING: [XPM_CDC_GRAY: TCL-1000] The source and destination clocks are the same. 
     Instance: Signal_Souce_Control_BD_i/axi_quad_spi_0/U0/NO_DUAL_QUAD_MODE.QSPI_NORMAL/QSPI_ENHANCED_MD_GEN.QSPI_CORE_INTERFACE_I/FIFO_EXISTS.TX_FIFO_II/xpm_fifo_instance.xpm_fifo_async_inst/gnuram_async_fifo.xpm_fifo_base_inst/gen_cdc_pntr.rd_pntr_cdc_dc_inst 
  This will add unnecessary latency to the design. Please check the design for the following: 
 1) Manually instantiated XPM_CDC modules: Xilinx recommends that you remove these modules. 
 2) Xilinx IP that contains XPM_CDC modules: Verify the connections to the IP to determine whether you can safely ignore this message.
 [D:/Xilinx/Vivado/2022.2/data/ip/xpm/xpm_cdc/tcl/xpm_cdc_gray.tcl:16]
WARNING: [XPM_CDC_GRAY: TCL-1000] The source and destination clocks are the same. 
     Instance: Signal_Souce_Control_BD_i/axi_quad_spi_0/U0/NO_DUAL_QUAD_MODE.QSPI_NORMAL/QSPI_ENHANCED_MD_GEN.QSPI_CORE_INTERFACE_I/FIFO_EXISTS.RX_FIFO_II/gnuram_async_fifo.xpm_fifo_base_inst/gen_cdc_pntr.rd_pntr_cdc_dc_inst 
  This will add unnecessary latency to the design. Please check the design for the following: 
 1) Manually instantiated XPM_CDC modules: Xilinx recommends that you remove these modules. 
 2) Xilinx IP that contains XPM_CDC modules: Verify the connections to the IP to determine whether you can safely ignore this message.
 [D:/Xilinx/Vivado/2022.2/data/ip/xpm/xpm_cdc/tcl/xpm_cdc_gray.tcl:16]
WARNING: [XPM_CDC_GRAY: TCL-1000] The source and destination clocks are the same. 
     Instance: Signal_Souce_Control_BD_i/axi_quad_spi_1/U0/NO_DUAL_QUAD_MODE.QSPI_NORMAL/QSPI_ENHANCED_MD_GEN.QSPI_CORE_INTERFACE_I/FIFO_EXISTS.TX_FIFO_II/xpm_fifo_instance.xpm_fifo_async_inst/gnuram_async_fifo.xpm_fifo_base_inst/gen_cdc_pntr.rd_pntr_cdc_inst 
  This will add unnecessary latency to the design. Please check the design for the following: 
 1) Manually instantiated XPM_CDC modules: Xilinx recommends that you remove these modules. 
 2) Xilinx IP that contains XPM_CDC modules: Verify the connections to the IP to determine whether you can safely ignore this message.
 [D:/Xilinx/Vivado/2022.2/data/ip/xpm/xpm_cdc/tcl/xpm_cdc_gray.tcl:16]
WARNING: [XPM_CDC_GRAY: TCL-1000] The source and destination clocks are the same. 
     Instance: Signal_Souce_Control_BD_i/axi_quad_spi_1/U0/NO_DUAL_QUAD_MODE.QSPI_NORMAL/QSPI_ENHANCED_MD_GEN.QSPI_CORE_INTERFACE_I/FIFO_EXISTS.RX_FIFO_II/gnuram_async_fifo.xpm_fifo_base_inst/gen_cdc_pntr.wr_pntr_cdc_inst 
  This will add unnecessary latency to the design. Please check the design for the following: 
 1) Manually instantiated XPM_CDC modules: Xilinx recommends that you remove these modules. 
 2) Xilinx IP that contains XPM_CDC modules: Verify the connections to the IP to determine whether you can safely ignore this message.
 [D:/Xilinx/Vivado/2022.2/data/ip/xpm/xpm_cdc/tcl/xpm_cdc_gray.tcl:16]
WARNING: [XPM_CDC_GRAY: TCL-1000] The source and destination clocks are the same. 
     Instance: Signal_Souce_Control_BD_i/axi_quad_spi_1/U0/NO_DUAL_QUAD_MODE.QSPI_NORMAL/QSPI_ENHANCED_MD_GEN.QSPI_CORE_INTERFACE_I/FIFO_EXISTS.RX_FIFO_II/gnuram_async_fifo.xpm_fifo_base_inst/gen_cdc_pntr.rd_pntr_cdc_inst 
  This will add unnecessary latency to the design. Please check the design for the following: 
 1) Manually instantiated XPM_CDC modules: Xilinx recommends that you remove these modules. 
 2) Xilinx IP that contains XPM_CDC modules: Verify the connections to the IP to determine whether you can safely ignore this message.
 [D:/Xilinx/Vivado/2022.2/data/ip/xpm/xpm_cdc/tcl/xpm_cdc_gray.tcl:16]
WARNING: [XPM_CDC_GRAY: TCL-1000] The source and destination clocks are the same. 
     Instance: Signal_Souce_Control_BD_i/axi_quad_spi_1/U0/NO_DUAL_QUAD_MODE.QSPI_NORMAL/QSPI_ENHANCED_MD_GEN.QSPI_CORE_INTERFACE_I/FIFO_EXISTS.TX_FIFO_II/xpm_fifo_instance.xpm_fifo_async_inst/gnuram_async_fifo.xpm_fifo_base_inst/gen_cdc_pntr.wr_pntr_cdc_inst 
  This will add unnecessary latency to the design. Please check the design for the following: 
 1) Manually instantiated XPM_CDC modules: Xilinx recommends that you remove these modules. 
 2) Xilinx IP that contains XPM_CDC modules: Verify the connections to the IP to determine whether you can safely ignore this message.
 [D:/Xilinx/Vivado/2022.2/data/ip/xpm/xpm_cdc/tcl/xpm_cdc_gray.tcl:16]
WARNING: [XPM_CDC_GRAY: TCL-1000] The source and destination clocks are the same. 
     Instance: Signal_Souce_Control_BD_i/axi_quad_spi_1/U0/NO_DUAL_QUAD_MODE.QSPI_NORMAL/QSPI_ENHANCED_MD_GEN.QSPI_CORE_INTERFACE_I/FIFO_EXISTS.TX_FIFO_II/xpm_fifo_instance.xpm_fifo_async_inst/gnuram_async_fifo.xpm_fifo_base_inst/gen_cdc_pntr.wr_pntr_cdc_dc_inst 
  This will add unnecessary latency to the design. Please check the design for the following: 
 1) Manually instantiated XPM_CDC modules: Xilinx recommends that you remove these modules. 
 2) Xilinx IP that contains XPM_CDC modules: Verify the connections to the IP to determine whether you can safely ignore this message.
 [D:/Xilinx/Vivado/2022.2/data/ip/xpm/xpm_cdc/tcl/xpm_cdc_gray.tcl:16]
WARNING: [XPM_CDC_GRAY: TCL-1000] The source and destination clocks are the same. 
     Instance: Signal_Souce_Control_BD_i/axi_quad_spi_1/U0/NO_DUAL_QUAD_MODE.QSPI_NORMAL/QSPI_ENHANCED_MD_GEN.QSPI_CORE_INTERFACE_I/FIFO_EXISTS.RX_FIFO_II/gnuram_async_fifo.xpm_fifo_base_inst/gen_cdc_pntr.wr_pntr_cdc_dc_inst 
  This will add unnecessary latency to the design. Please check the design for the following: 
 1) Manually instantiated XPM_CDC modules: Xilinx recommends that you remove these modules. 
 2) Xilinx IP that contains XPM_CDC modules: Verify the connections to the IP to determine whether you can safely ignore this message.
 [D:/Xilinx/Vivado/2022.2/data/ip/xpm/xpm_cdc/tcl/xpm_cdc_gray.tcl:16]
WARNING: [XPM_CDC_GRAY: TCL-1000] The source and destination clocks are the same. 
     Instance: Signal_Souce_Control_BD_i/axi_quad_spi_1/U0/NO_DUAL_QUAD_MODE.QSPI_NORMAL/QSPI_ENHANCED_MD_GEN.QSPI_CORE_INTERFACE_I/FIFO_EXISTS.TX_FIFO_II/xpm_fifo_instance.xpm_fifo_async_inst/gnuram_async_fifo.xpm_fifo_base_inst/gen_cdc_pntr.rd_pntr_cdc_dc_inst 
  This will add unnecessary latency to the design. Please check the design for the following: 
 1) Manually instantiated XPM_CDC modules: Xilinx recommends that you remove these modules. 
 2) Xilinx IP that contains XPM_CDC modules: Verify the connections to the IP to determine whether you can safely ignore this message.
 [D:/Xilinx/Vivado/2022.2/data/ip/xpm/xpm_cdc/tcl/xpm_cdc_gray.tcl:16]
WARNING: [XPM_CDC_GRAY: TCL-1000] The source and destination clocks are the same. 
     Instance: Signal_Souce_Control_BD_i/axi_quad_spi_1/U0/NO_DUAL_QUAD_MODE.QSPI_NORMAL/QSPI_ENHANCED_MD_GEN.QSPI_CORE_INTERFACE_I/FIFO_EXISTS.RX_FIFO_II/gnuram_async_fifo.xpm_fifo_base_inst/gen_cdc_pntr.rd_pntr_cdc_dc_inst 
  This will add unnecessary latency to the design. Please check the design for the following: 
 1) Manually instantiated XPM_CDC modules: Xilinx recommends that you remove these modules. 
 2) Xilinx IP that contains XPM_CDC modules: Verify the connections to the IP to determine whether you can safely ignore this message.
 [D:/Xilinx/Vivado/2022.2/data/ip/xpm/xpm_cdc/tcl/xpm_cdc_gray.tcl:16]
INFO: [Project 1-1714] 28 XPM XDC files have been applied to the design.
INFO: [Opt 31-138] Pushed 0 inverter(s) to 0 load pin(s).
INFO: [Opt 31-422] The CLOCK_DOMAINS attribute on the BRAM cell Signal_Souce_Control_BD_i/microblaze_0_local_memory/lmb_bram/U0/inst_blk_mem_gen/gnbram.gnative_mem_map_bmg.native_mem_map_blk_mem_gen/valid.cstr/ramloop[0].ram.r/prim_noinit.ram/DEVICE_8SERIES.WITH_BMM_INFO.TRUE_DP.SIMPLE_PRIM36.SERIES8_TDP_SP36_NO_ECC_ATTR.ram has been changed from INDEPENDENT to COMMON to match the clocking topology used for the BRAM.
INFO: [Opt 31-422] The CLOCK_DOMAINS attribute on the BRAM cell Signal_Souce_Control_BD_i/microblaze_0_local_memory/lmb_bram/U0/inst_blk_mem_gen/gnbram.gnative_mem_map_bmg.native_mem_map_blk_mem_gen/valid.cstr/ramloop[10].ram.r/prim_noinit.ram/DEVICE_8SERIES.WITH_BMM_INFO.TRUE_DP.SIMPLE_PRIM36.SERIES8_TDP_SP36_NO_ECC_ATTR.ram has been changed from INDEPENDENT to COMMON to match the clocking topology used for the BRAM.
INFO: [Opt 31-422] The CLOCK_DOMAINS attribute on the BRAM cell Signal_Souce_Control_BD_i/microblaze_0_local_memory/lmb_bram/U0/inst_blk_mem_gen/gnbram.gnative_mem_map_bmg.native_mem_map_blk_mem_gen/valid.cstr/ramloop[11].ram.r/prim_noinit.ram/DEVICE_8SERIES.WITH_BMM_INFO.TRUE_DP.SIMPLE_PRIM36.SERIES8_TDP_SP36_NO_ECC_ATTR.ram has been changed from INDEPENDENT to COMMON to match the clocking topology used for the BRAM.
INFO: [Opt 31-422] The CLOCK_DOMAINS attribute on the BRAM cell Signal_Souce_Control_BD_i/microblaze_0_local_memory/lmb_bram/U0/inst_blk_mem_gen/gnbram.gnative_mem_map_bmg.native_mem_map_blk_mem_gen/valid.cstr/ramloop[12].ram.r/prim_noinit.ram/DEVICE_8SERIES.WITH_BMM_INFO.TRUE_DP.SIMPLE_PRIM36.SERIES8_TDP_SP36_NO_ECC_ATTR.ram has been changed from INDEPENDENT to COMMON to match the clocking topology used for the BRAM.
INFO: [Opt 31-422] The CLOCK_DOMAINS attribute on the BRAM cell Signal_Souce_Control_BD_i/microblaze_0_local_memory/lmb_bram/U0/inst_blk_mem_gen/gnbram.gnative_mem_map_bmg.native_mem_map_blk_mem_gen/valid.cstr/ramloop[13].ram.r/prim_noinit.ram/DEVICE_8SERIES.WITH_BMM_INFO.TRUE_DP.SIMPLE_PRIM36.SERIES8_TDP_SP36_NO_ECC_ATTR.ram has been changed from INDEPENDENT to COMMON to match the clocking topology used for the BRAM.
INFO: [Opt 31-422] The CLOCK_DOMAINS attribute on the BRAM cell Signal_Souce_Control_BD_i/microblaze_0_local_memory/lmb_bram/U0/inst_blk_mem_gen/gnbram.gnative_mem_map_bmg.native_mem_map_blk_mem_gen/valid.cstr/ramloop[14].ram.r/prim_noinit.ram/DEVICE_8SERIES.WITH_BMM_INFO.TRUE_DP.SIMPLE_PRIM36.SERIES8_TDP_SP36_NO_ECC_ATTR.ram has been changed from INDEPENDENT to COMMON to match the clocking topology used for the BRAM.
INFO: [Opt 31-422] The CLOCK_DOMAINS attribute on the BRAM cell Signal_Souce_Control_BD_i/microblaze_0_local_memory/lmb_bram/U0/inst_blk_mem_gen/gnbram.gnative_mem_map_bmg.native_mem_map_blk_mem_gen/valid.cstr/ramloop[15].ram.r/prim_noinit.ram/DEVICE_8SERIES.WITH_BMM_INFO.TRUE_DP.SIMPLE_PRIM36.SERIES8_TDP_SP36_NO_ECC_ATTR.ram has been changed from INDEPENDENT to COMMON to match the clocking topology used for the BRAM.
INFO: [Opt 31-422] The CLOCK_DOMAINS attribute on the BRAM cell Signal_Souce_Control_BD_i/microblaze_0_local_memory/lmb_bram/U0/inst_blk_mem_gen/gnbram.gnative_mem_map_bmg.native_mem_map_blk_mem_gen/valid.cstr/ramloop[16].ram.r/prim_noinit.ram/DEVICE_8SERIES.WITH_BMM_INFO.TRUE_DP.SIMPLE_PRIM36.SERIES8_TDP_SP36_NO_ECC_ATTR.ram has been changed from INDEPENDENT to COMMON to match the clocking topology used for the BRAM.
INFO: [Opt 31-422] The CLOCK_DOMAINS attribute on the BRAM cell Signal_Souce_Control_BD_i/microblaze_0_local_memory/lmb_bram/U0/inst_blk_mem_gen/gnbram.gnative_mem_map_bmg.native_mem_map_blk_mem_gen/valid.cstr/ramloop[17].ram.r/prim_noinit.ram/DEVICE_8SERIES.WITH_BMM_INFO.TRUE_DP.SIMPLE_PRIM36.SERIES8_TDP_SP36_NO_ECC_ATTR.ram has been changed from INDEPENDENT to COMMON to match the clocking topology used for the BRAM.
INFO: [Opt 31-422] The CLOCK_DOMAINS attribute on the BRAM cell Signal_Souce_Control_BD_i/microblaze_0_local_memory/lmb_bram/U0/inst_blk_mem_gen/gnbram.gnative_mem_map_bmg.native_mem_map_blk_mem_gen/valid.cstr/ramloop[18].ram.r/prim_noinit.ram/DEVICE_8SERIES.WITH_BMM_INFO.TRUE_DP.SIMPLE_PRIM36.SERIES8_TDP_SP36_NO_ECC_ATTR.ram has been changed from INDEPENDENT to COMMON to match the clocking topology used for the BRAM.
INFO: [Opt 31-422] The CLOCK_DOMAINS attribute on the BRAM cell Signal_Souce_Control_BD_i/microblaze_0_local_memory/lmb_bram/U0/inst_blk_mem_gen/gnbram.gnative_mem_map_bmg.native_mem_map_blk_mem_gen/valid.cstr/ramloop[19].ram.r/prim_noinit.ram/DEVICE_8SERIES.WITH_BMM_INFO.TRUE_DP.SIMPLE_PRIM36.SERIES8_TDP_SP36_NO_ECC_ATTR.ram has been changed from INDEPENDENT to COMMON to match the clocking topology used for the BRAM.
INFO: [Opt 31-422] The CLOCK_DOMAINS attribute on the BRAM cell Signal_Souce_Control_BD_i/microblaze_0_local_memory/lmb_bram/U0/inst_blk_mem_gen/gnbram.gnative_mem_map_bmg.native_mem_map_blk_mem_gen/valid.cstr/ramloop[1].ram.r/prim_noinit.ram/DEVICE_8SERIES.WITH_BMM_INFO.TRUE_DP.SIMPLE_PRIM36.SERIES8_TDP_SP36_NO_ECC_ATTR.ram has been changed from INDEPENDENT to COMMON to match the clocking topology used for the BRAM.
INFO: [Opt 31-422] The CLOCK_DOMAINS attribute on the BRAM cell Signal_Souce_Control_BD_i/microblaze_0_local_memory/lmb_bram/U0/inst_blk_mem_gen/gnbram.gnative_mem_map_bmg.native_mem_map_blk_mem_gen/valid.cstr/ramloop[20].ram.r/prim_noinit.ram/DEVICE_8SERIES.WITH_BMM_INFO.TRUE_DP.SIMPLE_PRIM36.SERIES8_TDP_SP36_NO_ECC_ATTR.ram has been changed from INDEPENDENT to COMMON to match the clocking topology used for the BRAM.
INFO: [Opt 31-422] The CLOCK_DOMAINS attribute on the BRAM cell Signal_Souce_Control_BD_i/microblaze_0_local_memory/lmb_bram/U0/inst_blk_mem_gen/gnbram.gnative_mem_map_bmg.native_mem_map_blk_mem_gen/valid.cstr/ramloop[21].ram.r/prim_noinit.ram/DEVICE_8SERIES.WITH_BMM_INFO.TRUE_DP.SIMPLE_PRIM36.SERIES8_TDP_SP36_NO_ECC_ATTR.ram has been changed from INDEPENDENT to COMMON to match the clocking topology used for the BRAM.
INFO: [Opt 31-422] The CLOCK_DOMAINS attribute on the BRAM cell Signal_Souce_Control_BD_i/microblaze_0_local_memory/lmb_bram/U0/inst_blk_mem_gen/gnbram.gnative_mem_map_bmg.native_mem_map_blk_mem_gen/valid.cstr/ramloop[22].ram.r/prim_noinit.ram/DEVICE_8SERIES.WITH_BMM_INFO.TRUE_DP.SIMPLE_PRIM36.SERIES8_TDP_SP36_NO_ECC_ATTR.ram has been changed from INDEPENDENT to COMMON to match the clocking topology used for the BRAM.
INFO: [Opt 31-422] The CLOCK_DOMAINS attribute on the BRAM cell Signal_Souce_Control_BD_i/microblaze_0_local_memory/lmb_bram/U0/inst_blk_mem_gen/gnbram.gnative_mem_map_bmg.native_mem_map_blk_mem_gen/valid.cstr/ramloop[23].ram.r/prim_noinit.ram/DEVICE_8SERIES.WITH_BMM_INFO.TRUE_DP.SIMPLE_PRIM36.SERIES8_TDP_SP36_NO_ECC_ATTR.ram has been changed from INDEPENDENT to COMMON to match the clocking topology used for the BRAM.
INFO: [Opt 31-422] The CLOCK_DOMAINS attribute on the BRAM cell Signal_Souce_Control_BD_i/microblaze_0_local_memory/lmb_bram/U0/inst_blk_mem_gen/gnbram.gnative_mem_map_bmg.native_mem_map_blk_mem_gen/valid.cstr/ramloop[24].ram.r/prim_noinit.ram/DEVICE_8SERIES.WITH_BMM_INFO.TRUE_DP.SIMPLE_PRIM36.SERIES8_TDP_SP36_NO_ECC_ATTR.ram has been changed from INDEPENDENT to COMMON to match the clocking topology used for the BRAM.
INFO: [Opt 31-422] The CLOCK_DOMAINS attribute on the BRAM cell Signal_Souce_Control_BD_i/microblaze_0_local_memory/lmb_bram/U0/inst_blk_mem_gen/gnbram.gnative_mem_map_bmg.native_mem_map_blk_mem_gen/valid.cstr/ramloop[25].ram.r/prim_noinit.ram/DEVICE_8SERIES.WITH_BMM_INFO.TRUE_DP.SIMPLE_PRIM36.SERIES8_TDP_SP36_NO_ECC_ATTR.ram has been changed from INDEPENDENT to COMMON to match the clocking topology used for the BRAM.
INFO: [Opt 31-422] The CLOCK_DOMAINS attribute on the BRAM cell Signal_Souce_Control_BD_i/microblaze_0_local_memory/lmb_bram/U0/inst_blk_mem_gen/gnbram.gnative_mem_map_bmg.native_mem_map_blk_mem_gen/valid.cstr/ramloop[26].ram.r/prim_noinit.ram/DEVICE_8SERIES.WITH_BMM_INFO.TRUE_DP.SIMPLE_PRIM36.SERIES8_TDP_SP36_NO_ECC_ATTR.ram has been changed from INDEPENDENT to COMMON to match the clocking topology used for the BRAM.
INFO: [Opt 31-422] The CLOCK_DOMAINS attribute on the BRAM cell Signal_Souce_Control_BD_i/microblaze_0_local_memory/lmb_bram/U0/inst_blk_mem_gen/gnbram.gnative_mem_map_bmg.native_mem_map_blk_mem_gen/valid.cstr/ramloop[27].ram.r/prim_noinit.ram/DEVICE_8SERIES.WITH_BMM_INFO.TRUE_DP.SIMPLE_PRIM36.SERIES8_TDP_SP36_NO_ECC_ATTR.ram has been changed from INDEPENDENT to COMMON to match the clocking topology used for the BRAM.
INFO: [Opt 31-422] The CLOCK_DOMAINS attribute on the BRAM cell Signal_Souce_Control_BD_i/microblaze_0_local_memory/lmb_bram/U0/inst_blk_mem_gen/gnbram.gnative_mem_map_bmg.native_mem_map_blk_mem_gen/valid.cstr/ramloop[28].ram.r/prim_noinit.ram/DEVICE_8SERIES.WITH_BMM_INFO.TRUE_DP.SIMPLE_PRIM36.SERIES8_TDP_SP36_NO_ECC_ATTR.ram has been changed from INDEPENDENT to COMMON to match the clocking topology used for the BRAM.
INFO: [Opt 31-422] The CLOCK_DOMAINS attribute on the BRAM cell Signal_Souce_Control_BD_i/microblaze_0_local_memory/lmb_bram/U0/inst_blk_mem_gen/gnbram.gnative_mem_map_bmg.native_mem_map_blk_mem_gen/valid.cstr/ramloop[29].ram.r/prim_noinit.ram/DEVICE_8SERIES.WITH_BMM_INFO.TRUE_DP.SIMPLE_PRIM36.SERIES8_TDP_SP36_NO_ECC_ATTR.ram has been changed from INDEPENDENT to COMMON to match the clocking topology used for the BRAM.
INFO: [Opt 31-422] The CLOCK_DOMAINS attribute on the BRAM cell Signal_Souce_Control_BD_i/microblaze_0_local_memory/lmb_bram/U0/inst_blk_mem_gen/gnbram.gnative_mem_map_bmg.native_mem_map_blk_mem_gen/valid.cstr/ramloop[2].ram.r/prim_noinit.ram/DEVICE_8SERIES.WITH_BMM_INFO.TRUE_DP.SIMPLE_PRIM36.SERIES8_TDP_SP36_NO_ECC_ATTR.ram has been changed from INDEPENDENT to COMMON to match the clocking topology used for the BRAM.
INFO: [Opt 31-422] The CLOCK_DOMAINS attribute on the BRAM cell Signal_Souce_Control_BD_i/microblaze_0_local_memory/lmb_bram/U0/inst_blk_mem_gen/gnbram.gnative_mem_map_bmg.native_mem_map_blk_mem_gen/valid.cstr/ramloop[30].ram.r/prim_noinit.ram/DEVICE_8SERIES.WITH_BMM_INFO.TRUE_DP.SIMPLE_PRIM36.SERIES8_TDP_SP36_NO_ECC_ATTR.ram has been changed from INDEPENDENT to COMMON to match the clocking topology used for the BRAM.
INFO: [Opt 31-422] The CLOCK_DOMAINS attribute on the BRAM cell Signal_Souce_Control_BD_i/microblaze_0_local_memory/lmb_bram/U0/inst_blk_mem_gen/gnbram.gnative_mem_map_bmg.native_mem_map_blk_mem_gen/valid.cstr/ramloop[31].ram.r/prim_noinit.ram/DEVICE_8SERIES.WITH_BMM_INFO.TRUE_DP.SIMPLE_PRIM36.SERIES8_TDP_SP36_NO_ECC_ATTR.ram has been changed from INDEPENDENT to COMMON to match the clocking topology used for the BRAM.
INFO: [Opt 31-422] The CLOCK_DOMAINS attribute on the BRAM cell Signal_Souce_Control_BD_i/microblaze_0_local_memory/lmb_bram/U0/inst_blk_mem_gen/gnbram.gnative_mem_map_bmg.native_mem_map_blk_mem_gen/valid.cstr/ramloop[3].ram.r/prim_noinit.ram/DEVICE_8SERIES.WITH_BMM_INFO.TRUE_DP.SIMPLE_PRIM36.SERIES8_TDP_SP36_NO_ECC_ATTR.ram has been changed from INDEPENDENT to COMMON to match the clocking topology used for the BRAM.
INFO: [Opt 31-422] The CLOCK_DOMAINS attribute on the BRAM cell Signal_Souce_Control_BD_i/microblaze_0_local_memory/lmb_bram/U0/inst_blk_mem_gen/gnbram.gnative_mem_map_bmg.native_mem_map_blk_mem_gen/valid.cstr/ramloop[4].ram.r/prim_noinit.ram/DEVICE_8SERIES.WITH_BMM_INFO.TRUE_DP.SIMPLE_PRIM36.SERIES8_TDP_SP36_NO_ECC_ATTR.ram has been changed from INDEPENDENT to COMMON to match the clocking topology used for the BRAM.
INFO: [Opt 31-422] The CLOCK_DOMAINS attribute on the BRAM cell Signal_Souce_Control_BD_i/microblaze_0_local_memory/lmb_bram/U0/inst_blk_mem_gen/gnbram.gnative_mem_map_bmg.native_mem_map_blk_mem_gen/valid.cstr/ramloop[5].ram.r/prim_noinit.ram/DEVICE_8SERIES.WITH_BMM_INFO.TRUE_DP.SIMPLE_PRIM36.SERIES8_TDP_SP36_NO_ECC_ATTR.ram has been changed from INDEPENDENT to COMMON to match the clocking topology used for the BRAM.
INFO: [Opt 31-422] The CLOCK_DOMAINS attribute on the BRAM cell Signal_Souce_Control_BD_i/microblaze_0_local_memory/lmb_bram/U0/inst_blk_mem_gen/gnbram.gnative_mem_map_bmg.native_mem_map_blk_mem_gen/valid.cstr/ramloop[6].ram.r/prim_noinit.ram/DEVICE_8SERIES.WITH_BMM_INFO.TRUE_DP.SIMPLE_PRIM36.SERIES8_TDP_SP36_NO_ECC_ATTR.ram has been changed from INDEPENDENT to COMMON to match the clocking topology used for the BRAM.
INFO: [Opt 31-422] The CLOCK_DOMAINS attribute on the BRAM cell Signal_Souce_Control_BD_i/microblaze_0_local_memory/lmb_bram/U0/inst_blk_mem_gen/gnbram.gnative_mem_map_bmg.native_mem_map_blk_mem_gen/valid.cstr/ramloop[7].ram.r/prim_noinit.ram/DEVICE_8SERIES.WITH_BMM_INFO.TRUE_DP.SIMPLE_PRIM36.SERIES8_TDP_SP36_NO_ECC_ATTR.ram has been changed from INDEPENDENT to COMMON to match the clocking topology used for the BRAM.
INFO: [Opt 31-422] The CLOCK_DOMAINS attribute on the BRAM cell Signal_Souce_Control_BD_i/microblaze_0_local_memory/lmb_bram/U0/inst_blk_mem_gen/gnbram.gnative_mem_map_bmg.native_mem_map_blk_mem_gen/valid.cstr/ramloop[8].ram.r/prim_noinit.ram/DEVICE_8SERIES.WITH_BMM_INFO.TRUE_DP.SIMPLE_PRIM36.SERIES8_TDP_SP36_NO_ECC_ATTR.ram has been changed from INDEPENDENT to COMMON to match the clocking topology used for the BRAM.
INFO: [Opt 31-422] The CLOCK_DOMAINS attribute on the BRAM cell Signal_Souce_Control_BD_i/microblaze_0_local_memory/lmb_bram/U0/inst_blk_mem_gen/gnbram.gnative_mem_map_bmg.native_mem_map_blk_mem_gen/valid.cstr/ramloop[9].ram.r/prim_noinit.ram/DEVICE_8SERIES.WITH_BMM_INFO.TRUE_DP.SIMPLE_PRIM36.SERIES8_TDP_SP36_NO_ECC_ATTR.ram has been changed from INDEPENDENT to COMMON to match the clocking topology used for the BRAM.
WARNING: [Constraints 18-5572] Instance Signal_Souce_Control_BD_i/axi_quad_spi_1/U0/NO_DUAL_QUAD_MODE.QSPI_NORMAL/IO1_I_REG has IOB constraint set, However, the instance does not seem to have valid I/O connection to be placed into I/O. The constraint on the instance will be ignored.
Generating merged BMM file for the design top 'Signal_Souce_Control_BD_wrapper'...
INFO: [Memdata 28-144] Successfully populated the BRAM INIT strings from the following elf files: D:/DMTS/MOLIT_Shoe_Schaner/Development/FPGA/Signal_Source_Control/Vitis/Signal_Source_Control_App/Debug/Signal_Source_Control_App.elf 
Netlist sorting complete. Time (s): cpu = 00:00:00 ; elapsed = 00:00:00.008 . Memory (MB): peak = 2155.277 ; gain = 0.000
INFO: [Project 1-111] Unisim Transformation Summary:
  A total of 108 instances were transformed.
  IBUF => IBUF (IBUFCTRL, INBUF): 7 instances
  IBUFDS => IBUFDS (DIFFINBUF, IBUFCTRL): 1 instance 
  LUT6_2 => LUT6_2 (LUT5, LUT6): 80 instances
  RAM32M => RAM32M (RAMD32(x6), RAMS32(x2)): 16 instances
  RAM32M16 => RAM32M16 (RAMD32(x14), RAMS32(x2)): 4 instances

64 Infos, 19 Warnings, 2 Critical Warnings and 0 Errors encountered.
link_design completed successfully
link_design: Time (s): cpu = 00:00:18 ; elapsed = 00:00:21 . Memory (MB): peak = 2155.277 ; gain = 1564.367
Command: opt_design
Attempting to get a license for feature 'Implementation' and/or device 'xcku5p'
INFO: [Common 17-349] Got license for feature 'Implementation' and/or device 'xcku5p'
Running DRC as a precondition to command opt_design

Starting DRC Task
INFO: [DRC 23-27] Running DRC with 2 threads
INFO: [Project 1-461] DRC finished with 0 Errors
INFO: [Project 1-462] Please refer to the DRC report (report_drc) for more information.

Time (s): cpu = 00:00:02 ; elapsed = 00:00:01 . Memory (MB): peak = 2155.277 ; gain = 0.000

Starting Cache Timing Information Task
INFO: [Timing 38-35] Done setting XDC timing constraints.
Ending Cache Timing Information Task | Checksum: 21503f71a

Time (s): cpu = 00:00:02 ; elapsed = 00:00:00.822 . Memory (MB): peak = 2155.277 ; gain = 0.000

Starting Logic Optimization Task

Phase 1 Retarget
INFO: [Opt 31-1287] Pulled Inverter Signal_Souce_Control_BD_i/axi_quad_spi_0/U0/NO_DUAL_QUAD_MODE.QSPI_NORMAL/QSPI_ENHANCED_MD_GEN.QSPI_CORE_INTERFACE_I/FIFO_EXISTS.RX_FIFO_II/gnuram_async_fifo.xpm_fifo_base_inst/xpm_fifo_rst_inst/FSM_onehot_gen_rst_ic.curr_wrst_state[4]_i_1 into driver instance Signal_Souce_Control_BD_i/axi_quad_spi_0/U0/NO_DUAL_QUAD_MODE.QSPI_NORMAL/QSPI_ENHANCED_MD_GEN.QSPI_CORE_INTERFACE_I/FIFO_EXISTS.RX_FIFO_II/gnuram_async_fifo.xpm_fifo_base_inst/xpm_fifo_rst_inst//i_, which resulted in an inversion of 2 pins
INFO: [Opt 31-1287] Pulled Inverter Signal_Souce_Control_BD_i/axi_quad_spi_0/U0/NO_DUAL_QUAD_MODE.QSPI_NORMAL/QSPI_ENHANCED_MD_GEN.QSPI_CORE_INTERFACE_I/FIFO_EXISTS.TX_FIFO_II/xpm_fifo_instance.xpm_fifo_async_inst/gnuram_async_fifo.xpm_fifo_base_inst/xpm_fifo_rst_inst/FSM_onehot_gen_rst_ic.curr_wrst_state[4]_i_1 into driver instance Signal_Souce_Control_BD_i/axi_quad_spi_0/U0/NO_DUAL_QUAD_MODE.QSPI_NORMAL/QSPI_ENHANCED_MD_GEN.QSPI_CORE_INTERFACE_I/FIFO_EXISTS.TX_FIFO_II/xpm_fifo_instance.xpm_fifo_async_inst/gnuram_async_fifo.xpm_fifo_base_inst/xpm_fifo_rst_inst//i_, which resulted in an inversion of 2 pins
INFO: [Opt 31-1287] Pulled Inverter Signal_Souce_Control_BD_i/axi_quad_spi_0/U0/NO_DUAL_QUAD_MODE.QSPI_NORMAL/QSPI_ENHANCED_MD_GEN.QSPI_CORE_INTERFACE_I/LOGIC_FOR_MD_0_GEN.SPI_MODULE_I/LOCAL_TX_EMPTY_FIFO_12_GEN.stop_clock_reg_i_1 into driver instance Signal_Souce_Control_BD_i/axi_quad_spi_0/U0/NO_DUAL_QUAD_MODE.QSPI_NORMAL/QSPI_ENHANCED_MD_GEN.QSPI_CORE_INTERFACE_I/LOGIC_FOR_MD_0_GEN.SPI_MODULE_I/SS_O[3]_i_2, which resulted in an inversion of 3 pins
INFO: [Opt 31-1287] Pulled Inverter Signal_Souce_Control_BD_i/axi_quad_spi_0/U0/NO_DUAL_QUAD_MODE.QSPI_NORMAL/QSPI_ENHANCED_MD_GEN.QSPI_ENHANCED_MD_IPIF_I/burst_transfer_reg_i_1 into driver instance Signal_Souce_Control_BD_i/axi_quad_spi_0/U0/NO_DUAL_QUAD_MODE.QSPI_NORMAL/QSPI_ENHANCED_MD_GEN.QSPI_ENHANCED_MD_IPIF_I/awready_i_i_3, which resulted in an inversion of 7 pins
INFO: [Opt 31-1287] Pulled Inverter Signal_Souce_Control_BD_i/axi_quad_spi_0/U0/NO_DUAL_QUAD_MODE.QSPI_NORMAL/QSPI_ENHANCED_MD_GEN.QSPI_ENHANCED_MD_IPIF_I/rnw_reg_i_1 into driver instance Signal_Souce_Control_BD_i/axi_quad_spi_0/U0/NO_DUAL_QUAD_MODE.QSPI_NORMAL/QSPI_ENHANCED_MD_GEN.QSPI_ENHANCED_MD_IPIF_I/rnw_reg_i_2, which resulted in an inversion of 3 pins
INFO: [Opt 31-1287] Pulled Inverter Signal_Souce_Control_BD_i/axi_quad_spi_1/U0/NO_DUAL_QUAD_MODE.QSPI_NORMAL/QSPI_ENHANCED_MD_GEN.QSPI_CORE_INTERFACE_I/FIFO_EXISTS.RX_FIFO_II/gnuram_async_fifo.xpm_fifo_base_inst/xpm_fifo_rst_inst/FSM_onehot_gen_rst_ic.curr_wrst_state[4]_i_1 into driver instance Signal_Souce_Control_BD_i/axi_quad_spi_1/U0/NO_DUAL_QUAD_MODE.QSPI_NORMAL/QSPI_ENHANCED_MD_GEN.QSPI_CORE_INTERFACE_I/FIFO_EXISTS.RX_FIFO_II/gnuram_async_fifo.xpm_fifo_base_inst/xpm_fifo_rst_inst//i_, which resulted in an inversion of 2 pins
INFO: [Opt 31-1287] Pulled Inverter Signal_Souce_Control_BD_i/axi_quad_spi_1/U0/NO_DUAL_QUAD_MODE.QSPI_NORMAL/QSPI_ENHANCED_MD_GEN.QSPI_CORE_INTERFACE_I/FIFO_EXISTS.TX_FIFO_II/xpm_fifo_instance.xpm_fifo_async_inst/gnuram_async_fifo.xpm_fifo_base_inst/xpm_fifo_rst_inst/FSM_onehot_gen_rst_ic.curr_wrst_state[4]_i_1 into driver instance Signal_Souce_Control_BD_i/axi_quad_spi_1/U0/NO_DUAL_QUAD_MODE.QSPI_NORMAL/QSPI_ENHANCED_MD_GEN.QSPI_CORE_INTERFACE_I/FIFO_EXISTS.TX_FIFO_II/xpm_fifo_instance.xpm_fifo_async_inst/gnuram_async_fifo.xpm_fifo_base_inst/xpm_fifo_rst_inst//i_, which resulted in an inversion of 2 pins
INFO: [Opt 31-1287] Pulled Inverter Signal_Souce_Control_BD_i/axi_quad_spi_1/U0/NO_DUAL_QUAD_MODE.QSPI_NORMAL/QSPI_ENHANCED_MD_GEN.QSPI_CORE_INTERFACE_I/LOGIC_FOR_MD_0_GEN.SPI_MODULE_I/LOCAL_TX_EMPTY_FIFO_12_GEN.stop_clock_reg_i_1 into driver instance Signal_Souce_Control_BD_i/axi_quad_spi_1/U0/NO_DUAL_QUAD_MODE.QSPI_NORMAL/QSPI_ENHANCED_MD_GEN.QSPI_CORE_INTERFACE_I/LOGIC_FOR_MD_0_GEN.SPI_MODULE_I/SS_O[3]_i_2, which resulted in an inversion of 3 pins
INFO: [Opt 31-1287] Pulled Inverter Signal_Souce_Control_BD_i/axi_quad_spi_1/U0/NO_DUAL_QUAD_MODE.QSPI_NORMAL/QSPI_ENHANCED_MD_GEN.QSPI_ENHANCED_MD_IPIF_I/rnw_reg_i_1 into driver instance Signal_Souce_Control_BD_i/axi_quad_spi_1/U0/NO_DUAL_QUAD_MODE.QSPI_NORMAL/QSPI_ENHANCED_MD_GEN.QSPI_ENHANCED_MD_IPIF_I/rnw_reg_i_2, which resulted in an inversion of 3 pins
INFO: [Opt 31-1287] Pulled Inverter Signal_Souce_Control_BD_i/mdm_1/U0/MDM_Core_I1/JTAG_CONTROL_I/Use_BSCAN.FDC_I/Use_Serial_Unified_Completion.Completion_Status_Register.sample_1[15]_i_1 into driver instance Signal_Souce_Control_BD_i/mdm_1/U0/MDM_Core_I1/JTAG_CONTROL_I/Use_BSCAN.FDC_I/Use_Serial_Unified_Completion.Completion_Status_Register.sample_1[15]_i_2, which resulted in an inversion of 14 pins
INFO: [Opt 31-138] Pushed 12 inverter(s) to 220 load pin(s).
INFO: [Opt 31-49] Retargeted 0 cell(s).
Phase 1 Retarget | Checksum: 1968f3492

Time (s): cpu = 00:00:00 ; elapsed = 00:00:00.438 . Memory (MB): peak = 2463.871 ; gain = 0.000
INFO: [Opt 31-389] Phase Retarget created 276 cells and removed 366 cells
INFO: [Opt 31-1021] In phase Retarget, 1 netlist objects are constrained preventing optimization. Please run opt_design with -debug_log to get more detail. 

Phase 2 Constant propagation
INFO: [Opt 31-138] Pushed 0 inverter(s) to 0 load pin(s).
Phase 2 Constant propagation | Checksum: 11f6140c3

Time (s): cpu = 00:00:00 ; elapsed = 00:00:00.488 . Memory (MB): peak = 2463.871 ; gain = 0.000
INFO: [Opt 31-389] Phase Constant propagation created 32 cells and removed 118 cells
INFO: [Opt 31-1021] In phase Constant propagation, 3 netlist objects are constrained preventing optimization. Please run opt_design with -debug_log to get more detail. 

Phase 3 Sweep
Phase 3 Sweep | Checksum: 147673337

Time (s): cpu = 00:00:01 ; elapsed = 00:00:00.741 . Memory (MB): peak = 2463.871 ; gain = 0.000
INFO: [Opt 31-389] Phase Sweep created 8 cells and removed 461 cells
INFO: [Opt 31-1021] In phase Sweep, 3 netlist objects are constrained preventing optimization. Please run opt_design with -debug_log to get more detail. 

Phase 4 BUFG optimization
INFO: [Opt 31-194] Inserted BUFG Signal_Souce_Control_BD_i/mdm_1/U0/Use_E2.BSCAN_I/Dbg_Update_0_BUFG_inst to drive 40 load(s) on clock net Signal_Souce_Control_BD_i/mdm_1/U0/Use_E2.BSCAN_I/Dbg_Update_0_BUFGCE
INFO: [Opt 31-193] Inserted 1 BUFG(s) on clock nets
INFO: [Opt 31-1077] Phase BUFG optimization inserted 0 global clock buffer(s) for CLOCK_LOW_FANOUT.
Phase 4 BUFG optimization | Checksum: 1382afaac

Time (s): cpu = 00:00:01 ; elapsed = 00:00:00.832 . Memory (MB): peak = 2463.871 ; gain = 0.000
INFO: [Opt 31-662] Phase BUFG optimization created 1 cells of which 1 are BUFGs and removed 0 cells.

Phase 5 Shift Register Optimization
INFO: [Opt 31-1064] SRL Remap converted 0 SRLs to 0 registers and converted 0 registers of register chains to 0 SRLs
Phase 5 Shift Register Optimization | Checksum: 1382afaac

Time (s): cpu = 00:00:01 ; elapsed = 00:00:00.848 . Memory (MB): peak = 2463.871 ; gain = 0.000
INFO: [Opt 31-389] Phase Shift Register Optimization created 0 cells and removed 0 cells

Phase 6 Post Processing Netlist
Phase 6 Post Processing Netlist | Checksum: 16e9a4e08

Time (s): cpu = 00:00:01 ; elapsed = 00:00:00.880 . Memory (MB): peak = 2463.871 ; gain = 0.000
INFO: [Opt 31-389] Phase Post Processing Netlist created 0 cells and removed 0 cells
INFO: [Opt 31-1021] In phase Post Processing Netlist, 3 netlist objects are constrained preventing optimization. Please run opt_design with -debug_log to get more detail. 
Opt_design Change Summary
=========================


-------------------------------------------------------------------------------------------------------------------------
|  Phase                        |  #Cells created  |  #Cells Removed  |  #Constrained objects preventing optimizations  |
-------------------------------------------------------------------------------------------------------------------------
|  Retarget                     |             276  |             366  |                                              1  |
|  Constant propagation         |              32  |             118  |                                              3  |
|  Sweep                        |               8  |             461  |                                              3  |
|  BUFG optimization            |               1  |               0  |                                              0  |
|  Shift Register Optimization  |               0  |               0  |                                              0  |
|  Post Processing Netlist      |               0  |               0  |                                              3  |
-------------------------------------------------------------------------------------------------------------------------



Starting Connectivity Check Task

Time (s): cpu = 00:00:00 ; elapsed = 00:00:00.011 . Memory (MB): peak = 2463.871 ; gain = 0.000
Ending Logic Optimization Task | Checksum: 1d27d36b1

Time (s): cpu = 00:00:01 ; elapsed = 00:00:01 . Memory (MB): peak = 2463.871 ; gain = 0.000

Starting Power Optimization Task
INFO: [Pwropt 34-132] Skipping clock gating for clocks with a period < 2.00 ns.
INFO: [Pwropt 34-9] Applying IDT optimizations ...
INFO: [Pwropt 34-10] Applying ODC optimizations ...
INFO: [Timing 38-35] Done setting XDC timing constraints.
Running Vector-less Activity Propagation...

Finished Running Vector-less Activity Propagation


Starting PowerOpt Patch Enables Task
INFO: [Pwropt 34-162] WRITE_MODE attribute of 0 BRAM(s) out of a total of 32 has been updated to save power. Run report_power_opt to get a complete listing of the BRAMs updated.
INFO: [Pwropt 34-201] Structural ODC has moved 0 WE to EN ports
Number of BRAM Ports augmented: 0 newly gated: 0 Total Ports: 64
Ending PowerOpt Patch Enables Task | Checksum: 1d27d36b1

Time (s): cpu = 00:00:00 ; elapsed = 00:00:00.148 . Memory (MB): peak = 2967.035 ; gain = 0.000
Ending Power Optimization Task | Checksum: 1d27d36b1

Time (s): cpu = 00:00:12 ; elapsed = 00:00:10 . Memory (MB): peak = 2967.035 ; gain = 503.164

Starting Final Cleanup Task
Ending Final Cleanup Task | Checksum: 1d27d36b1

Time (s): cpu = 00:00:00 ; elapsed = 00:00:00.001 . Memory (MB): peak = 2967.035 ; gain = 0.000

Starting Netlist Obfuscation Task
Netlist sorting complete. Time (s): cpu = 00:00:00 ; elapsed = 00:00:00.007 . Memory (MB): peak = 2967.035 ; gain = 0.000
Ending Netlist Obfuscation Task | Checksum: 1d27d36b1

Time (s): cpu = 00:00:00 ; elapsed = 00:00:00.008 . Memory (MB): peak = 2967.035 ; gain = 0.000
INFO: [Common 17-83] Releasing license: Implementation
103 Infos, 19 Warnings, 2 Critical Warnings and 0 Errors encountered.
opt_design completed successfully
opt_design: Time (s): cpu = 00:00:19 ; elapsed = 00:00:16 . Memory (MB): peak = 2967.035 ; gain = 811.758
INFO: [Timing 38-35] Done setting XDC timing constraints.
INFO: [Timing 38-480] Writing timing data to binary archive.
Writing XDEF routing.
Writing XDEF routing logical nets.
Writing XDEF routing special nets.
Write XDEF Complete: Time (s): cpu = 00:00:00 ; elapsed = 00:00:00.100 . Memory (MB): peak = 2967.035 ; gain = 0.000
INFO: [Common 17-1381] The checkpoint 'D:/DMTS/MOLIT_Shoe_Schaner/Development/FPGA/Signal_Source_Control/Vivado/Signal_Souce_Control.runs/impl_1/Signal_Souce_Control_BD_wrapper_opt.dcp' has been generated.
INFO: [runtcl-4] Executing : report_drc -file Signal_Souce_Control_BD_wrapper_drc_opted.rpt -pb Signal_Souce_Control_BD_wrapper_drc_opted.pb -rpx Signal_Souce_Control_BD_wrapper_drc_opted.rpx
Command: report_drc -file Signal_Souce_Control_BD_wrapper_drc_opted.rpt -pb Signal_Souce_Control_BD_wrapper_drc_opted.pb -rpx Signal_Souce_Control_BD_wrapper_drc_opted.rpx
INFO: [IP_Flow 19-1839] IP Catalog is up to date.
INFO: [DRC 23-27] Running DRC with 2 threads
INFO: [Vivado_Tcl 2-168] The results of DRC are in file D:/DMTS/MOLIT_Shoe_Schaner/Development/FPGA/Signal_Source_Control/Vivado/Signal_Souce_Control.runs/impl_1/Signal_Souce_Control_BD_wrapper_drc_opted.rpt.
report_drc completed successfully
Command: place_design
Attempting to get a license for feature 'Implementation' and/or device 'xcku5p'
INFO: [Common 17-349] Got license for feature 'Implementation' and/or device 'xcku5p'
INFO: [DRC 23-27] Running DRC with 2 threads
INFO: [Vivado_Tcl 4-198] DRC finished with 0 Errors
INFO: [Vivado_Tcl 4-199] Please refer to the DRC report (report_drc) for more information.
Running DRC as a precondition to command place_design
INFO: [DRC 23-27] Running DRC with 2 threads
INFO: [Vivado_Tcl 4-198] DRC finished with 0 Errors
INFO: [Vivado_Tcl 4-199] Please refer to the DRC report (report_drc) for more information.

Starting Placer Task
INFO: [Place 30-611] Multithreading enabled for place_design using a maximum of 2 CPUs

Phase 1 Placer Initialization

Phase 1.1 Placer Initialization Netlist Sorting
Netlist sorting complete. Time (s): cpu = 00:00:00 ; elapsed = 00:00:00.009 . Memory (MB): peak = 2967.035 ; gain = 0.000
Phase 1.1 Placer Initialization Netlist Sorting | Checksum: 115a35f76

Time (s): cpu = 00:00:00 ; elapsed = 00:00:00.014 . Memory (MB): peak = 2967.035 ; gain = 0.000
Netlist sorting complete. Time (s): cpu = 00:00:00 ; elapsed = 00:00:00.010 . Memory (MB): peak = 2967.035 ; gain = 0.000

Phase 1.2 IO Placement/ Clock Placement/ Build Placer Device
Phase 1.2 IO Placement/ Clock Placement/ Build Placer Device | Checksum: 1239dfd36

Time (s): cpu = 00:00:18 ; elapsed = 00:00:18 . Memory (MB): peak = 3973.027 ; gain = 1005.992

Phase 1.3 Build Placer Netlist Model
Phase 1.3 Build Placer Netlist Model | Checksum: 1507a745a

Time (s): cpu = 00:00:20 ; elapsed = 00:00:20 . Memory (MB): peak = 3973.027 ; gain = 1005.992

Phase 1.4 Constrain Clocks/Macros
Phase 1.4 Constrain Clocks/Macros | Checksum: 1507a745a

Time (s): cpu = 00:00:20 ; elapsed = 00:00:20 . Memory (MB): peak = 3973.027 ; gain = 1005.992
Phase 1 Placer Initialization | Checksum: 1507a745a

Time (s): cpu = 00:00:20 ; elapsed = 00:00:20 . Memory (MB): peak = 3973.027 ; gain = 1005.992

Phase 2 Global Placement

Phase 2.1 Floorplanning

Phase 2.1.1 Partition Driven Placement

Phase 2.1.1.1 PBP: Partition Driven Placement
Phase 2.1.1.1 PBP: Partition Driven Placement | Checksum: 15e39e84a

Time (s): cpu = 00:00:22 ; elapsed = 00:00:21 . Memory (MB): peak = 3973.027 ; gain = 1005.992

Phase 2.1.1.2 PBP: Clock Region Placement
Phase 2.1.1.2 PBP: Clock Region Placement | Checksum: 6f3c0e93

Time (s): cpu = 00:00:23 ; elapsed = 00:00:22 . Memory (MB): peak = 3973.027 ; gain = 1005.992

Phase 2.1.1.3 PBP: Compute Congestion
Phase 2.1.1.3 PBP: Compute Congestion | Checksum: 6f3c0e93

Time (s): cpu = 00:00:23 ; elapsed = 00:00:22 . Memory (MB): peak = 3973.027 ; gain = 1005.992

Phase 2.1.1.4 PBP: UpdateTiming
Phase 2.1.1.4 PBP: UpdateTiming | Checksum: d4484870

Time (s): cpu = 00:00:23 ; elapsed = 00:00:22 . Memory (MB): peak = 3973.027 ; gain = 1005.992

Phase 2.1.1.5 PBP: Add part constraints
Phase 2.1.1.5 PBP: Add part constraints | Checksum: d4484870

Time (s): cpu = 00:00:23 ; elapsed = 00:00:22 . Memory (MB): peak = 3973.027 ; gain = 1005.992
Phase 2.1.1 Partition Driven Placement | Checksum: d4484870

Time (s): cpu = 00:00:23 ; elapsed = 00:00:22 . Memory (MB): peak = 3973.027 ; gain = 1005.992
Phase 2.1 Floorplanning | Checksum: d3209739

Time (s): cpu = 00:00:23 ; elapsed = 00:00:22 . Memory (MB): peak = 3973.027 ; gain = 1005.992

Phase 2.2 Update Timing before SLR Path Opt
Phase 2.2 Update Timing before SLR Path Opt | Checksum: d3209739

Time (s): cpu = 00:00:23 ; elapsed = 00:00:22 . Memory (MB): peak = 3973.027 ; gain = 1005.992

Phase 2.3 Post-Processing in Floorplanning
Phase 2.3 Post-Processing in Floorplanning | Checksum: d3209739

Time (s): cpu = 00:00:23 ; elapsed = 00:00:22 . Memory (MB): peak = 3973.027 ; gain = 1005.992

Phase 2.4 Global Placement Core

Phase 2.4.1 UpdateTiming Before Physical Synthesis
Phase 2.4.1 UpdateTiming Before Physical Synthesis | Checksum: 1369c7994

Time (s): cpu = 00:00:36 ; elapsed = 00:00:29 . Memory (MB): peak = 3973.027 ; gain = 1005.992

Phase 2.4.2 Physical Synthesis In Placer
INFO: [Physopt 32-1035] Found 0 LUTNM shape to break, 308 LUT instances to create LUTNM shape
INFO: [Physopt 32-1044] Break lutnm for timing: one critical 0, two critical 0, total 0, new lutff created 0
INFO: [Physopt 32-1138] End 1 Pass. Optimized 119 nets or LUTs. Breaked 0 LUT, combined 119 existing LUTs and moved 0 existing LUT
INFO: [Physopt 32-1030] Pass 1. Identified 1 candidate driver set for equivalent driver rewiring.
INFO: [Physopt 32-661] Optimized 1 net.  Re-placed 6 instances.
INFO: [Physopt 32-775] End 1 Pass. Optimized 1 net or cell. Created 0 new cell, deleted 0 existing cell and moved 6 existing cells
Netlist sorting complete. Time (s): cpu = 00:00:00 ; elapsed = 00:00:00.018 . Memory (MB): peak = 3973.027 ; gain = 0.000
INFO: [Physopt 32-65] No nets found for high-fanout optimization.
INFO: [Physopt 32-232] Optimized 0 net. Created 0 new instance.
INFO: [Physopt 32-775] End 1 Pass. Optimized 0 net or cell. Created 0 new cell, deleted 0 existing cell and moved 0 existing cell
INFO: [Physopt 32-670] No setup violation found.  DSP Register Optimization was not performed.
INFO: [Physopt 32-670] No setup violation found.  Shift Register to Pipeline Optimization was not performed.
INFO: [Physopt 32-670] No setup violation found.  Shift Register Optimization was not performed.
INFO: [Physopt 32-670] No setup violation found.  BRAM Register Optimization was not performed.
INFO: [Physopt 32-670] No setup violation found.  URAM Register Optimization was not performed.
INFO: [Physopt 32-949] No candidate nets found for dynamic/static region interface net replication
INFO: [Physopt 32-775] End 1 Pass. Optimized 0 net or cell. Created 0 new cell, deleted 0 existing cell and moved 0 existing cell
Netlist sorting complete. Time (s): cpu = 00:00:00 ; elapsed = 00:00:00.008 . Memory (MB): peak = 3973.027 ; gain = 0.000

Summary of Physical Synthesis Optimizations
============================================


-----------------------------------------------------------------------------------------------------------------------------------------------------------
|  Optimization                                     |  Added Cells  |  Removed Cells  |  Optimized Cells/Nets  |  Dont Touch  |  Iterations  |  Elapsed   |
-----------------------------------------------------------------------------------------------------------------------------------------------------------
|  LUT Combining                                    |            0  |            119  |                   119  |           0  |           1  |  00:00:00  |
|  Retime                                           |            0  |              0  |                     0  |           0  |           1  |  00:00:00  |
|  Equivalent Driver Rewiring                       |            0  |              0  |                     1  |           0  |           1  |  00:00:00  |
|  Very High Fanout                                 |            0  |              0  |                     0  |           0  |           1  |  00:00:00  |
|  DSP Register                                     |            0  |              0  |                     0  |           0  |           0  |  00:00:00  |
|  Shift Register to Pipeline                       |            0  |              0  |                     0  |           0  |           0  |  00:00:00  |
|  Shift Register                                   |            0  |              0  |                     0  |           0  |           0  |  00:00:00  |
|  BRAM Register                                    |            0  |              0  |                     0  |           0  |           0  |  00:00:00  |
|  URAM Register                                    |            0  |              0  |                     0  |           0  |           0  |  00:00:00  |
|  Dynamic/Static Region Interface Net Replication  |            0  |              0  |                     0  |           0  |           1  |  00:00:00  |
|  Total                                            |            0  |            119  |                   120  |           0  |           5  |  00:00:00  |
-----------------------------------------------------------------------------------------------------------------------------------------------------------


Phase 2.4.2 Physical Synthesis In Placer | Checksum: 1f5770f40

Time (s): cpu = 00:00:37 ; elapsed = 00:00:30 . Memory (MB): peak = 3973.027 ; gain = 1005.992
Phase 2.4 Global Placement Core | Checksum: 19b7b0b52

Time (s): cpu = 00:00:37 ; elapsed = 00:00:30 . Memory (MB): peak = 3973.027 ; gain = 1005.992
Phase 2 Global Placement | Checksum: 19b7b0b52

Time (s): cpu = 00:00:37 ; elapsed = 00:00:30 . Memory (MB): peak = 3973.027 ; gain = 1005.992

Phase 3 Detail Placement

Phase 3.1 Commit Multi Column Macros
Phase 3.1 Commit Multi Column Macros | Checksum: 139828e95

Time (s): cpu = 00:00:38 ; elapsed = 00:00:31 . Memory (MB): peak = 3973.027 ; gain = 1005.992

Phase 3.2 Commit Most Macros & LUTRAMs
Phase 3.2 Commit Most Macros & LUTRAMs | Checksum: f76baf49

Time (s): cpu = 00:00:38 ; elapsed = 00:00:31 . Memory (MB): peak = 3973.027 ; gain = 1005.992

Phase 3.3 Small Shape DP

Phase 3.3.1 Small Shape Clustering
Phase 3.3.1 Small Shape Clustering | Checksum: 1395155ff

Time (s): cpu = 00:00:39 ; elapsed = 00:00:32 . Memory (MB): peak = 3973.027 ; gain = 1005.992

Phase 3.3.2 Flow Legalize Slice Clusters
Phase 3.3.2 Flow Legalize Slice Clusters | Checksum: 18d4226cc

Time (s): cpu = 00:00:39 ; elapsed = 00:00:32 . Memory (MB): peak = 3973.027 ; gain = 1005.992

Phase 3.3.3 Slice Area Swap

Phase 3.3.3.1 Slice Area Swap Initial
Phase 3.3.3.1 Slice Area Swap Initial | Checksum: e21611a2

Time (s): cpu = 00:00:40 ; elapsed = 00:00:32 . Memory (MB): peak = 3973.027 ; gain = 1005.992
Phase 3.3.3 Slice Area Swap | Checksum: e21611a2

Time (s): cpu = 00:00:40 ; elapsed = 00:00:32 . Memory (MB): peak = 3973.027 ; gain = 1005.992
Phase 3.3 Small Shape DP | Checksum: 25484ca9f

Time (s): cpu = 00:00:41 ; elapsed = 00:00:33 . Memory (MB): peak = 3973.027 ; gain = 1005.992

Phase 3.4 Re-assign LUT pins
Phase 3.4 Re-assign LUT pins | Checksum: 22a624e3e

Time (s): cpu = 00:00:42 ; elapsed = 00:00:34 . Memory (MB): peak = 3973.027 ; gain = 1005.992

Phase 3.5 Pipeline Register Optimization
Phase 3.5 Pipeline Register Optimization | Checksum: 19aee0eb5

Time (s): cpu = 00:00:42 ; elapsed = 00:00:34 . Memory (MB): peak = 3973.027 ; gain = 1005.992
Phase 3 Detail Placement | Checksum: 19aee0eb5

Time (s): cpu = 00:00:42 ; elapsed = 00:00:34 . Memory (MB): peak = 3973.027 ; gain = 1005.992

Phase 4 Post Placement Optimization and Clean-Up

Phase 4.1 Post Commit Optimization
INFO: [Timing 38-35] Done setting XDC timing constraints.

Phase 4.1.1 Post Placement Optimization
Post Placement Optimization Initialization | Checksum: 1ee89d3ae

Phase 4.1.1.1 BUFG Insertion

Starting Physical Synthesis Task

Phase 1 Physical Synthesis Initialization
INFO: [Physopt 32-721] Multithreading enabled for phys_opt_design using a maximum of 2 CPUs
INFO: [Physopt 32-619] Estimated Timing Summary | WNS=0.376 | TNS=0.000 |
Phase 1 Physical Synthesis Initialization | Checksum: 21d7249ae

Time (s): cpu = 00:00:00 ; elapsed = 00:00:00.109 . Memory (MB): peak = 3973.027 ; gain = 0.000
INFO: [Place 46-56] BUFG insertion identified 0 candidate nets. Inserted BUFG: 0, Replicated BUFG Driver: 0, Skipped due to Placement/Routing Conflicts: 0, Skipped due to Timing Degradation: 0, Skipped due to Illegal Netlist: 0.
Ending Physical Synthesis Task | Checksum: 1a8412298

Time (s): cpu = 00:00:00 ; elapsed = 00:00:00.143 . Memory (MB): peak = 3973.027 ; gain = 0.000
Phase 4.1.1.1 BUFG Insertion | Checksum: 1ee89d3ae

Time (s): cpu = 00:00:45 ; elapsed = 00:00:36 . Memory (MB): peak = 3973.027 ; gain = 1005.992

Phase 4.1.1.2 Post Placement Timing Optimization
INFO: [Place 30-746] Post Placement Timing Summary WNS=0.585. For the most accurate timing information please run report_timing.
Phase 4.1.1.2 Post Placement Timing Optimization | Checksum: 1f373610c

Time (s): cpu = 00:00:47 ; elapsed = 00:00:38 . Memory (MB): peak = 3973.027 ; gain = 1005.992

Time (s): cpu = 00:00:47 ; elapsed = 00:00:38 . Memory (MB): peak = 3973.027 ; gain = 1005.992
Phase 4.1 Post Commit Optimization | Checksum: 1f373610c

Time (s): cpu = 00:00:47 ; elapsed = 00:00:38 . Memory (MB): peak = 3973.027 ; gain = 1005.992
Netlist sorting complete. Time (s): cpu = 00:00:00 ; elapsed = 00:00:00.007 . Memory (MB): peak = 3973.027 ; gain = 0.000

Phase 4.2 Post Placement Cleanup
Phase 4.2 Post Placement Cleanup | Checksum: 26b5ce006

Time (s): cpu = 00:00:50 ; elapsed = 00:00:42 . Memory (MB): peak = 3973.027 ; gain = 1005.992

Phase 4.3 Placer Reporting

Phase 4.3.1 Print Estimated Congestion
INFO: [Place 30-612] Post-Placement Estimated Congestion 
 ________________________________________________________________________
|           | Global Congestion | Long Congestion   | Short Congestion  |
| Direction | Region Size       | Region Size       | Region Size       |
|___________|___________________|___________________|___________________|
|      North|                1x1|                1x1|                2x2|
|___________|___________________|___________________|___________________|
|      South|                1x1|                1x1|                1x1|
|___________|___________________|___________________|___________________|
|       East|                1x1|                1x1|                4x4|
|___________|___________________|___________________|___________________|
|       West|                2x2|                1x1|                4x4|
|___________|___________________|___________________|___________________|

Phase 4.3.1 Print Estimated Congestion | Checksum: 26b5ce006

Time (s): cpu = 00:00:50 ; elapsed = 00:00:42 . Memory (MB): peak = 3973.027 ; gain = 1005.992
Phase 4.3 Placer Reporting | Checksum: 26b5ce006

Time (s): cpu = 00:00:50 ; elapsed = 00:00:42 . Memory (MB): peak = 3973.027 ; gain = 1005.992

Phase 4.4 Final Placement Cleanup
Netlist sorting complete. Time (s): cpu = 00:00:00 ; elapsed = 00:00:00.008 . Memory (MB): peak = 3973.027 ; gain = 0.000

Time (s): cpu = 00:00:50 ; elapsed = 00:00:42 . Memory (MB): peak = 3973.027 ; gain = 1005.992
Phase 4 Post Placement Optimization and Clean-Up | Checksum: 285d9ca06

Time (s): cpu = 00:00:50 ; elapsed = 00:00:42 . Memory (MB): peak = 3973.027 ; gain = 1005.992
Ending Placer Task | Checksum: 1fdb9709f

Time (s): cpu = 00:00:50 ; elapsed = 00:00:42 . Memory (MB): peak = 3973.027 ; gain = 1005.992
INFO: [Common 17-83] Releasing license: Implementation
141 Infos, 19 Warnings, 2 Critical Warnings and 0 Errors encountered.
place_design completed successfully
place_design: Time (s): cpu = 00:00:53 ; elapsed = 00:00:43 . Memory (MB): peak = 3973.027 ; gain = 1005.992
INFO: [Timing 38-480] Writing timing data to binary archive.
Writing XDEF routing.
Writing XDEF routing logical nets.
Writing XDEF routing special nets.
Write XDEF Complete: Time (s): cpu = 00:00:02 ; elapsed = 00:00:00.563 . Memory (MB): peak = 3973.027 ; gain = 0.000
INFO: [Common 17-1381] The checkpoint 'D:/DMTS/MOLIT_Shoe_Schaner/Development/FPGA/Signal_Source_Control/Vivado/Signal_Souce_Control.runs/impl_1/Signal_Souce_Control_BD_wrapper_placed.dcp' has been generated.
INFO: [runtcl-4] Executing : report_io -file Signal_Souce_Control_BD_wrapper_io_placed.rpt
report_io: Time (s): cpu = 00:00:00 ; elapsed = 00:00:00.078 . Memory (MB): peak = 3973.027 ; gain = 0.000
INFO: [runtcl-4] Executing : report_utilization -file Signal_Souce_Control_BD_wrapper_utilization_placed.rpt -pb Signal_Souce_Control_BD_wrapper_utilization_placed.pb
INFO: [runtcl-4] Executing : report_control_sets -verbose -file Signal_Souce_Control_BD_wrapper_control_sets_placed.rpt
report_control_sets: Time (s): cpu = 00:00:00 ; elapsed = 00:00:00.017 . Memory (MB): peak = 3973.027 ; gain = 0.000
Command: phys_opt_design
Attempting to get a license for feature 'Implementation' and/or device 'xcku5p'
INFO: [Common 17-349] Got license for feature 'Implementation' and/or device 'xcku5p'

Starting Initial Update Timing Task

Time (s): cpu = 00:00:03 ; elapsed = 00:00:01 . Memory (MB): peak = 3973.027 ; gain = 0.000
INFO: [Vivado_Tcl 4-383] Design worst setup slack (WNS) is greater than or equal to 0.000 ns. Skipping all physical synthesis optimizations.
INFO: [Vivado_Tcl 4-232] No setup violation found. The netlist was not modified.
INFO: [Common 17-83] Releasing license: Implementation
150 Infos, 19 Warnings, 2 Critical Warnings and 0 Errors encountered.
phys_opt_design completed successfully
INFO: [Timing 38-480] Writing timing data to binary archive.
Writing XDEF routing.
Writing XDEF routing logical nets.
Writing XDEF routing special nets.
Write XDEF Complete: Time (s): cpu = 00:00:01 ; elapsed = 00:00:00.593 . Memory (MB): peak = 3973.027 ; gain = 0.000
INFO: [Common 17-1381] The checkpoint 'D:/DMTS/MOLIT_Shoe_Schaner/Development/FPGA/Signal_Source_Control/Vivado/Signal_Souce_Control.runs/impl_1/Signal_Souce_Control_BD_wrapper_physopt.dcp' has been generated.
Command: route_design
Attempting to get a license for feature 'Implementation' and/or device 'xcku5p'
INFO: [Common 17-349] Got license for feature 'Implementation' and/or device 'xcku5p'
Running DRC as a precondition to command route_design
INFO: [DRC 23-27] Running DRC with 2 threads
INFO: [Vivado_Tcl 4-198] DRC finished with 0 Errors
INFO: [Vivado_Tcl 4-199] Please refer to the DRC report (report_drc) for more information.


Starting Routing Task
INFO: [Route 35-254] Multithreading enabled for route_design using a maximum of 2 CPUs

Phase 1 Build RT Design
Checksum: PlaceDB: 8ba13bf9 ConstDB: 0 ShapeSum: fa2eb5ac RouteDB: 77e97efa
Nodegraph reading from file.  Time (s): cpu = 00:00:01 ; elapsed = 00:00:00.940 . Memory (MB): peak = 3973.027 ; gain = 0.000
Post Restoration Checksum: NetGraph: 9a8f5e7c NumContArr: fba7453 Constraints: 1aa6c274 Timing: 0
Phase 1 Build RT Design | Checksum: c4f09543

Time (s): cpu = 00:00:06 ; elapsed = 00:00:05 . Memory (MB): peak = 3973.027 ; gain = 0.000

Phase 2 Router Initialization

Phase 2.1 Fix Topology Constraints
Phase 2.1 Fix Topology Constraints | Checksum: c4f09543

Time (s): cpu = 00:00:06 ; elapsed = 00:00:05 . Memory (MB): peak = 3973.027 ; gain = 0.000

Phase 2.2 Pre Route Cleanup
Phase 2.2 Pre Route Cleanup | Checksum: c4f09543

Time (s): cpu = 00:00:06 ; elapsed = 00:00:05 . Memory (MB): peak = 3973.027 ; gain = 0.000

Phase 2.3 Global Clock Net Routing
 Number of Nodes with overlaps = 0
Phase 2.3 Global Clock Net Routing | Checksum: 1cc321459

Time (s): cpu = 00:00:07 ; elapsed = 00:00:06 . Memory (MB): peak = 3973.027 ; gain = 0.000

Phase 2.4 Update Timing
Phase 2.4 Update Timing | Checksum: 21e233e62

Time (s): cpu = 00:00:09 ; elapsed = 00:00:07 . Memory (MB): peak = 3973.027 ; gain = 0.000
INFO: [Route 35-416] Intermediate Timing Summary | WNS=0.710  | TNS=0.000  | WHS=-0.056 | THS=-1.705 |


Router Utilization Summary
  Global Vertical Routing Utilization    = 0.00156005 %
  Global Horizontal Routing Utilization  = 0.00354747 %
  Routable Net Status*
  *Does not include unroutable nets such as driverless and loadless.
  Run report_route_status for detailed report.
  Number of Failed Nets               = 4326
    (Failed Nets is the sum of unrouted and partially routed nets)
  Number of Unrouted Nets             = 3568
  Number of Partially Routed Nets     = 758
  Number of Node Overlaps             = 0

Phase 2 Router Initialization | Checksum: 2d4f1b461

Time (s): cpu = 00:00:11 ; elapsed = 00:00:08 . Memory (MB): peak = 3973.027 ; gain = 0.000

Phase 3 Initial Routing

Phase 3.1 Global Routing
Phase 3.1 Global Routing | Checksum: 2d4f1b461

Time (s): cpu = 00:00:11 ; elapsed = 00:00:09 . Memory (MB): peak = 3973.027 ; gain = 0.000
Phase 3 Initial Routing | Checksum: 14304a245

Time (s): cpu = 00:00:13 ; elapsed = 00:00:10 . Memory (MB): peak = 3973.027 ; gain = 0.000

Phase 4 Rip-up And Reroute

Phase 4.1 Global Iteration 0
 Number of Nodes with overlaps = 931
 Number of Nodes with overlaps = 112
 Number of Nodes with overlaps = 21
 Number of Nodes with overlaps = 6
 Number of Nodes with overlaps = 2
 Number of Nodes with overlaps = 3
 Number of Nodes with overlaps = 0
INFO: [Route 35-416] Intermediate Timing Summary | WNS=0.363  | TNS=0.000  | WHS=-0.538 | THS=-1.635 |

Phase 4.1 Global Iteration 0 | Checksum: 1cc13248d

Time (s): cpu = 00:00:21 ; elapsed = 00:00:16 . Memory (MB): peak = 3973.027 ; gain = 0.000

Phase 4.2 Global Iteration 1
 Number of Nodes with overlaps = 1
 Number of Nodes with overlaps = 0
INFO: [Route 35-416] Intermediate Timing Summary | WNS=0.363  | TNS=0.000  | WHS=N/A    | THS=N/A    |

Phase 4.2 Global Iteration 1 | Checksum: 217d5e4a2

Time (s): cpu = 00:00:22 ; elapsed = 00:00:16 . Memory (MB): peak = 3973.027 ; gain = 0.000
Phase 4 Rip-up And Reroute | Checksum: 217d5e4a2

Time (s): cpu = 00:00:22 ; elapsed = 00:00:16 . Memory (MB): peak = 3973.027 ; gain = 0.000

Phase 5 Delay and Skew Optimization

Phase 5.1 Delay CleanUp
Phase 5.1 Delay CleanUp | Checksum: 27052cade

Time (s): cpu = 00:00:22 ; elapsed = 00:00:16 . Memory (MB): peak = 3973.027 ; gain = 0.000

Phase 5.2 Clock Skew Optimization
Phase 5.2 Clock Skew Optimization | Checksum: 27052cade

Time (s): cpu = 00:00:22 ; elapsed = 00:00:16 . Memory (MB): peak = 3973.027 ; gain = 0.000
Phase 5 Delay and Skew Optimization | Checksum: 27052cade

Time (s): cpu = 00:00:22 ; elapsed = 00:00:16 . Memory (MB): peak = 3973.027 ; gain = 0.000

Phase 6 Post Hold Fix

Phase 6.1 Hold Fix Iter

Phase 6.1.1 Update Timing
Phase 6.1.1 Update Timing | Checksum: 23a731a38

Time (s): cpu = 00:00:23 ; elapsed = 00:00:16 . Memory (MB): peak = 3973.027 ; gain = 0.000
INFO: [Route 35-416] Intermediate Timing Summary | WNS=0.363  | TNS=0.000  | WHS=0.018  | THS=0.000  |

Phase 6.1 Hold Fix Iter | Checksum: 2e450c5f3

Time (s): cpu = 00:00:23 ; elapsed = 00:00:17 . Memory (MB): peak = 3973.027 ; gain = 0.000
Phase 6 Post Hold Fix | Checksum: 2e450c5f3

Time (s): cpu = 00:00:23 ; elapsed = 00:00:17 . Memory (MB): peak = 3973.027 ; gain = 0.000

Phase 7 Route finalize

Router Utilization Summary
  Global Vertical Routing Utilization    = 0.309847 %
  Global Horizontal Routing Utilization  = 0.321772 %
  Routable Net Status*
  *Does not include unroutable nets such as driverless and loadless.
  Run report_route_status for detailed report.
  Number of Failed Nets               = 0
    (Failed Nets is the sum of unrouted and partially routed nets)
  Number of Unrouted Nets             = 0
  Number of Partially Routed Nets     = 0
  Number of Node Overlaps             = 0

Phase 7 Route finalize | Checksum: 203485487

Time (s): cpu = 00:00:23 ; elapsed = 00:00:17 . Memory (MB): peak = 3973.027 ; gain = 0.000

Phase 8 Verifying routed nets

 Verification completed successfully
Phase 8 Verifying routed nets | Checksum: 203485487

Time (s): cpu = 00:00:23 ; elapsed = 00:00:17 . Memory (MB): peak = 3973.027 ; gain = 0.000

Phase 9 Depositing Routes
Phase 9 Depositing Routes | Checksum: 203485487

Time (s): cpu = 00:00:24 ; elapsed = 00:00:17 . Memory (MB): peak = 3973.027 ; gain = 0.000

Phase 10 Resolve XTalk
Phase 10 Resolve XTalk | Checksum: 203485487

Time (s): cpu = 00:00:24 ; elapsed = 00:00:17 . Memory (MB): peak = 3973.027 ; gain = 0.000

Phase 11 Post Router Timing
INFO: [Route 35-57] Estimated Timing Summary | WNS=0.363  | TNS=0.000  | WHS=0.018  | THS=0.000  |

INFO: [Route 35-327] The final timing numbers are based on the router estimated timing analysis. For a complete and accurate timing signoff, please run report_timing_summary.
Phase 11 Post Router Timing | Checksum: 203485487

Time (s): cpu = 00:00:24 ; elapsed = 00:00:17 . Memory (MB): peak = 3973.027 ; gain = 0.000
INFO: [Route 35-16] Router Completed Successfully

Time (s): cpu = 00:00:24 ; elapsed = 00:00:17 . Memory (MB): peak = 3973.027 ; gain = 0.000

Routing Is Done.
INFO: [Common 17-83] Releasing license: Implementation
165 Infos, 19 Warnings, 2 Critical Warnings and 0 Errors encountered.
route_design completed successfully
route_design: Time (s): cpu = 00:00:27 ; elapsed = 00:00:19 . Memory (MB): peak = 3973.027 ; gain = 0.000
INFO: [Timing 38-480] Writing timing data to binary archive.
Writing XDEF routing.
Writing XDEF routing logical nets.
Writing XDEF routing special nets.
Write XDEF Complete: Time (s): cpu = 00:00:02 ; elapsed = 00:00:00.606 . Memory (MB): peak = 3973.027 ; gain = 0.000
INFO: [Common 17-1381] The checkpoint 'D:/DMTS/MOLIT_Shoe_Schaner/Development/FPGA/Signal_Source_Control/Vivado/Signal_Souce_Control.runs/impl_1/Signal_Souce_Control_BD_wrapper_routed.dcp' has been generated.
INFO: [runtcl-4] Executing : report_drc -file Signal_Souce_Control_BD_wrapper_drc_routed.rpt -pb Signal_Souce_Control_BD_wrapper_drc_routed.pb -rpx Signal_Souce_Control_BD_wrapper_drc_routed.rpx
Command: report_drc -file Signal_Souce_Control_BD_wrapper_drc_routed.rpt -pb Signal_Souce_Control_BD_wrapper_drc_routed.pb -rpx Signal_Souce_Control_BD_wrapper_drc_routed.rpx
INFO: [IP_Flow 19-1839] IP Catalog is up to date.
INFO: [DRC 23-27] Running DRC with 2 threads
INFO: [Vivado_Tcl 2-168] The results of DRC are in file D:/DMTS/MOLIT_Shoe_Schaner/Development/FPGA/Signal_Source_Control/Vivado/Signal_Souce_Control.runs/impl_1/Signal_Souce_Control_BD_wrapper_drc_routed.rpt.
report_drc completed successfully
INFO: [runtcl-4] Executing : report_methodology -file Signal_Souce_Control_BD_wrapper_methodology_drc_routed.rpt -pb Signal_Souce_Control_BD_wrapper_methodology_drc_routed.pb -rpx Signal_Souce_Control_BD_wrapper_methodology_drc_routed.rpx
Command: report_methodology -file Signal_Souce_Control_BD_wrapper_methodology_drc_routed.rpt -pb Signal_Souce_Control_BD_wrapper_methodology_drc_routed.pb -rpx Signal_Souce_Control_BD_wrapper_methodology_drc_routed.rpx
INFO: [Timing 38-35] Done setting XDC timing constraints.
INFO: [DRC 23-133] Running Methodology with 2 threads
INFO: [Vivado_Tcl 2-1520] The results of Report Methodology are in file D:/DMTS/MOLIT_Shoe_Schaner/Development/FPGA/Signal_Source_Control/Vivado/Signal_Souce_Control.runs/impl_1/Signal_Souce_Control_BD_wrapper_methodology_drc_routed.rpt.
report_methodology completed successfully
INFO: [runtcl-4] Executing : report_power -file Signal_Souce_Control_BD_wrapper_power_routed.rpt -pb Signal_Souce_Control_BD_wrapper_power_summary_routed.pb -rpx Signal_Souce_Control_BD_wrapper_power_routed.rpx
Command: report_power -file Signal_Souce_Control_BD_wrapper_power_routed.rpt -pb Signal_Souce_Control_BD_wrapper_power_summary_routed.pb -rpx Signal_Souce_Control_BD_wrapper_power_routed.rpx
INFO: [Timing 38-35] Done setting XDC timing constraints.
Running Vector-less Activity Propagation...

Finished Running Vector-less Activity Propagation
WARNING: [Power 33-332] Found switching activity that implies high-fanout reset nets being asserted for excessive periods of time which may result in inaccurate power analysis.
Resolution: To review and fix problems, please run Power Constraints Advisor in the GUI from Tools > Power Constraints Advisor or run report_power with the -advisory option to generate a text report.
177 Infos, 20 Warnings, 2 Critical Warnings and 0 Errors encountered.
report_power completed successfully
report_power: Time (s): cpu = 00:00:07 ; elapsed = 00:00:06 . Memory (MB): peak = 3973.027 ; gain = 0.000
INFO: [runtcl-4] Executing : report_route_status -file Signal_Souce_Control_BD_wrapper_route_status.rpt -pb Signal_Souce_Control_BD_wrapper_route_status.pb
INFO: [runtcl-4] Executing : report_timing_summary -max_paths 10 -report_unconstrained -file Signal_Souce_Control_BD_wrapper_timing_summary_routed.rpt -pb Signal_Souce_Control_BD_wrapper_timing_summary_routed.pb -rpx Signal_Souce_Control_BD_wrapper_timing_summary_routed.rpx -warn_on_violation 
INFO: [Timing 38-91] UpdateTimingParams: Speed grade: -2, Temperature grade: E, Delay Type: min_max.
INFO: [Timing 38-191] Multithreading enabled for timing update using a maximum of 2 CPUs
INFO: [runtcl-4] Executing : report_incremental_reuse -file Signal_Souce_Control_BD_wrapper_incremental_reuse_routed.rpt
INFO: [Vivado_Tcl 4-1062] Incremental flow is disabled. No incremental reuse Info to report.
INFO: [runtcl-4] Executing : report_clock_utilization -file Signal_Souce_Control_BD_wrapper_clock_utilization_routed.rpt
INFO: [runtcl-4] Executing : report_bus_skew -warn_on_violation -file Signal_Souce_Control_BD_wrapper_bus_skew_routed.rpt -pb Signal_Souce_Control_BD_wrapper_bus_skew_routed.pb -rpx Signal_Souce_Control_BD_wrapper_bus_skew_routed.rpx
INFO: [Timing 38-91] UpdateTimingParams: Speed grade: -2, Temperature grade: E, Delay Type: min_max.
INFO: [Timing 38-191] Multithreading enabled for timing update using a maximum of 2 CPUs
INFO: [Memdata 28-167] Found XPM memory block Signal_Souce_Control_BD_i/axi_quad_spi_1/U0/NO_DUAL_QUAD_MODE.QSPI_NORMAL/QSPI_ENHANCED_MD_GEN.QSPI_CORE_INTERFACE_I/FIFO_EXISTS.TX_FIFO_II/xpm_fifo_instance.xpm_fifo_async_inst/gnuram_async_fifo.xpm_fifo_base_inst/gen_sdpram.xpm_memory_base_inst with a P_MEMORY_PRIMITIVE property set to auto. A value of block is required. You will not be able to use the updatemem program to update the bitstream with new data for the Signal_Souce_Control_BD_i/axi_quad_spi_1/U0/NO_DUAL_QUAD_MODE.QSPI_NORMAL/QSPI_ENHANCED_MD_GEN.QSPI_CORE_INTERFACE_I/FIFO_EXISTS.TX_FIFO_II/xpm_fifo_instance.xpm_fifo_async_inst/gnuram_async_fifo.xpm_fifo_base_inst/gen_sdpram.xpm_memory_base_inst block.
INFO: [Memdata 28-167] Found XPM memory block Signal_Souce_Control_BD_i/axi_quad_spi_1/U0/NO_DUAL_QUAD_MODE.QSPI_NORMAL/QSPI_ENHANCED_MD_GEN.QSPI_CORE_INTERFACE_I/FIFO_EXISTS.RX_FIFO_II/gnuram_async_fifo.xpm_fifo_base_inst/gen_sdpram.xpm_memory_base_inst with a P_MEMORY_PRIMITIVE property set to auto. A value of block is required. You will not be able to use the updatemem program to update the bitstream with new data for the Signal_Souce_Control_BD_i/axi_quad_spi_1/U0/NO_DUAL_QUAD_MODE.QSPI_NORMAL/QSPI_ENHANCED_MD_GEN.QSPI_CORE_INTERFACE_I/FIFO_EXISTS.RX_FIFO_II/gnuram_async_fifo.xpm_fifo_base_inst/gen_sdpram.xpm_memory_base_inst block.
INFO: [Memdata 28-167] Found XPM memory block Signal_Souce_Control_BD_i/axi_quad_spi_0/U0/NO_DUAL_QUAD_MODE.QSPI_NORMAL/QSPI_ENHANCED_MD_GEN.QSPI_CORE_INTERFACE_I/FIFO_EXISTS.TX_FIFO_II/xpm_fifo_instance.xpm_fifo_async_inst/gnuram_async_fifo.xpm_fifo_base_inst/gen_sdpram.xpm_memory_base_inst with a P_MEMORY_PRIMITIVE property set to auto. A value of block is required. You will not be able to use the updatemem program to update the bitstream with new data for the Signal_Souce_Control_BD_i/axi_quad_spi_0/U0/NO_DUAL_QUAD_MODE.QSPI_NORMAL/QSPI_ENHANCED_MD_GEN.QSPI_CORE_INTERFACE_I/FIFO_EXISTS.TX_FIFO_II/xpm_fifo_instance.xpm_fifo_async_inst/gnuram_async_fifo.xpm_fifo_base_inst/gen_sdpram.xpm_memory_base_inst block.
INFO: [Memdata 28-167] Found XPM memory block Signal_Souce_Control_BD_i/axi_quad_spi_0/U0/NO_DUAL_QUAD_MODE.QSPI_NORMAL/QSPI_ENHANCED_MD_GEN.QSPI_CORE_INTERFACE_I/FIFO_EXISTS.RX_FIFO_II/gnuram_async_fifo.xpm_fifo_base_inst/gen_sdpram.xpm_memory_base_inst with a P_MEMORY_PRIMITIVE property set to auto. A value of block is required. You will not be able to use the updatemem program to update the bitstream with new data for the Signal_Souce_Control_BD_i/axi_quad_spi_0/U0/NO_DUAL_QUAD_MODE.QSPI_NORMAL/QSPI_ENHANCED_MD_GEN.QSPI_CORE_INTERFACE_I/FIFO_EXISTS.RX_FIFO_II/gnuram_async_fifo.xpm_fifo_base_inst/gen_sdpram.xpm_memory_base_inst block.
Command: write_bitstream -force Signal_Souce_Control_BD_wrapper.bit -bin_file
Attempting to get a license for feature 'Implementation' and/or device 'xcku5p'
INFO: [Common 17-349] Got license for feature 'Implementation' and/or device 'xcku5p'
Running DRC as a precondition to command write_bitstream
INFO: [IP_Flow 19-1839] IP Catalog is up to date.
INFO: [DRC 23-27] Running DRC with 2 threads
INFO: [Vivado 12-3199] DRC finished with 0 Errors
INFO: [Vivado 12-3200] Please refer to the DRC report (report_drc) for more information.
Generating merged BMM file for the design top 'Signal_Souce_Control_BD_wrapper'...
INFO: [Memdata 28-144] Successfully populated the BRAM INIT strings from the following elf files: D:/DMTS/MOLIT_Shoe_Schaner/Development/FPGA/Signal_Source_Control/Vitis/Signal_Source_Control_App/Debug/Signal_Source_Control_App.elf 
INFO: [Designutils 20-2272] Running write_bitstream with 2 threads.
Loading data files...
Loading site data...
Loading route data...
Processing options...
Creating bitmap...
Creating bitstream...
Bitstream compression saved 85288480 bits.
Writing bitstream ./Signal_Souce_Control_BD_wrapper.bit...
Writing bitstream ./Signal_Souce_Control_BD_wrapper.bin...
INFO: [Vivado 12-1842] Bitgen Completed Successfully.
INFO: [Project 1-1876] WebTalk data collection is mandatory when using a ULT device. To see the specific WebTalk data collected for your design, open the usage_statistics_webtalk.html or usage_statistics_webtalk.xml file in the implementation directory.
INFO: [Common 17-83] Releasing license: Implementation
17 Infos, 0 Warnings, 0 Critical Warnings and 0 Errors encountered.
write_bitstream completed successfully
write_bitstream: Time (s): cpu = 00:00:37 ; elapsed = 00:00:34 . Memory (MB): peak = 3973.027 ; gain = 0.000
INFO: [Common 17-206] Exiting Vivado at Fri May 26 16:11:19 2023...
