Copyright 1986-2022 Xilinx, Inc. All Rights Reserved.
---------------------------------------------------------------------------------------------------------------------------------------------------------------------------------------
| Tool Version : Vivado v.2022.2 (win64) Build 3671981 Fri Oct 14 05:00:03 MDT 2022
| Date         : Tue May  9 15:47:35 2023
| Host         : DESKTOP-LJ1PS58 running 64-bit major release  (build 9200)
| Command      : report_drc -file Signal_Souce_Control_BD_wrapper_drc_routed.rpt -pb Signal_Souce_Control_BD_wrapper_drc_routed.pb -rpx Signal_Souce_Control_BD_wrapper_drc_routed.rpx
| Design       : Signal_Souce_Control_BD_wrapper
| Device       : xcku5p-ffvb676-2-e
| Speed File   : -2
| Design State : Fully Routed
---------------------------------------------------------------------------------------------------------------------------------------------------------------------------------------

Report DRC

Table of Contents
-----------------
1. REPORT SUMMARY
2. REPORT DETAILS

1. REPORT SUMMARY
-----------------
            Netlist: netlist
          Floorplan: design_1
      Design limits: <entire design considered>
           Ruledeck: default
             Max violations: <unlimited>
             Violations found: 0
+------+----------+-------------+------------+
| Rule | Severity | Description | Violations |
+------+----------+-------------+------------+
+------+----------+-------------+------------+

2. REPORT DETAILS
-----------------

